2022-03-28 19:32:29,779 [main] INFO  -[StartupInfoLogger.java:55]- Starting DeepfakeApplication using Java 1.8.0_261 on LZD-20210917XHH with PID 16256 (D:\workplace\deep-fake-p-backend\target\classes started by Administrator in D:\workplace\deep-fake-p-backend)
2022-03-28 19:32:29,784 [main] INFO  -[SpringApplication.java:659]- No active profile set, falling back to default profiles: default
2022-03-28 19:32:35,915 [main] INFO  -[StartupInfoLogger.java:61]- Started DeepfakeApplication in 6.457 seconds (JVM running for 7.145)
2022-03-28 19:42:51,729 [main] INFO  -[StartupInfoLogger.java:55]- Starting DeepfakeApplication using Java 1.8.0_261 on LZD-20210917XHH with PID 16296 (D:\workplace\deep-fake-p-backend\target\classes started by Administrator in D:\workplace\deep-fake-p-backend)
2022-03-28 19:42:51,733 [main] INFO  -[SpringApplication.java:659]- No active profile set, falling back to default profiles: default
2022-03-28 19:42:57,229 [main] INFO  -[StartupInfoLogger.java:61]- Started DeepfakeApplication in 5.771 seconds (JVM running for 6.316)
2022-03-28 20:01:36,534 [main] INFO  -[StartupInfoLogger.java:55]- Starting InitAdversarialDetectionDatabaseTest using Java 1.8.0_261 on LZD-20210917XHH with PID 15504 (started by Administrator in D:\workplace\deep-fake-p-backend)
2022-03-28 20:01:36,536 [main] INFO  -[SpringApplication.java:659]- No active profile set, falling back to default profiles: default
2022-03-28 20:01:45,417 [main] INFO  -[StartupInfoLogger.java:61]- Started InitAdversarialDetectionDatabaseTest in 9.137 seconds (JVM running for 10.052)
2022-03-28 20:02:18,977 [main] INFO  -[StartupInfoLogger.java:55]- Starting InitAdversarialDetectionDatabaseTest using Java 1.8.0_261 on LZD-20210917XHH with PID 15548 (started by Administrator in D:\workplace\deep-fake-p-backend)
2022-03-28 20:02:18,978 [main] INFO  -[SpringApplication.java:659]- No active profile set, falling back to default profiles: default
2022-03-28 20:02:29,800 [main] INFO  -[StartupInfoLogger.java:61]- Started InitAdversarialDetectionDatabaseTest in 11.164 seconds (JVM running for 12.723)
2022-03-28 20:04:02,767 [main] INFO  -[StartupInfoLogger.java:55]- Starting InitAdversarialDetectionDatabaseTest using Java 1.8.0_261 on LZD-20210917XHH with PID 2808 (started by Administrator in D:\workplace\deep-fake-p-backend)
2022-03-28 20:04:02,769 [main] INFO  -[SpringApplication.java:659]- No active profile set, falling back to default profiles: default
2022-03-28 20:04:11,260 [main] INFO  -[StartupInfoLogger.java:61]- Started InitAdversarialDetectionDatabaseTest in 8.746 seconds (JVM running for 9.631)
2022-03-28 20:09:47,475 [main] INFO  -[StartupInfoLogger.java:55]- Starting InitAdversarialDetectionDatabaseTest using Java 1.8.0_261 on LZD-20210917XHH with PID 17216 (started by Administrator in D:\workplace\deep-fake-p-backend)
2022-03-28 20:09:47,477 [main] INFO  -[SpringApplication.java:659]- No active profile set, falling back to default profiles: default
2022-03-28 20:09:58,887 [main] INFO  -[StartupInfoLogger.java:61]- Started InitAdversarialDetectionDatabaseTest in 11.689 seconds (JVM running for 13.201)
2022-03-28 20:16:59,109 [main] INFO  -[StartupInfoLogger.java:55]- Starting InitAdversarialDetectionDatabaseTest using Java 1.8.0_261 on LZD-20210917XHH with PID 13740 (started by Administrator in D:\workplace\deep-fake-p-backend)
2022-03-28 20:16:59,110 [main] INFO  -[SpringApplication.java:659]- No active profile set, falling back to default profiles: default
2022-03-28 20:17:10,178 [main] INFO  -[StartupInfoLogger.java:61]- Started InitAdversarialDetectionDatabaseTest in 11.355 seconds (JVM running for 12.568)
2022-03-28 20:18:19,979 [main] INFO  -[StartupInfoLogger.java:55]- Starting InitAdversarialDetectionDatabaseTest using Java 1.8.0_261 on LZD-20210917XHH with PID 18912 (started by Administrator in D:\workplace\deep-fake-p-backend)
2022-03-28 20:18:19,981 [main] INFO  -[SpringApplication.java:659]- No active profile set, falling back to default profiles: default
2022-03-28 20:18:30,778 [main] INFO  -[StartupInfoLogger.java:61]- Started InitAdversarialDetectionDatabaseTest in 11.085 seconds (JVM running for 12.197)
2022-03-28 20:19:09,838 [main] INFO  -[StartupInfoLogger.java:55]- Starting InitAdversarialDetectionDatabaseTest using Java 1.8.0_261 on LZD-20210917XHH with PID 13664 (started by Administrator in D:\workplace\deep-fake-p-backend)
2022-03-28 20:19:09,840 [main] INFO  -[SpringApplication.java:659]- No active profile set, falling back to default profiles: default
2022-03-28 20:19:19,803 [main] INFO  -[StartupInfoLogger.java:61]- Started InitAdversarialDetectionDatabaseTest in 10.254 seconds (JVM running for 11.352)
2022-03-28 20:24:35,377 [main] INFO  -[StartupInfoLogger.java:55]- Starting InitAdversarialDetectionDatabaseTest using Java 1.8.0_261 on LZD-20210917XHH with PID 19204 (started by Administrator in D:\workplace\deep-fake-p-backend)
2022-03-28 20:24:35,379 [main] INFO  -[SpringApplication.java:659]- No active profile set, falling back to default profiles: default
2022-03-28 20:24:43,630 [main] INFO  -[StartupInfoLogger.java:61]- Started InitAdversarialDetectionDatabaseTest in 8.514 seconds (JVM running for 9.526)
2022-03-28 20:25:13,720 [main] INFO  -[StartupInfoLogger.java:55]- Starting DeepfakeApplication using Java 1.8.0_261 on LZD-20210917XHH with PID 14388 (D:\workplace\deep-fake-p-backend\target\classes started by Administrator in D:\workplace\deep-fake-p-backend)
2022-03-28 20:25:13,723 [main] INFO  -[SpringApplication.java:659]- No active profile set, falling back to default profiles: default
2022-03-28 20:25:18,987 [main] INFO  -[StartupInfoLogger.java:61]- Started DeepfakeApplication in 5.537 seconds (JVM running for 6.062)
2022-03-28 20:26:34,247 [main] INFO  -[StartupInfoLogger.java:55]- Starting InitAdversarialDetectionDatabaseTest using Java 1.8.0_261 on LZD-20210917XHH with PID 13536 (started by Administrator in D:\workplace\deep-fake-p-backend)
2022-03-28 20:26:34,249 [main] INFO  -[SpringApplication.java:659]- No active profile set, falling back to default profiles: default
2022-03-28 20:26:44,315 [main] INFO  -[StartupInfoLogger.java:61]- Started InitAdversarialDetectionDatabaseTest in 10.29 seconds (JVM running for 11.033)
2022-03-28 20:27:51,719 [main] INFO  -[StartupInfoLogger.java:55]- Starting InitAdversarialDetectionDatabaseTest using Java 1.8.0_261 on LZD-20210917XHH with PID 17136 (started by Administrator in D:\workplace\deep-fake-p-backend)
2022-03-28 20:27:51,720 [main] INFO  -[SpringApplication.java:659]- No active profile set, falling back to default profiles: default
2022-03-28 20:28:00,152 [main] INFO  -[StartupInfoLogger.java:61]- Started InitAdversarialDetectionDatabaseTest in 8.652 seconds (JVM running for 9.391)
