2022-03-11 15:25:53,431 [main] INFO  -[StartupInfoLogger.java:55]- Starting DeepfakeApplication using Java 1.8.0_261 on LZD-20210917XHH with PID 13720 (D:\workplace\deep-fake-p-backend\target\classes started by Administrator in D:\workplace\deep-fake-p-backend)
2022-03-11 15:25:53,434 [main] INFO  -[SpringApplication.java:659]- No active profile set, falling back to default profiles: default
2022-03-11 15:25:57,918 [main] INFO  -[StartupInfoLogger.java:61]- Started DeepfakeApplication in 4.745 seconds (JVM running for 5.214)
2022-03-11 15:29:48,671 [main] INFO  -[StartupInfoLogger.java:55]- Starting DeepfakeApplication using Java 1.8.0_261 on LZD-20210917XHH with PID 18180 (D:\workplace\deep-fake-p-backend\target\classes started by Administrator in D:\workplace\deep-fake-p-backend)
2022-03-11 15:29:48,675 [main] INFO  -[SpringApplication.java:659]- No active profile set, falling back to default profiles: default
2022-03-11 15:29:52,881 [main] INFO  -[StartupInfoLogger.java:61]- Started DeepfakeApplication in 4.467 seconds (JVM running for 4.933)
2022-03-11 15:31:45,552 [main] INFO  -[StartupInfoLogger.java:55]- Starting DeepfakeApplication using Java 1.8.0_261 on LZD-20210917XHH with PID 8188 (D:\workplace\deep-fake-p-backend\target\classes started by Administrator in D:\workplace\deep-fake-p-backend)
2022-03-11 15:31:45,555 [main] INFO  -[SpringApplication.java:659]- No active profile set, falling back to default profiles: default
2022-03-11 15:31:50,459 [main] INFO  -[StartupInfoLogger.java:61]- Started DeepfakeApplication in 5.189 seconds (JVM running for 5.818)
2022-03-11 15:33:09,418 [main] INFO  -[StartupInfoLogger.java:55]- Starting DeepfakeApplication using Java 1.8.0_261 on LZD-20210917XHH with PID 18500 (D:\workplace\deep-fake-p-backend\target\classes started by Administrator in D:\workplace\deep-fake-p-backend)
2022-03-11 15:33:09,421 [main] INFO  -[SpringApplication.java:659]- No active profile set, falling back to default profiles: default
2022-03-11 15:33:14,183 [main] INFO  -[StartupInfoLogger.java:61]- Started DeepfakeApplication in 5.076 seconds (JVM running for 5.654)
2022-03-11 15:34:43,413 [main] INFO  -[StartupInfoLogger.java:55]- Starting DeepfakeApplication using Java 1.8.0_261 on LZD-20210917XHH with PID 14352 (D:\workplace\deep-fake-p-backend\target\classes started by Administrator in D:\workplace\deep-fake-p-backend)
2022-03-11 15:34:43,415 [main] INFO  -[SpringApplication.java:659]- No active profile set, falling back to default profiles: default
2022-03-11 15:34:48,227 [main] INFO  -[StartupInfoLogger.java:61]- Started DeepfakeApplication in 5.108 seconds (JVM running for 5.732)
2022-03-11 15:48:27,749 [main] INFO  -[StartupInfoLogger.java:55]- Starting DeepfakeApplication using Java 1.8.0_261 on LZD-20210917XHH with PID 16744 (D:\workplace\deep-fake-p-backend\target\classes started by Administrator in D:\workplace\deep-fake-p-backend)
2022-03-11 15:48:27,751 [main] INFO  -[SpringApplication.java:659]- No active profile set, falling back to default profiles: default
2022-03-11 15:48:31,964 [main] INFO  -[StartupInfoLogger.java:61]- Started DeepfakeApplication in 4.459 seconds (JVM running for 4.921)
2022-03-11 16:01:29,095 [main] INFO  -[StartupInfoLogger.java:55]- Starting DeepfakeApplication using Java 1.8.0_261 on LZD-20210917XHH with PID 16192 (D:\workplace\deep-fake-p-backend\target\classes started by Administrator in D:\workplace\deep-fake-p-backend)
2022-03-11 16:01:29,097 [main] INFO  -[SpringApplication.java:659]- No active profile set, falling back to default profiles: default
2022-03-11 16:01:33,478 [main] INFO  -[StartupInfoLogger.java:61]- Started DeepfakeApplication in 4.635 seconds (JVM running for 5.161)
2022-03-11 16:02:10,616 [main] INFO  -[StartupInfoLogger.java:55]- Starting DeepfakeApplication using Java 1.8.0_261 on LZD-20210917XHH with PID 15500 (D:\workplace\deep-fake-p-backend\target\classes started by Administrator in D:\workplace\deep-fake-p-backend)
2022-03-11 16:02:10,618 [main] INFO  -[SpringApplication.java:659]- No active profile set, falling back to default profiles: default
2022-03-11 16:02:14,907 [main] INFO  -[StartupInfoLogger.java:61]- Started DeepfakeApplication in 4.557 seconds (JVM running for 5.028)
2022-03-11 16:03:06,199 [main] INFO  -[StartupInfoLogger.java:55]- Starting DeepfakeApplication using Java 1.8.0_261 on LZD-20210917XHH with PID 14136 (D:\workplace\deep-fake-p-backend\target\classes started by Administrator in D:\workplace\deep-fake-p-backend)
2022-03-11 16:03:06,201 [main] INFO  -[SpringApplication.java:659]- No active profile set, falling back to default profiles: default
2022-03-11 16:03:10,581 [main] INFO  -[StartupInfoLogger.java:61]- Started DeepfakeApplication in 4.634 seconds (JVM running for 5.134)
2022-03-11 16:04:41,429 [main] INFO  -[StartupInfoLogger.java:55]- Starting DeepfakeApplication using Java 1.8.0_261 on LZD-20210917XHH with PID 20204 (D:\workplace\deep-fake-p-backend\target\classes started by Administrator in D:\workplace\deep-fake-p-backend)
2022-03-11 16:04:41,431 [main] INFO  -[SpringApplication.java:659]- No active profile set, falling back to default profiles: default
2022-03-11 16:04:42,201 [main] INFO  -[RepositoryConfigurationDelegate.java:262]- Multiple Spring Data modules found, entering strict repository configuration mode!
2022-03-11 16:04:42,202 [main] INFO  -[RepositoryConfigurationDelegate.java:132]- Bootstrapping Spring Data JPA repositories in DEFAULT mode.
2022-03-11 16:04:42,283 [main] INFO  -[RepositoryConfigurationDelegate.java:201]- Finished Spring Data repository scanning in 74 ms. Found 13 JPA repository interfaces.
2022-03-11 16:04:42,299 [main] INFO  -[RepositoryConfigurationDelegate.java:262]- Multiple Spring Data modules found, entering strict repository configuration mode!
2022-03-11 16:04:42,300 [main] INFO  -[RepositoryConfigurationDelegate.java:132]- Bootstrapping Spring Data Redis repositories in DEFAULT mode.
2022-03-11 16:04:42,311 [main] INFO  -[RepositoryConfigurationExtensionSupport.java:349]- Spring Data Redis - Could not safely identify store assignment for repository candidate interface com.pharaoh.deepfake.repository.AdversarialDetectionRepository. If you want this repository to be a Redis repository, consider annotating your entities with one of these annotations: org.springframework.data.redis.core.RedisHash (preferred), or consider extending one of the following types with your repository: org.springframework.data.keyvalue.repository.KeyValueRepository.
2022-03-11 16:04:42,312 [main] INFO  -[RepositoryConfigurationExtensionSupport.java:349]- Spring Data Redis - Could not safely identify store assignment for repository candidate interface com.pharaoh.deepfake.repository.DeepfakeDetectionRepository. If you want this repository to be a Redis repository, consider annotating your entities with one of these annotations: org.springframework.data.redis.core.RedisHash (preferred), or consider extending one of the following types with your repository: org.springframework.data.keyvalue.repository.KeyValueRepository.
2022-03-11 16:04:42,312 [main] INFO  -[RepositoryConfigurationExtensionSupport.java:349]- Spring Data Redis - Could not safely identify store assignment for repository candidate interface com.pharaoh.deepfake.repository.DeepfakesVideoDatasetRepository. If you want this repository to be a Redis repository, consider annotating your entities with one of these annotations: org.springframework.data.redis.core.RedisHash (preferred), or consider extending one of the following types with your repository: org.springframework.data.keyvalue.repository.KeyValueRepository.
2022-03-11 16:04:42,313 [main] INFO  -[RepositoryConfigurationExtensionSupport.java:349]- Spring Data Redis - Could not safely identify store assignment for repository candidate interface com.pharaoh.deepfake.repository.Face2faceVideoDatasetRepository. If you want this repository to be a Redis repository, consider annotating your entities with one of these annotations: org.springframework.data.redis.core.RedisHash (preferred), or consider extending one of the following types with your repository: org.springframework.data.keyvalue.repository.KeyValueRepository.
2022-03-11 16:04:42,313 [main] INFO  -[RepositoryConfigurationExtensionSupport.java:349]- Spring Data Redis - Could not safely identify store assignment for repository candidate interface com.pharaoh.deepfake.repository.FaceforensicRepository. If you want this repository to be a Redis repository, consider annotating your entities with one of these annotations: org.springframework.data.redis.core.RedisHash (preferred), or consider extending one of the following types with your repository: org.springframework.data.keyvalue.repository.KeyValueRepository.
2022-03-11 16:04:42,313 [main] INFO  -[RepositoryConfigurationExtensionSupport.java:349]- Spring Data Redis - Could not safely identify store assignment for repository candidate interface com.pharaoh.deepfake.repository.FaceswapVideoDatasetRepository. If you want this repository to be a Redis repository, consider annotating your entities with one of these annotations: org.springframework.data.redis.core.RedisHash (preferred), or consider extending one of the following types with your repository: org.springframework.data.keyvalue.repository.KeyValueRepository.
2022-03-11 16:04:42,314 [main] INFO  -[RepositoryConfigurationExtensionSupport.java:349]- Spring Data Redis - Could not safely identify store assignment for repository candidate interface com.pharaoh.deepfake.repository.ForgerydetectionRepository. If you want this repository to be a Redis repository, consider annotating your entities with one of these annotations: org.springframework.data.redis.core.RedisHash (preferred), or consider extending one of the following types with your repository: org.springframework.data.keyvalue.repository.KeyValueRepository.
2022-03-11 16:04:42,314 [main] INFO  -[RepositoryConfigurationExtensionSupport.java:349]- Spring Data Redis - Could not safely identify store assignment for repository candidate interface com.pharaoh.deepfake.repository.ImageRepository. If you want this repository to be a Redis repository, consider annotating your entities with one of these annotations: org.springframework.data.redis.core.RedisHash (preferred), or consider extending one of the following types with your repository: org.springframework.data.keyvalue.repository.KeyValueRepository.
2022-03-11 16:04:42,314 [main] INFO  -[RepositoryConfigurationExtensionSupport.java:349]- Spring Data Redis - Could not safely identify store assignment for repository candidate interface com.pharaoh.deepfake.repository.ImagedatasetRepository. If you want this repository to be a Redis repository, consider annotating your entities with one of these annotations: org.springframework.data.redis.core.RedisHash (preferred), or consider extending one of the following types with your repository: org.springframework.data.keyvalue.repository.KeyValueRepository.
2022-03-11 16:04:42,315 [main] INFO  -[RepositoryConfigurationExtensionSupport.java:349]- Spring Data Redis - Could not safely identify store assignment for repository candidate interface com.pharaoh.deepfake.repository.NeuraltexturesVideoDatasetRepository. If you want this repository to be a Redis repository, consider annotating your entities with one of these annotations: org.springframework.data.redis.core.RedisHash (preferred), or consider extending one of the following types with your repository: org.springframework.data.keyvalue.repository.KeyValueRepository.
2022-03-11 16:04:42,315 [main] INFO  -[RepositoryConfigurationExtensionSupport.java:349]- Spring Data Redis - Could not safely identify store assignment for repository candidate interface com.pharaoh.deepfake.repository.OriginalVideoDatasetRepository. If you want this repository to be a Redis repository, consider annotating your entities with one of these annotations: org.springframework.data.redis.core.RedisHash (preferred), or consider extending one of the following types with your repository: org.springframework.data.keyvalue.repository.KeyValueRepository.
2022-03-11 16:04:42,315 [main] INFO  -[RepositoryConfigurationExtensionSupport.java:349]- Spring Data Redis - Could not safely identify store assignment for repository candidate interface com.pharaoh.deepfake.repository.VideoRepository. If you want this repository to be a Redis repository, consider annotating your entities with one of these annotations: org.springframework.data.redis.core.RedisHash (preferred), or consider extending one of the following types with your repository: org.springframework.data.keyvalue.repository.KeyValueRepository.
2022-03-11 16:04:42,316 [main] INFO  -[RepositoryConfigurationExtensionSupport.java:349]- Spring Data Redis - Could not safely identify store assignment for repository candidate interface com.pharaoh.deepfake.repository.VideodatasetRepository. If you want this repository to be a Redis repository, consider annotating your entities with one of these annotations: org.springframework.data.redis.core.RedisHash (preferred), or consider extending one of the following types with your repository: org.springframework.data.keyvalue.repository.KeyValueRepository.
2022-03-11 16:04:42,316 [main] INFO  -[RepositoryConfigurationDelegate.java:201]- Finished Spring Data repository scanning in 10 ms. Found 0 Redis repository interfaces.
2022-03-11 16:04:42,673 [main] INFO  -[TomcatWebServer.java:108]- Tomcat initialized with port(s): 8080 (http)
2022-03-11 16:04:42,680 [main] INFO  -[DirectJDKLog.java:173]- Initializing ProtocolHandler ["http-nio-8080"]
2022-03-11 16:04:42,680 [main] INFO  -[DirectJDKLog.java:173]- Starting service [Tomcat]
2022-03-11 16:04:42,680 [main] INFO  -[DirectJDKLog.java:173]- Starting Servlet engine: [Apache Tomcat/9.0.52]
2022-03-11 16:04:42,741 [main] INFO  -[DirectJDKLog.java:173]- Initializing Spring embedded WebApplicationContext
2022-03-11 16:04:42,741 [main] INFO  -[ServletWebServerApplicationContext.java:290]- Root WebApplicationContext: initialization completed in 1285 ms
2022-03-11 16:04:42,960 [main] INFO  -[HikariDataSource.java:110]- HikariPool-1 - Starting...
2022-03-11 16:04:43,218 [main] INFO  -[HikariDataSource.java:123]- HikariPool-1 - Start completed.
2022-03-11 16:04:43,251 [main] INFO  -[LogHelper.java:31]- HHH000204: Processing PersistenceUnitInfo [name: default]
2022-03-11 16:04:43,321 [main] INFO  -[Version.java:46]- HHH000412: Hibernate Core {5.4.2.Final}
2022-03-11 16:04:43,469 [main] INFO  -[JavaReflectionManager.java:49]- HCANN000001: Hibernate Commons Annotations {5.1.0.Final}
2022-03-11 16:04:43,591 [main] INFO  -[Dialect.java:158]- HHH000400: Using dialect: org.hibernate.dialect.MySQL8Dialect
2022-03-11 16:04:44,180 [main] INFO  -[JtaPlatformInitiator.java:52]- HHH000490: Using JtaPlatform implementation: [org.hibernate.engine.transaction.jta.platform.internal.NoJtaPlatform]
2022-03-11 16:04:44,182 [main] INFO  -[AbstractEntityManagerFactoryBean.java:437]- Initialized JPA EntityManagerFactory for persistence unit 'default'
2022-03-11 16:04:44,967 [main] WARN  -[JpaBaseConfiguration.java:219]- spring.jpa.open-in-view is enabled by default. Therefore, database queries may be performed during view rendering. Explicitly configure spring.jpa.open-in-view to disable this warning
2022-03-11 16:04:45,152 [main] INFO  -[EndpointLinksResolver.java:58]- Exposing 1 endpoint(s) beneath base path '/actuator'
2022-03-11 16:04:45,204 [main] INFO  -[PropertySourcedRequestMappingHandlerMapping.java:69]- Mapped URL path [/v2/api-docs] onto method [springfox.documentation.swagger2.web.Swagger2Controller#getDocumentation(String, HttpServletRequest)]
2022-03-11 16:04:45,542 [main] INFO  -[DirectJDKLog.java:173]- Starting ProtocolHandler ["http-nio-8080"]
2022-03-11 16:04:45,556 [main] INFO  -[TomcatWebServer.java:220]- Tomcat started on port(s): 8080 (http) with context path ''
2022-03-11 16:04:45,557 [main] INFO  -[DocumentationPluginsBootstrapper.java:160]- Context refreshed
2022-03-11 16:04:45,587 [main] INFO  -[DocumentationPluginsBootstrapper.java:163]- Found 1 custom documentation plugin(s)
2022-03-11 16:04:45,621 [main] INFO  -[ApiListingReferenceScanner.java:41]- Scanning for api listing references
2022-03-11 16:04:45,755 [main] INFO  -[CachingOperationNameGenerator.java:40]- Generating unique operation named: deleteResultUsingPOST_1
2022-03-11 16:04:45,767 [main] INFO  -[CachingOperationNameGenerator.java:40]- Generating unique operation named: getMediaResultUsingGET_1
2022-03-11 16:04:45,768 [main] INFO  -[CachingOperationNameGenerator.java:40]- Generating unique operation named: getResultUsingGET_1
2022-03-11 16:04:45,769 [main] INFO  -[CachingOperationNameGenerator.java:40]- Generating unique operation named: listResultPageUsingGET_1
2022-03-11 16:04:45,776 [main] INFO  -[CachingOperationNameGenerator.java:40]- Generating unique operation named: downloadVideosUsingGET_1
2022-03-11 16:04:45,777 [main] INFO  -[CachingOperationNameGenerator.java:40]- Generating unique operation named: findAllUsingGET_1
2022-03-11 16:04:45,779 [main] INFO  -[CachingOperationNameGenerator.java:40]- Generating unique operation named: deleteResultUsingPOST_2
2022-03-11 16:04:45,781 [main] INFO  -[CachingOperationNameGenerator.java:40]- Generating unique operation named: getResultUsingGET_2
2022-03-11 16:04:45,782 [main] INFO  -[CachingOperationNameGenerator.java:40]- Generating unique operation named: listResultPageUsingGET_2
2022-03-11 16:04:45,785 [main] INFO  -[CachingOperationNameGenerator.java:40]- Generating unique operation named: handleUsingGET_1
2022-03-11 16:04:45,810 [main] INFO  -[StartupInfoLogger.java:61]- Started DeepfakeApplication in 4.653 seconds (JVM running for 5.153)
2022-03-11 16:04:45,938 [RMI TCP Connection(3)-10.201.154.215] INFO  -[DirectJDKLog.java:173]- Initializing Spring DispatcherServlet 'dispatcherServlet'
2022-03-11 16:04:45,938 [RMI TCP Connection(3)-10.201.154.215] INFO  -[FrameworkServlet.java:525]- Initializing Servlet 'dispatcherServlet'
2022-03-11 16:04:45,939 [RMI TCP Connection(3)-10.201.154.215] INFO  -[FrameworkServlet.java:547]- Completed initialization in 1 ms
2022-03-11 16:20:42,456 [SpringApplicationShutdownHook] INFO  -[AbstractEntityManagerFactoryBean.java:651]- Closing JPA EntityManagerFactory for persistence unit 'default'
2022-03-11 16:20:42,458 [SpringApplicationShutdownHook] INFO  -[HikariDataSource.java:350]- HikariPool-1 - Shutdown initiated...
2022-03-11 16:20:42,461 [SpringApplicationShutdownHook] INFO  -[HikariDataSource.java:352]- HikariPool-1 - Shutdown completed.
2022-03-11 16:20:45,780 [main] INFO  -[StartupInfoLogger.java:55]- Starting DeepfakeApplication using Java 1.8.0_261 on LZD-20210917XHH with PID 14392 (D:\workplace\deep-fake-p-backend\target\classes started by Administrator in D:\workplace\deep-fake-p-backend)
2022-03-11 16:20:45,782 [main] INFO  -[SpringApplication.java:659]- No active profile set, falling back to default profiles: default
2022-03-11 16:20:46,521 [main] INFO  -[RepositoryConfigurationDelegate.java:262]- Multiple Spring Data modules found, entering strict repository configuration mode!
2022-03-11 16:20:46,522 [main] INFO  -[RepositoryConfigurationDelegate.java:132]- Bootstrapping Spring Data JPA repositories in DEFAULT mode.
2022-03-11 16:20:46,599 [main] INFO  -[RepositoryConfigurationDelegate.java:201]- Finished Spring Data repository scanning in 70 ms. Found 13 JPA repository interfaces.
2022-03-11 16:20:46,607 [main] INFO  -[RepositoryConfigurationDelegate.java:262]- Multiple Spring Data modules found, entering strict repository configuration mode!
2022-03-11 16:20:46,608 [main] INFO  -[RepositoryConfigurationDelegate.java:132]- Bootstrapping Spring Data Redis repositories in DEFAULT mode.
2022-03-11 16:20:46,618 [main] INFO  -[RepositoryConfigurationExtensionSupport.java:349]- Spring Data Redis - Could not safely identify store assignment for repository candidate interface com.pharaoh.deepfake.repository.AdversarialDetectionRepository. If you want this repository to be a Redis repository, consider annotating your entities with one of these annotations: org.springframework.data.redis.core.RedisHash (preferred), or consider extending one of the following types with your repository: org.springframework.data.keyvalue.repository.KeyValueRepository.
2022-03-11 16:20:46,619 [main] INFO  -[RepositoryConfigurationExtensionSupport.java:349]- Spring Data Redis - Could not safely identify store assignment for repository candidate interface com.pharaoh.deepfake.repository.DeepfakeDetectionRepository. If you want this repository to be a Redis repository, consider annotating your entities with one of these annotations: org.springframework.data.redis.core.RedisHash (preferred), or consider extending one of the following types with your repository: org.springframework.data.keyvalue.repository.KeyValueRepository.
2022-03-11 16:20:46,619 [main] INFO  -[RepositoryConfigurationExtensionSupport.java:349]- Spring Data Redis - Could not safely identify store assignment for repository candidate interface com.pharaoh.deepfake.repository.DeepfakesVideoDatasetRepository. If you want this repository to be a Redis repository, consider annotating your entities with one of these annotations: org.springframework.data.redis.core.RedisHash (preferred), or consider extending one of the following types with your repository: org.springframework.data.keyvalue.repository.KeyValueRepository.
2022-03-11 16:20:46,619 [main] INFO  -[RepositoryConfigurationExtensionSupport.java:349]- Spring Data Redis - Could not safely identify store assignment for repository candidate interface com.pharaoh.deepfake.repository.Face2faceVideoDatasetRepository. If you want this repository to be a Redis repository, consider annotating your entities with one of these annotations: org.springframework.data.redis.core.RedisHash (preferred), or consider extending one of the following types with your repository: org.springframework.data.keyvalue.repository.KeyValueRepository.
2022-03-11 16:20:46,619 [main] INFO  -[RepositoryConfigurationExtensionSupport.java:349]- Spring Data Redis - Could not safely identify store assignment for repository candidate interface com.pharaoh.deepfake.repository.FaceforensicRepository. If you want this repository to be a Redis repository, consider annotating your entities with one of these annotations: org.springframework.data.redis.core.RedisHash (preferred), or consider extending one of the following types with your repository: org.springframework.data.keyvalue.repository.KeyValueRepository.
2022-03-11 16:20:46,620 [main] INFO  -[RepositoryConfigurationExtensionSupport.java:349]- Spring Data Redis - Could not safely identify store assignment for repository candidate interface com.pharaoh.deepfake.repository.FaceswapVideoDatasetRepository. If you want this repository to be a Redis repository, consider annotating your entities with one of these annotations: org.springframework.data.redis.core.RedisHash (preferred), or consider extending one of the following types with your repository: org.springframework.data.keyvalue.repository.KeyValueRepository.
2022-03-11 16:20:46,620 [main] INFO  -[RepositoryConfigurationExtensionSupport.java:349]- Spring Data Redis - Could not safely identify store assignment for repository candidate interface com.pharaoh.deepfake.repository.ForgerydetectionRepository. If you want this repository to be a Redis repository, consider annotating your entities with one of these annotations: org.springframework.data.redis.core.RedisHash (preferred), or consider extending one of the following types with your repository: org.springframework.data.keyvalue.repository.KeyValueRepository.
2022-03-11 16:20:46,620 [main] INFO  -[RepositoryConfigurationExtensionSupport.java:349]- Spring Data Redis - Could not safely identify store assignment for repository candidate interface com.pharaoh.deepfake.repository.ImageRepository. If you want this repository to be a Redis repository, consider annotating your entities with one of these annotations: org.springframework.data.redis.core.RedisHash (preferred), or consider extending one of the following types with your repository: org.springframework.data.keyvalue.repository.KeyValueRepository.
2022-03-11 16:20:46,621 [main] INFO  -[RepositoryConfigurationExtensionSupport.java:349]- Spring Data Redis - Could not safely identify store assignment for repository candidate interface com.pharaoh.deepfake.repository.ImagedatasetRepository. If you want this repository to be a Redis repository, consider annotating your entities with one of these annotations: org.springframework.data.redis.core.RedisHash (preferred), or consider extending one of the following types with your repository: org.springframework.data.keyvalue.repository.KeyValueRepository.
2022-03-11 16:20:46,621 [main] INFO  -[RepositoryConfigurationExtensionSupport.java:349]- Spring Data Redis - Could not safely identify store assignment for repository candidate interface com.pharaoh.deepfake.repository.NeuraltexturesVideoDatasetRepository. If you want this repository to be a Redis repository, consider annotating your entities with one of these annotations: org.springframework.data.redis.core.RedisHash (preferred), or consider extending one of the following types with your repository: org.springframework.data.keyvalue.repository.KeyValueRepository.
2022-03-11 16:20:46,621 [main] INFO  -[RepositoryConfigurationExtensionSupport.java:349]- Spring Data Redis - Could not safely identify store assignment for repository candidate interface com.pharaoh.deepfake.repository.OriginalVideoDatasetRepository. If you want this repository to be a Redis repository, consider annotating your entities with one of these annotations: org.springframework.data.redis.core.RedisHash (preferred), or consider extending one of the following types with your repository: org.springframework.data.keyvalue.repository.KeyValueRepository.
2022-03-11 16:20:46,621 [main] INFO  -[RepositoryConfigurationExtensionSupport.java:349]- Spring Data Redis - Could not safely identify store assignment for repository candidate interface com.pharaoh.deepfake.repository.VideoRepository. If you want this repository to be a Redis repository, consider annotating your entities with one of these annotations: org.springframework.data.redis.core.RedisHash (preferred), or consider extending one of the following types with your repository: org.springframework.data.keyvalue.repository.KeyValueRepository.
2022-03-11 16:20:46,622 [main] INFO  -[RepositoryConfigurationExtensionSupport.java:349]- Spring Data Redis - Could not safely identify store assignment for repository candidate interface com.pharaoh.deepfake.repository.VideodatasetRepository. If you want this repository to be a Redis repository, consider annotating your entities with one of these annotations: org.springframework.data.redis.core.RedisHash (preferred), or consider extending one of the following types with your repository: org.springframework.data.keyvalue.repository.KeyValueRepository.
2022-03-11 16:20:46,622 [main] INFO  -[RepositoryConfigurationDelegate.java:201]- Finished Spring Data repository scanning in 9 ms. Found 0 Redis repository interfaces.
2022-03-11 16:20:46,985 [main] INFO  -[TomcatWebServer.java:108]- Tomcat initialized with port(s): 8080 (http)
2022-03-11 16:20:46,991 [main] INFO  -[DirectJDKLog.java:173]- Initializing ProtocolHandler ["http-nio-8080"]
2022-03-11 16:20:46,992 [main] INFO  -[DirectJDKLog.java:173]- Starting service [Tomcat]
2022-03-11 16:20:46,992 [main] INFO  -[DirectJDKLog.java:173]- Starting Servlet engine: [Apache Tomcat/9.0.52]
2022-03-11 16:20:47,054 [main] INFO  -[DirectJDKLog.java:173]- Initializing Spring embedded WebApplicationContext
2022-03-11 16:20:47,054 [main] INFO  -[ServletWebServerApplicationContext.java:290]- Root WebApplicationContext: initialization completed in 1247 ms
2022-03-11 16:20:47,229 [main] INFO  -[HikariDataSource.java:110]- HikariPool-1 - Starting...
2022-03-11 16:20:47,457 [main] INFO  -[HikariDataSource.java:123]- HikariPool-1 - Start completed.
2022-03-11 16:20:47,488 [main] INFO  -[LogHelper.java:31]- HHH000204: Processing PersistenceUnitInfo [name: default]
2022-03-11 16:20:47,555 [main] INFO  -[Version.java:46]- HHH000412: Hibernate Core {5.4.2.Final}
2022-03-11 16:20:47,712 [main] INFO  -[JavaReflectionManager.java:49]- HCANN000001: Hibernate Commons Annotations {5.1.0.Final}
2022-03-11 16:20:47,828 [main] INFO  -[Dialect.java:158]- HHH000400: Using dialect: org.hibernate.dialect.MySQL8Dialect
2022-03-11 16:20:48,419 [main] INFO  -[JtaPlatformInitiator.java:52]- HHH000490: Using JtaPlatform implementation: [org.hibernate.engine.transaction.jta.platform.internal.NoJtaPlatform]
2022-03-11 16:20:48,421 [main] INFO  -[AbstractEntityManagerFactoryBean.java:437]- Initialized JPA EntityManagerFactory for persistence unit 'default'
2022-03-11 16:20:49,192 [main] WARN  -[JpaBaseConfiguration.java:219]- spring.jpa.open-in-view is enabled by default. Therefore, database queries may be performed during view rendering. Explicitly configure spring.jpa.open-in-view to disable this warning
2022-03-11 16:20:49,388 [main] INFO  -[EndpointLinksResolver.java:58]- Exposing 1 endpoint(s) beneath base path '/actuator'
2022-03-11 16:20:49,438 [main] INFO  -[PropertySourcedRequestMappingHandlerMapping.java:69]- Mapped URL path [/v2/api-docs] onto method [springfox.documentation.swagger2.web.Swagger2Controller#getDocumentation(String, HttpServletRequest)]
2022-03-11 16:20:49,755 [main] INFO  -[DirectJDKLog.java:173]- Starting ProtocolHandler ["http-nio-8080"]
2022-03-11 16:20:49,768 [main] INFO  -[TomcatWebServer.java:220]- Tomcat started on port(s): 8080 (http) with context path ''
2022-03-11 16:20:49,768 [main] INFO  -[DocumentationPluginsBootstrapper.java:160]- Context refreshed
2022-03-11 16:20:49,787 [main] INFO  -[DocumentationPluginsBootstrapper.java:163]- Found 1 custom documentation plugin(s)
2022-03-11 16:20:49,822 [main] INFO  -[ApiListingReferenceScanner.java:41]- Scanning for api listing references
2022-03-11 16:20:49,968 [main] INFO  -[CachingOperationNameGenerator.java:40]- Generating unique operation named: deleteResultUsingPOST_1
2022-03-11 16:20:49,980 [main] INFO  -[CachingOperationNameGenerator.java:40]- Generating unique operation named: getMediaResultUsingGET_1
2022-03-11 16:20:49,981 [main] INFO  -[CachingOperationNameGenerator.java:40]- Generating unique operation named: getResultUsingGET_1
2022-03-11 16:20:49,982 [main] INFO  -[CachingOperationNameGenerator.java:40]- Generating unique operation named: listResultPageUsingGET_1
2022-03-11 16:20:49,990 [main] INFO  -[CachingOperationNameGenerator.java:40]- Generating unique operation named: downloadVideosUsingGET_1
2022-03-11 16:20:49,991 [main] INFO  -[CachingOperationNameGenerator.java:40]- Generating unique operation named: findAllUsingGET_1
2022-03-11 16:20:49,992 [main] INFO  -[CachingOperationNameGenerator.java:40]- Generating unique operation named: deleteResultUsingPOST_2
2022-03-11 16:20:49,994 [main] INFO  -[CachingOperationNameGenerator.java:40]- Generating unique operation named: getResultUsingGET_2
2022-03-11 16:20:49,995 [main] INFO  -[CachingOperationNameGenerator.java:40]- Generating unique operation named: listResultPageUsingGET_2
2022-03-11 16:20:49,998 [main] INFO  -[CachingOperationNameGenerator.java:40]- Generating unique operation named: handleUsingGET_1
2022-03-11 16:20:50,025 [main] INFO  -[StartupInfoLogger.java:61]- Started DeepfakeApplication in 4.52 seconds (JVM running for 4.978)
2022-03-11 16:20:50,292 [RMI TCP Connection(2)-10.201.154.215] INFO  -[DirectJDKLog.java:173]- Initializing Spring DispatcherServlet 'dispatcherServlet'
2022-03-11 16:20:50,293 [RMI TCP Connection(2)-10.201.154.215] INFO  -[FrameworkServlet.java:525]- Initializing Servlet 'dispatcherServlet'
2022-03-11 16:20:50,294 [RMI TCP Connection(2)-10.201.154.215] INFO  -[FrameworkServlet.java:547]- Completed initialization in 1 ms
2022-03-11 16:23:05,627 [SpringApplicationShutdownHook] INFO  -[AbstractEntityManagerFactoryBean.java:651]- Closing JPA EntityManagerFactory for persistence unit 'default'
2022-03-11 16:23:05,629 [SpringApplicationShutdownHook] INFO  -[HikariDataSource.java:350]- HikariPool-1 - Shutdown initiated...
2022-03-11 16:23:05,633 [SpringApplicationShutdownHook] INFO  -[HikariDataSource.java:352]- HikariPool-1 - Shutdown completed.
2022-03-11 16:23:07,732 [main] INFO  -[StartupInfoLogger.java:55]- Starting DeepfakeApplication using Java 1.8.0_261 on LZD-20210917XHH with PID 17768 (D:\workplace\deep-fake-p-backend\target\classes started by Administrator in D:\workplace\deep-fake-p-backend)
2022-03-11 16:23:07,734 [main] INFO  -[SpringApplication.java:659]- No active profile set, falling back to default profiles: default
2022-03-11 16:23:08,498 [main] INFO  -[RepositoryConfigurationDelegate.java:262]- Multiple Spring Data modules found, entering strict repository configuration mode!
2022-03-11 16:23:08,498 [main] INFO  -[RepositoryConfigurationDelegate.java:132]- Bootstrapping Spring Data JPA repositories in DEFAULT mode.
2022-03-11 16:23:08,581 [main] INFO  -[RepositoryConfigurationDelegate.java:201]- Finished Spring Data repository scanning in 74 ms. Found 13 JPA repository interfaces.
2022-03-11 16:23:08,596 [main] INFO  -[RepositoryConfigurationDelegate.java:262]- Multiple Spring Data modules found, entering strict repository configuration mode!
2022-03-11 16:23:08,597 [main] INFO  -[RepositoryConfigurationDelegate.java:132]- Bootstrapping Spring Data Redis repositories in DEFAULT mode.
2022-03-11 16:23:08,607 [main] INFO  -[RepositoryConfigurationExtensionSupport.java:349]- Spring Data Redis - Could not safely identify store assignment for repository candidate interface com.pharaoh.deepfake.repository.AdversarialDetectionRepository. If you want this repository to be a Redis repository, consider annotating your entities with one of these annotations: org.springframework.data.redis.core.RedisHash (preferred), or consider extending one of the following types with your repository: org.springframework.data.keyvalue.repository.KeyValueRepository.
2022-03-11 16:23:08,608 [main] INFO  -[RepositoryConfigurationExtensionSupport.java:349]- Spring Data Redis - Could not safely identify store assignment for repository candidate interface com.pharaoh.deepfake.repository.DeepfakeDetectionRepository. If you want this repository to be a Redis repository, consider annotating your entities with one of these annotations: org.springframework.data.redis.core.RedisHash (preferred), or consider extending one of the following types with your repository: org.springframework.data.keyvalue.repository.KeyValueRepository.
2022-03-11 16:23:08,608 [main] INFO  -[RepositoryConfigurationExtensionSupport.java:349]- Spring Data Redis - Could not safely identify store assignment for repository candidate interface com.pharaoh.deepfake.repository.DeepfakesVideoDatasetRepository. If you want this repository to be a Redis repository, consider annotating your entities with one of these annotations: org.springframework.data.redis.core.RedisHash (preferred), or consider extending one of the following types with your repository: org.springframework.data.keyvalue.repository.KeyValueRepository.
2022-03-11 16:23:08,608 [main] INFO  -[RepositoryConfigurationExtensionSupport.java:349]- Spring Data Redis - Could not safely identify store assignment for repository candidate interface com.pharaoh.deepfake.repository.Face2faceVideoDatasetRepository. If you want this repository to be a Redis repository, consider annotating your entities with one of these annotations: org.springframework.data.redis.core.RedisHash (preferred), or consider extending one of the following types with your repository: org.springframework.data.keyvalue.repository.KeyValueRepository.
2022-03-11 16:23:08,609 [main] INFO  -[RepositoryConfigurationExtensionSupport.java:349]- Spring Data Redis - Could not safely identify store assignment for repository candidate interface com.pharaoh.deepfake.repository.FaceforensicRepository. If you want this repository to be a Redis repository, consider annotating your entities with one of these annotations: org.springframework.data.redis.core.RedisHash (preferred), or consider extending one of the following types with your repository: org.springframework.data.keyvalue.repository.KeyValueRepository.
2022-03-11 16:23:08,609 [main] INFO  -[RepositoryConfigurationExtensionSupport.java:349]- Spring Data Redis - Could not safely identify store assignment for repository candidate interface com.pharaoh.deepfake.repository.FaceswapVideoDatasetRepository. If you want this repository to be a Redis repository, consider annotating your entities with one of these annotations: org.springframework.data.redis.core.RedisHash (preferred), or consider extending one of the following types with your repository: org.springframework.data.keyvalue.repository.KeyValueRepository.
2022-03-11 16:23:08,609 [main] INFO  -[RepositoryConfigurationExtensionSupport.java:349]- Spring Data Redis - Could not safely identify store assignment for repository candidate interface com.pharaoh.deepfake.repository.ForgerydetectionRepository. If you want this repository to be a Redis repository, consider annotating your entities with one of these annotations: org.springframework.data.redis.core.RedisHash (preferred), or consider extending one of the following types with your repository: org.springframework.data.keyvalue.repository.KeyValueRepository.
2022-03-11 16:23:08,610 [main] INFO  -[RepositoryConfigurationExtensionSupport.java:349]- Spring Data Redis - Could not safely identify store assignment for repository candidate interface com.pharaoh.deepfake.repository.ImageRepository. If you want this repository to be a Redis repository, consider annotating your entities with one of these annotations: org.springframework.data.redis.core.RedisHash (preferred), or consider extending one of the following types with your repository: org.springframework.data.keyvalue.repository.KeyValueRepository.
2022-03-11 16:23:08,610 [main] INFO  -[RepositoryConfigurationExtensionSupport.java:349]- Spring Data Redis - Could not safely identify store assignment for repository candidate interface com.pharaoh.deepfake.repository.ImagedatasetRepository. If you want this repository to be a Redis repository, consider annotating your entities with one of these annotations: org.springframework.data.redis.core.RedisHash (preferred), or consider extending one of the following types with your repository: org.springframework.data.keyvalue.repository.KeyValueRepository.
2022-03-11 16:23:08,611 [main] INFO  -[RepositoryConfigurationExtensionSupport.java:349]- Spring Data Redis - Could not safely identify store assignment for repository candidate interface com.pharaoh.deepfake.repository.NeuraltexturesVideoDatasetRepository. If you want this repository to be a Redis repository, consider annotating your entities with one of these annotations: org.springframework.data.redis.core.RedisHash (preferred), or consider extending one of the following types with your repository: org.springframework.data.keyvalue.repository.KeyValueRepository.
2022-03-11 16:23:08,611 [main] INFO  -[RepositoryConfigurationExtensionSupport.java:349]- Spring Data Redis - Could not safely identify store assignment for repository candidate interface com.pharaoh.deepfake.repository.OriginalVideoDatasetRepository. If you want this repository to be a Redis repository, consider annotating your entities with one of these annotations: org.springframework.data.redis.core.RedisHash (preferred), or consider extending one of the following types with your repository: org.springframework.data.keyvalue.repository.KeyValueRepository.
2022-03-11 16:23:08,611 [main] INFO  -[RepositoryConfigurationExtensionSupport.java:349]- Spring Data Redis - Could not safely identify store assignment for repository candidate interface com.pharaoh.deepfake.repository.VideoRepository. If you want this repository to be a Redis repository, consider annotating your entities with one of these annotations: org.springframework.data.redis.core.RedisHash (preferred), or consider extending one of the following types with your repository: org.springframework.data.keyvalue.repository.KeyValueRepository.
2022-03-11 16:23:08,611 [main] INFO  -[RepositoryConfigurationExtensionSupport.java:349]- Spring Data Redis - Could not safely identify store assignment for repository candidate interface com.pharaoh.deepfake.repository.VideodatasetRepository. If you want this repository to be a Redis repository, consider annotating your entities with one of these annotations: org.springframework.data.redis.core.RedisHash (preferred), or consider extending one of the following types with your repository: org.springframework.data.keyvalue.repository.KeyValueRepository.
2022-03-11 16:23:08,612 [main] INFO  -[RepositoryConfigurationDelegate.java:201]- Finished Spring Data repository scanning in 10 ms. Found 0 Redis repository interfaces.
2022-03-11 16:23:08,974 [main] INFO  -[TomcatWebServer.java:108]- Tomcat initialized with port(s): 8080 (http)
2022-03-11 16:23:08,980 [main] INFO  -[DirectJDKLog.java:173]- Initializing ProtocolHandler ["http-nio-8080"]
2022-03-11 16:23:08,980 [main] INFO  -[DirectJDKLog.java:173]- Starting service [Tomcat]
2022-03-11 16:23:08,981 [main] INFO  -[DirectJDKLog.java:173]- Starting Servlet engine: [Apache Tomcat/9.0.52]
2022-03-11 16:23:09,042 [main] INFO  -[DirectJDKLog.java:173]- Initializing Spring embedded WebApplicationContext
2022-03-11 16:23:09,042 [main] INFO  -[ServletWebServerApplicationContext.java:290]- Root WebApplicationContext: initialization completed in 1285 ms
2022-03-11 16:23:09,216 [main] INFO  -[HikariDataSource.java:110]- HikariPool-1 - Starting...
2022-03-11 16:23:09,456 [main] INFO  -[HikariDataSource.java:123]- HikariPool-1 - Start completed.
2022-03-11 16:23:09,488 [main] INFO  -[LogHelper.java:31]- HHH000204: Processing PersistenceUnitInfo [name: default]
2022-03-11 16:23:09,553 [main] INFO  -[Version.java:46]- HHH000412: Hibernate Core {5.4.2.Final}
2022-03-11 16:23:09,697 [main] INFO  -[JavaReflectionManager.java:49]- HCANN000001: Hibernate Commons Annotations {5.1.0.Final}
2022-03-11 16:23:09,820 [main] INFO  -[Dialect.java:158]- HHH000400: Using dialect: org.hibernate.dialect.MySQL8Dialect
2022-03-11 16:23:10,424 [main] INFO  -[JtaPlatformInitiator.java:52]- HHH000490: Using JtaPlatform implementation: [org.hibernate.engine.transaction.jta.platform.internal.NoJtaPlatform]
2022-03-11 16:23:10,426 [main] INFO  -[AbstractEntityManagerFactoryBean.java:437]- Initialized JPA EntityManagerFactory for persistence unit 'default'
2022-03-11 16:23:11,210 [main] WARN  -[JpaBaseConfiguration.java:219]- spring.jpa.open-in-view is enabled by default. Therefore, database queries may be performed during view rendering. Explicitly configure spring.jpa.open-in-view to disable this warning
2022-03-11 16:23:11,408 [main] INFO  -[EndpointLinksResolver.java:58]- Exposing 1 endpoint(s) beneath base path '/actuator'
2022-03-11 16:23:11,459 [main] INFO  -[PropertySourcedRequestMappingHandlerMapping.java:69]- Mapped URL path [/v2/api-docs] onto method [springfox.documentation.swagger2.web.Swagger2Controller#getDocumentation(String, HttpServletRequest)]
2022-03-11 16:23:11,773 [main] INFO  -[DirectJDKLog.java:173]- Starting ProtocolHandler ["http-nio-8080"]
2022-03-11 16:23:11,785 [main] INFO  -[TomcatWebServer.java:220]- Tomcat started on port(s): 8080 (http) with context path ''
2022-03-11 16:23:11,785 [main] INFO  -[DocumentationPluginsBootstrapper.java:160]- Context refreshed
2022-03-11 16:23:11,803 [main] INFO  -[DocumentationPluginsBootstrapper.java:163]- Found 1 custom documentation plugin(s)
2022-03-11 16:23:11,833 [main] INFO  -[ApiListingReferenceScanner.java:41]- Scanning for api listing references
2022-03-11 16:23:11,955 [main] INFO  -[CachingOperationNameGenerator.java:40]- Generating unique operation named: deleteResultUsingPOST_1
2022-03-11 16:23:11,967 [main] INFO  -[CachingOperationNameGenerator.java:40]- Generating unique operation named: getMediaResultUsingGET_1
2022-03-11 16:23:11,968 [main] INFO  -[CachingOperationNameGenerator.java:40]- Generating unique operation named: getResultUsingGET_1
2022-03-11 16:23:11,969 [main] INFO  -[CachingOperationNameGenerator.java:40]- Generating unique operation named: listResultPageUsingGET_1
2022-03-11 16:23:11,976 [main] INFO  -[CachingOperationNameGenerator.java:40]- Generating unique operation named: downloadVideosUsingGET_1
2022-03-11 16:23:11,977 [main] INFO  -[CachingOperationNameGenerator.java:40]- Generating unique operation named: findAllUsingGET_1
2022-03-11 16:23:11,979 [main] INFO  -[CachingOperationNameGenerator.java:40]- Generating unique operation named: deleteResultUsingPOST_2
2022-03-11 16:23:11,980 [main] INFO  -[CachingOperationNameGenerator.java:40]- Generating unique operation named: getResultUsingGET_2
2022-03-11 16:23:11,981 [main] INFO  -[CachingOperationNameGenerator.java:40]- Generating unique operation named: listResultPageUsingGET_2
2022-03-11 16:23:11,984 [main] INFO  -[CachingOperationNameGenerator.java:40]- Generating unique operation named: handleUsingGET_1
2022-03-11 16:23:12,010 [main] INFO  -[StartupInfoLogger.java:61]- Started DeepfakeApplication in 4.537 seconds (JVM running for 5.006)
2022-03-11 16:23:12,254 [RMI TCP Connection(2)-10.201.154.215] INFO  -[DirectJDKLog.java:173]- Initializing Spring DispatcherServlet 'dispatcherServlet'
2022-03-11 16:23:12,254 [RMI TCP Connection(2)-10.201.154.215] INFO  -[FrameworkServlet.java:525]- Initializing Servlet 'dispatcherServlet'
2022-03-11 16:23:12,256 [RMI TCP Connection(2)-10.201.154.215] INFO  -[FrameworkServlet.java:547]- Completed initialization in 1 ms
2022-03-11 16:34:54,115 [SpringApplicationShutdownHook] INFO  -[AbstractEntityManagerFactoryBean.java:651]- Closing JPA EntityManagerFactory for persistence unit 'default'
2022-03-11 16:34:54,117 [SpringApplicationShutdownHook] INFO  -[HikariDataSource.java:350]- HikariPool-1 - Shutdown initiated...
2022-03-11 16:34:54,120 [SpringApplicationShutdownHook] INFO  -[HikariDataSource.java:352]- HikariPool-1 - Shutdown completed.
2022-03-11 16:35:00,290 [main] INFO  -[StartupInfoLogger.java:55]- Starting DeepfakeApplication using Java 1.8.0_261 on LZD-20210917XHH with PID 14760 (D:\workplace\deep-fake-p-backend\target\classes started by Administrator in D:\workplace\deep-fake-p-backend)
2022-03-11 16:35:00,292 [main] INFO  -[SpringApplication.java:659]- No active profile set, falling back to default profiles: default
2022-03-11 16:35:04,504 [main] INFO  -[StartupInfoLogger.java:61]- Started DeepfakeApplication in 4.446 seconds (JVM running for 4.914)
2022-03-11 16:40:16,070 [main] INFO  -[StartupInfoLogger.java:55]- Starting DeepfakeApplication using Java 1.8.0_261 on LZD-20210917XHH with PID 11976 (D:\workplace\deep-fake-p-backend\target\classes started by Administrator in D:\workplace\deep-fake-p-backend)
2022-03-11 16:40:16,072 [main] INFO  -[SpringApplication.java:659]- No active profile set, falling back to default profiles: default
2022-03-11 16:40:20,156 [main] INFO  -[StartupInfoLogger.java:61]- Started DeepfakeApplication in 4.321 seconds (JVM running for 4.765)
2022-03-11 16:41:04,314 [main] INFO  -[StartupInfoLogger.java:55]- Starting DeepfakeApplication using Java 1.8.0_261 on LZD-20210917XHH with PID 15564 (D:\workplace\deep-fake-p-backend\target\classes started by Administrator in D:\workplace\deep-fake-p-backend)
2022-03-11 16:41:04,317 [main] INFO  -[SpringApplication.java:659]- No active profile set, falling back to default profiles: default
2022-03-11 16:41:08,517 [main] INFO  -[StartupInfoLogger.java:61]- Started DeepfakeApplication in 4.439 seconds (JVM running for 4.882)
2022-03-11 16:45:18,827 [main] INFO  -[StartupInfoLogger.java:55]- Starting DeepfakeApplication using Java 1.8.0_261 on LZD-20210917XHH with PID 4724 (D:\workplace\deep-fake-p-backend\target\classes started by Administrator in D:\workplace\deep-fake-p-backend)
2022-03-11 16:45:18,829 [main] INFO  -[SpringApplication.java:659]- No active profile set, falling back to default profiles: default
2022-03-11 16:45:23,097 [main] INFO  -[StartupInfoLogger.java:61]- Started DeepfakeApplication in 4.506 seconds (JVM running for 4.957)
2022-03-11 16:45:25,422 [http-nio-8080-exec-1] ERROR -[DeepfakeDetectionImpl.java:92]- DeefakeDetection Error!
java.io.FileNotFoundException: D:\workplace\deep-fake-p-backend\storage\video\test.mp4 (系统找不到指定的文件。)
	at java.io.FileInputStream.open0(Native Method)
	at java.io.FileInputStream.open(FileInputStream.java:195)
	at java.io.FileInputStream.<init>(FileInputStream.java:138)
	at java.io.FileInputStream.<init>(FileInputStream.java:93)
	at sun.net.www.protocol.file.FileURLConnection.connect(FileURLConnection.java:90)
	at sun.net.www.protocol.file.FileURLConnection.getInputStream(FileURLConnection.java:188)
	at org.springframework.core.io.UrlResource.getInputStream(UrlResource.java:186)
	at com.pharaoh.deepfake.service.impl.DeepfakeDetectionImpl.detection(DeepfakeDetectionImpl.java:79)
	at com.pharaoh.deepfake.controller.DeepfakeDetectionController.videoDetection(DeepfakeDetectionController.java:126)
	at sun.reflect.NativeMethodAccessorImpl.invoke0(Native Method)
	at sun.reflect.NativeMethodAccessorImpl.invoke(NativeMethodAccessorImpl.java:62)
	at sun.reflect.DelegatingMethodAccessorImpl.invoke(DelegatingMethodAccessorImpl.java:43)
	at java.lang.reflect.Method.invoke(Method.java:498)
	at org.springframework.web.method.support.InvocableHandlerMethod.doInvoke(InvocableHandlerMethod.java:197)
	at org.springframework.web.method.support.InvocableHandlerMethod.invokeForRequest(InvocableHandlerMethod.java:141)
	at org.springframework.web.servlet.mvc.method.annotation.ServletInvocableHandlerMethod.invokeAndHandle(ServletInvocableHandlerMethod.java:106)
	at org.springframework.web.servlet.mvc.method.annotation.RequestMappingHandlerAdapter.invokeHandlerMethod(RequestMappingHandlerAdapter.java:895)
	at org.springframework.web.servlet.mvc.method.annotation.RequestMappingHandlerAdapter.handleInternal(RequestMappingHandlerAdapter.java:808)
	at org.springframework.web.servlet.mvc.method.AbstractHandlerMethodAdapter.handle(AbstractHandlerMethodAdapter.java:87)
	at org.springframework.web.servlet.DispatcherServlet.doDispatch(DispatcherServlet.java:1064)
	at org.springframework.web.servlet.DispatcherServlet.doService(DispatcherServlet.java:963)
	at org.springframework.web.servlet.FrameworkServlet.processRequest(FrameworkServlet.java:1006)
	at org.springframework.web.servlet.FrameworkServlet.doPost(FrameworkServlet.java:909)
	at javax.servlet.http.HttpServlet.service(HttpServlet.java:681)
	at org.springframework.web.servlet.FrameworkServlet.service(FrameworkServlet.java:883)
	at javax.servlet.http.HttpServlet.service(HttpServlet.java:764)
	at org.apache.catalina.core.ApplicationFilterChain.internalDoFilter(ApplicationFilterChain.java:227)
	at org.apache.catalina.core.ApplicationFilterChain.doFilter(ApplicationFilterChain.java:162)
	at org.apache.tomcat.websocket.server.WsFilter.doFilter(WsFilter.java:53)
	at org.apache.catalina.core.ApplicationFilterChain.internalDoFilter(ApplicationFilterChain.java:189)
	at org.apache.catalina.core.ApplicationFilterChain.doFilter(ApplicationFilterChain.java:162)
	at org.springframework.web.filter.RequestContextFilter.doFilterInternal(RequestContextFilter.java:100)
	at org.springframework.web.filter.OncePerRequestFilter.doFilter(OncePerRequestFilter.java:119)
	at org.apache.catalina.core.ApplicationFilterChain.internalDoFilter(ApplicationFilterChain.java:189)
	at org.apache.catalina.core.ApplicationFilterChain.doFilter(ApplicationFilterChain.java:162)
	at org.springframework.web.filter.FormContentFilter.doFilterInternal(FormContentFilter.java:93)
	at org.springframework.web.filter.OncePerRequestFilter.doFilter(OncePerRequestFilter.java:119)
	at org.apache.catalina.core.ApplicationFilterChain.internalDoFilter(ApplicationFilterChain.java:189)
	at org.apache.catalina.core.ApplicationFilterChain.doFilter(ApplicationFilterChain.java:162)
	at org.springframework.boot.actuate.metrics.web.servlet.WebMvcMetricsFilter.doFilterInternal(WebMvcMetricsFilter.java:96)
	at org.springframework.web.filter.OncePerRequestFilter.doFilter(OncePerRequestFilter.java:119)
	at org.apache.catalina.core.ApplicationFilterChain.internalDoFilter(ApplicationFilterChain.java:189)
	at org.apache.catalina.core.ApplicationFilterChain.doFilter(ApplicationFilterChain.java:162)
	at org.springframework.web.filter.CharacterEncodingFilter.doFilterInternal(CharacterEncodingFilter.java:201)
	at org.springframework.web.filter.OncePerRequestFilter.doFilter(OncePerRequestFilter.java:119)
	at org.apache.catalina.core.ApplicationFilterChain.internalDoFilter(ApplicationFilterChain.java:189)
	at org.apache.catalina.core.ApplicationFilterChain.doFilter(ApplicationFilterChain.java:162)
	at org.apache.catalina.core.StandardWrapperValve.invoke(StandardWrapperValve.java:197)
	at org.apache.catalina.core.StandardContextValve.invoke(StandardContextValve.java:97)
	at org.apache.catalina.authenticator.AuthenticatorBase.invoke(AuthenticatorBase.java:542)
	at org.apache.catalina.core.StandardHostValve.invoke(StandardHostValve.java:135)
	at org.apache.catalina.valves.ErrorReportValve.invoke(ErrorReportValve.java:92)
	at org.apache.catalina.core.StandardEngineValve.invoke(StandardEngineValve.java:78)
	at org.apache.catalina.connector.CoyoteAdapter.service(CoyoteAdapter.java:357)
	at org.apache.coyote.http11.Http11Processor.service(Http11Processor.java:382)
	at org.apache.coyote.AbstractProcessorLight.process(AbstractProcessorLight.java:65)
	at org.apache.coyote.AbstractProtocol$ConnectionHandler.process(AbstractProtocol.java:893)
	at org.apache.tomcat.util.net.NioEndpoint$SocketProcessor.doRun(NioEndpoint.java:1726)
	at org.apache.tomcat.util.net.SocketProcessorBase.run(SocketProcessorBase.java:49)
	at org.apache.tomcat.util.threads.ThreadPoolExecutor.runWorker(ThreadPoolExecutor.java:1191)
	at org.apache.tomcat.util.threads.ThreadPoolExecutor$Worker.run(ThreadPoolExecutor.java:659)
	at org.apache.tomcat.util.threads.TaskThread$WrappingRunnable.run(TaskThread.java:61)
	at java.lang.Thread.run(Thread.java:748)
2022-03-11 16:59:46,846 [main] INFO  -[StartupInfoLogger.java:55]- Starting DeepfakeApplication using Java 1.8.0_261 on LZD-20210917XHH with PID 16016 (D:\workplace\deep-fake-p-backend\target\classes started by Administrator in D:\workplace\deep-fake-p-backend)
2022-03-11 16:59:46,848 [main] INFO  -[SpringApplication.java:659]- No active profile set, falling back to default profiles: default
2022-03-11 16:59:51,106 [main] INFO  -[StartupInfoLogger.java:61]- Started DeepfakeApplication in 4.507 seconds (JVM running for 4.961)
2022-03-11 17:08:02,285 [main] INFO  -[StartupInfoLogger.java:55]- Starting DeepfakeApplication using Java 1.8.0_261 on LZD-20210917XHH with PID 12892 (D:\workplace\deep-fake-p-backend\target\classes started by Administrator in D:\workplace\deep-fake-p-backend)
2022-03-11 17:08:02,287 [main] INFO  -[SpringApplication.java:659]- No active profile set, falling back to default profiles: default
2022-03-11 17:08:06,629 [main] INFO  -[StartupInfoLogger.java:61]- Started DeepfakeApplication in 4.602 seconds (JVM running for 5.071)
2022-03-11 17:08:15,367 [http-nio-8080-exec-1] ERROR -[DeepfakeDetectionImpl.java:92]- DeefakeDetection Error!
java.io.FileNotFoundException: D:\workplace\deep-fake-p-backend\storage\video\test.mp4 (系统找不到指定的文件。)
	at java.io.FileInputStream.open0(Native Method)
	at java.io.FileInputStream.open(FileInputStream.java:195)
	at java.io.FileInputStream.<init>(FileInputStream.java:138)
	at java.io.FileInputStream.<init>(FileInputStream.java:93)
	at sun.net.www.protocol.file.FileURLConnection.connect(FileURLConnection.java:90)
	at sun.net.www.protocol.file.FileURLConnection.getInputStream(FileURLConnection.java:188)
	at org.springframework.core.io.UrlResource.getInputStream(UrlResource.java:186)
	at com.pharaoh.deepfake.service.impl.DeepfakeDetectionImpl.detection(DeepfakeDetectionImpl.java:79)
	at com.pharaoh.deepfake.controller.DeepfakeDetectionController.videoDetection(DeepfakeDetectionController.java:126)
	at sun.reflect.NativeMethodAccessorImpl.invoke0(Native Method)
	at sun.reflect.NativeMethodAccessorImpl.invoke(NativeMethodAccessorImpl.java:62)
	at sun.reflect.DelegatingMethodAccessorImpl.invoke(DelegatingMethodAccessorImpl.java:43)
	at java.lang.reflect.Method.invoke(Method.java:498)
	at org.springframework.web.method.support.InvocableHandlerMethod.doInvoke(InvocableHandlerMethod.java:197)
	at org.springframework.web.method.support.InvocableHandlerMethod.invokeForRequest(InvocableHandlerMethod.java:141)
	at org.springframework.web.servlet.mvc.method.annotation.ServletInvocableHandlerMethod.invokeAndHandle(ServletInvocableHandlerMethod.java:106)
	at org.springframework.web.servlet.mvc.method.annotation.RequestMappingHandlerAdapter.invokeHandlerMethod(RequestMappingHandlerAdapter.java:895)
	at org.springframework.web.servlet.mvc.method.annotation.RequestMappingHandlerAdapter.handleInternal(RequestMappingHandlerAdapter.java:808)
	at org.springframework.web.servlet.mvc.method.AbstractHandlerMethodAdapter.handle(AbstractHandlerMethodAdapter.java:87)
	at org.springframework.web.servlet.DispatcherServlet.doDispatch(DispatcherServlet.java:1064)
	at org.springframework.web.servlet.DispatcherServlet.doService(DispatcherServlet.java:963)
	at org.springframework.web.servlet.FrameworkServlet.processRequest(FrameworkServlet.java:1006)
	at org.springframework.web.servlet.FrameworkServlet.doPost(FrameworkServlet.java:909)
	at javax.servlet.http.HttpServlet.service(HttpServlet.java:681)
	at org.springframework.web.servlet.FrameworkServlet.service(FrameworkServlet.java:883)
	at javax.servlet.http.HttpServlet.service(HttpServlet.java:764)
	at org.apache.catalina.core.ApplicationFilterChain.internalDoFilter(ApplicationFilterChain.java:227)
	at org.apache.catalina.core.ApplicationFilterChain.doFilter(ApplicationFilterChain.java:162)
	at org.apache.tomcat.websocket.server.WsFilter.doFilter(WsFilter.java:53)
	at org.apache.catalina.core.ApplicationFilterChain.internalDoFilter(ApplicationFilterChain.java:189)
	at org.apache.catalina.core.ApplicationFilterChain.doFilter(ApplicationFilterChain.java:162)
	at org.springframework.web.filter.RequestContextFilter.doFilterInternal(RequestContextFilter.java:100)
	at org.springframework.web.filter.OncePerRequestFilter.doFilter(OncePerRequestFilter.java:119)
	at org.apache.catalina.core.ApplicationFilterChain.internalDoFilter(ApplicationFilterChain.java:189)
	at org.apache.catalina.core.ApplicationFilterChain.doFilter(ApplicationFilterChain.java:162)
	at org.springframework.web.filter.FormContentFilter.doFilterInternal(FormContentFilter.java:93)
	at org.springframework.web.filter.OncePerRequestFilter.doFilter(OncePerRequestFilter.java:119)
	at org.apache.catalina.core.ApplicationFilterChain.internalDoFilter(ApplicationFilterChain.java:189)
	at org.apache.catalina.core.ApplicationFilterChain.doFilter(ApplicationFilterChain.java:162)
	at org.springframework.boot.actuate.metrics.web.servlet.WebMvcMetricsFilter.doFilterInternal(WebMvcMetricsFilter.java:96)
	at org.springframework.web.filter.OncePerRequestFilter.doFilter(OncePerRequestFilter.java:119)
	at org.apache.catalina.core.ApplicationFilterChain.internalDoFilter(ApplicationFilterChain.java:189)
	at org.apache.catalina.core.ApplicationFilterChain.doFilter(ApplicationFilterChain.java:162)
	at org.springframework.web.filter.CharacterEncodingFilter.doFilterInternal(CharacterEncodingFilter.java:201)
	at org.springframework.web.filter.OncePerRequestFilter.doFilter(OncePerRequestFilter.java:119)
	at org.apache.catalina.core.ApplicationFilterChain.internalDoFilter(ApplicationFilterChain.java:189)
	at org.apache.catalina.core.ApplicationFilterChain.doFilter(ApplicationFilterChain.java:162)
	at org.apache.catalina.core.StandardWrapperValve.invoke(StandardWrapperValve.java:197)
	at org.apache.catalina.core.StandardContextValve.invoke(StandardContextValve.java:97)
	at org.apache.catalina.authenticator.AuthenticatorBase.invoke(AuthenticatorBase.java:542)
	at org.apache.catalina.core.StandardHostValve.invoke(StandardHostValve.java:135)
	at org.apache.catalina.valves.ErrorReportValve.invoke(ErrorReportValve.java:92)
	at org.apache.catalina.core.StandardEngineValve.invoke(StandardEngineValve.java:78)
	at org.apache.catalina.connector.CoyoteAdapter.service(CoyoteAdapter.java:357)
	at org.apache.coyote.http11.Http11Processor.service(Http11Processor.java:382)
	at org.apache.coyote.AbstractProcessorLight.process(AbstractProcessorLight.java:65)
	at org.apache.coyote.AbstractProtocol$ConnectionHandler.process(AbstractProtocol.java:893)
	at org.apache.tomcat.util.net.NioEndpoint$SocketProcessor.doRun(NioEndpoint.java:1726)
	at org.apache.tomcat.util.net.SocketProcessorBase.run(SocketProcessorBase.java:49)
	at org.apache.tomcat.util.threads.ThreadPoolExecutor.runWorker(ThreadPoolExecutor.java:1191)
	at org.apache.tomcat.util.threads.ThreadPoolExecutor$Worker.run(ThreadPoolExecutor.java:659)
	at org.apache.tomcat.util.threads.TaskThread$WrappingRunnable.run(TaskThread.java:61)
	at java.lang.Thread.run(Thread.java:748)
2022-03-11 17:10:28,121 [main] INFO  -[StartupInfoLogger.java:55]- Starting DeepfakeApplication using Java 1.8.0_261 on LZD-20210917XHH with PID 13704 (D:\workplace\deep-fake-p-backend\target\classes started by Administrator in D:\workplace\deep-fake-p-backend)
2022-03-11 17:10:28,125 [main] INFO  -[SpringApplication.java:659]- No active profile set, falling back to default profiles: default
2022-03-11 17:10:32,548 [main] INFO  -[StartupInfoLogger.java:61]- Started DeepfakeApplication in 4.676 seconds (JVM running for 5.145)
2022-03-11 17:10:34,726 [http-nio-8080-exec-1] ERROR -[DeepfakeDetectionImpl.java:93]- DeefakeDetection Error!
java.io.FileNotFoundException: D:\workplace\deep-fake-p-backend\storage\video\test.mp4 (系统找不到指定的文件。)
	at java.io.FileInputStream.open0(Native Method)
	at java.io.FileInputStream.open(FileInputStream.java:195)
	at java.io.FileInputStream.<init>(FileInputStream.java:138)
	at java.io.FileInputStream.<init>(FileInputStream.java:93)
	at sun.net.www.protocol.file.FileURLConnection.connect(FileURLConnection.java:90)
	at sun.net.www.protocol.file.FileURLConnection.getInputStream(FileURLConnection.java:188)
	at org.springframework.core.io.UrlResource.getInputStream(UrlResource.java:186)
	at com.pharaoh.deepfake.service.impl.DeepfakeDetectionImpl.detection(DeepfakeDetectionImpl.java:80)
	at com.pharaoh.deepfake.controller.DeepfakeDetectionController.videoDetection(DeepfakeDetectionController.java:126)
	at sun.reflect.NativeMethodAccessorImpl.invoke0(Native Method)
	at sun.reflect.NativeMethodAccessorImpl.invoke(NativeMethodAccessorImpl.java:62)
	at sun.reflect.DelegatingMethodAccessorImpl.invoke(DelegatingMethodAccessorImpl.java:43)
	at java.lang.reflect.Method.invoke(Method.java:498)
	at org.springframework.web.method.support.InvocableHandlerMethod.doInvoke(InvocableHandlerMethod.java:197)
	at org.springframework.web.method.support.InvocableHandlerMethod.invokeForRequest(InvocableHandlerMethod.java:141)
	at org.springframework.web.servlet.mvc.method.annotation.ServletInvocableHandlerMethod.invokeAndHandle(ServletInvocableHandlerMethod.java:106)
	at org.springframework.web.servlet.mvc.method.annotation.RequestMappingHandlerAdapter.invokeHandlerMethod(RequestMappingHandlerAdapter.java:895)
	at org.springframework.web.servlet.mvc.method.annotation.RequestMappingHandlerAdapter.handleInternal(RequestMappingHandlerAdapter.java:808)
	at org.springframework.web.servlet.mvc.method.AbstractHandlerMethodAdapter.handle(AbstractHandlerMethodAdapter.java:87)
	at org.springframework.web.servlet.DispatcherServlet.doDispatch(DispatcherServlet.java:1064)
	at org.springframework.web.servlet.DispatcherServlet.doService(DispatcherServlet.java:963)
	at org.springframework.web.servlet.FrameworkServlet.processRequest(FrameworkServlet.java:1006)
	at org.springframework.web.servlet.FrameworkServlet.doPost(FrameworkServlet.java:909)
	at javax.servlet.http.HttpServlet.service(HttpServlet.java:681)
	at org.springframework.web.servlet.FrameworkServlet.service(FrameworkServlet.java:883)
	at javax.servlet.http.HttpServlet.service(HttpServlet.java:764)
	at org.apache.catalina.core.ApplicationFilterChain.internalDoFilter(ApplicationFilterChain.java:227)
	at org.apache.catalina.core.ApplicationFilterChain.doFilter(ApplicationFilterChain.java:162)
	at org.apache.tomcat.websocket.server.WsFilter.doFilter(WsFilter.java:53)
	at org.apache.catalina.core.ApplicationFilterChain.internalDoFilter(ApplicationFilterChain.java:189)
	at org.apache.catalina.core.ApplicationFilterChain.doFilter(ApplicationFilterChain.java:162)
	at org.springframework.web.filter.RequestContextFilter.doFilterInternal(RequestContextFilter.java:100)
	at org.springframework.web.filter.OncePerRequestFilter.doFilter(OncePerRequestFilter.java:119)
	at org.apache.catalina.core.ApplicationFilterChain.internalDoFilter(ApplicationFilterChain.java:189)
	at org.apache.catalina.core.ApplicationFilterChain.doFilter(ApplicationFilterChain.java:162)
	at org.springframework.web.filter.FormContentFilter.doFilterInternal(FormContentFilter.java:93)
	at org.springframework.web.filter.OncePerRequestFilter.doFilter(OncePerRequestFilter.java:119)
	at org.apache.catalina.core.ApplicationFilterChain.internalDoFilter(ApplicationFilterChain.java:189)
	at org.apache.catalina.core.ApplicationFilterChain.doFilter(ApplicationFilterChain.java:162)
	at org.springframework.boot.actuate.metrics.web.servlet.WebMvcMetricsFilter.doFilterInternal(WebMvcMetricsFilter.java:96)
	at org.springframework.web.filter.OncePerRequestFilter.doFilter(OncePerRequestFilter.java:119)
	at org.apache.catalina.core.ApplicationFilterChain.internalDoFilter(ApplicationFilterChain.java:189)
	at org.apache.catalina.core.ApplicationFilterChain.doFilter(ApplicationFilterChain.java:162)
	at org.springframework.web.filter.CharacterEncodingFilter.doFilterInternal(CharacterEncodingFilter.java:201)
	at org.springframework.web.filter.OncePerRequestFilter.doFilter(OncePerRequestFilter.java:119)
	at org.apache.catalina.core.ApplicationFilterChain.internalDoFilter(ApplicationFilterChain.java:189)
	at org.apache.catalina.core.ApplicationFilterChain.doFilter(ApplicationFilterChain.java:162)
	at org.apache.catalina.core.StandardWrapperValve.invoke(StandardWrapperValve.java:197)
	at org.apache.catalina.core.StandardContextValve.invoke(StandardContextValve.java:97)
	at org.apache.catalina.authenticator.AuthenticatorBase.invoke(AuthenticatorBase.java:542)
	at org.apache.catalina.core.StandardHostValve.invoke(StandardHostValve.java:135)
	at org.apache.catalina.valves.ErrorReportValve.invoke(ErrorReportValve.java:92)
	at org.apache.catalina.core.StandardEngineValve.invoke(StandardEngineValve.java:78)
	at org.apache.catalina.connector.CoyoteAdapter.service(CoyoteAdapter.java:357)
	at org.apache.coyote.http11.Http11Processor.service(Http11Processor.java:382)
	at org.apache.coyote.AbstractProcessorLight.process(AbstractProcessorLight.java:65)
	at org.apache.coyote.AbstractProtocol$ConnectionHandler.process(AbstractProtocol.java:893)
	at org.apache.tomcat.util.net.NioEndpoint$SocketProcessor.doRun(NioEndpoint.java:1726)
	at org.apache.tomcat.util.net.SocketProcessorBase.run(SocketProcessorBase.java:49)
	at org.apache.tomcat.util.threads.ThreadPoolExecutor.runWorker(ThreadPoolExecutor.java:1191)
	at org.apache.tomcat.util.threads.ThreadPoolExecutor$Worker.run(ThreadPoolExecutor.java:659)
	at org.apache.tomcat.util.threads.TaskThread$WrappingRunnable.run(TaskThread.java:61)
	at java.lang.Thread.run(Thread.java:748)
2022-03-11 17:24:54,286 [main] INFO  -[StartupInfoLogger.java:55]- Starting DeepfakeApplication using Java 1.8.0_261 on LZD-20210917XHH with PID 4940 (D:\workplace\deep-fake-p-backend\target\classes started by Administrator in D:\workplace\deep-fake-p-backend)
2022-03-11 17:24:54,289 [main] INFO  -[SpringApplication.java:659]- No active profile set, falling back to default profiles: default
2022-03-11 17:24:58,638 [main] INFO  -[StartupInfoLogger.java:61]- Started DeepfakeApplication in 4.651 seconds (JVM running for 5.231)
