2022-03-21 09:25:26,951 [http-nio-8080-exec-5] ERROR -[AdversarialWebSocketController.java:35]- AdversarialDetection Error!
java.io.IOException: Cannot run program "tail": CreateProcess error=2, 系统找不到指定的文件。
	at java.lang.ProcessBuilder.start(ProcessBuilder.java:1048)
	at java.lang.Runtime.exec(Runtime.java:621)
	at java.lang.Runtime.exec(Runtime.java:486)
	at com.pharaoh.deepfake.controller.AdversarialWebSocketController.onOpen(AdversarialWebSocketController.java:30)
	at sun.reflect.NativeMethodAccessorImpl.invoke0(Native Method)
	at sun.reflect.NativeMethodAccessorImpl.invoke(NativeMethodAccessorImpl.java:62)
	at sun.reflect.DelegatingMethodAccessorImpl.invoke(DelegatingMethodAccessorImpl.java:43)
	at java.lang.reflect.Method.invoke(Method.java:498)
	at org.apache.tomcat.websocket.pojo.PojoEndpointBase.doOnOpen(PojoEndpointBase.java:69)
	at org.apache.tomcat.websocket.pojo.PojoEndpointServer.onOpen(PojoEndpointServer.java:48)
	at org.apache.tomcat.websocket.server.WsHttpUpgradeHandler.init(WsHttpUpgradeHandler.java:135)
	at org.apache.coyote.AbstractProtocol$ConnectionHandler.process(AbstractProtocol.java:940)
	at org.apache.tomcat.util.net.NioEndpoint$SocketProcessor.doRun(NioEndpoint.java:1726)
	at org.apache.tomcat.util.net.SocketProcessorBase.run(SocketProcessorBase.java:49)
	at org.apache.tomcat.util.threads.ThreadPoolExecutor.runWorker(ThreadPoolExecutor.java:1191)
	at org.apache.tomcat.util.threads.ThreadPoolExecutor$Worker.run(ThreadPoolExecutor.java:659)
	at org.apache.tomcat.util.threads.TaskThread$WrappingRunnable.run(TaskThread.java:61)
	at java.lang.Thread.run(Thread.java:748)
Caused by: java.io.IOException: CreateProcess error=2, 系统找不到指定的文件。
	at java.lang.ProcessImpl.create(Native Method)
	at java.lang.ProcessImpl.<init>(ProcessImpl.java:444)
	at java.lang.ProcessImpl.start(ProcessImpl.java:140)
	at java.lang.ProcessBuilder.start(ProcessBuilder.java:1029)
	... 17 common frames omitted
2022-03-21 09:43:25,591 [main] INFO  -[StartupInfoLogger.java:55]- Starting DeepfakeApplication using Java 1.8.0_261 on LZD-20210917XHH with PID 7548 (D:\workplace\deep-fake-p-backend\target\classes started by Administrator in D:\workplace\deep-fake-p-backend)
2022-03-21 09:43:25,596 [main] INFO  -[SpringApplication.java:659]- No active profile set, falling back to default profiles: default
2022-03-21 09:43:30,907 [main] INFO  -[StartupInfoLogger.java:61]- Started DeepfakeApplication in 5.584 seconds (JVM running for 6.163)
2022-03-21 10:04:14,954 [main] INFO  -[StartupInfoLogger.java:55]- Starting DeepfakeApplication using Java 1.8.0_261 on LZD-20210917XHH with PID 20188 (D:\workplace\deep-fake-p-backend\target\classes started by Administrator in D:\workplace\deep-fake-p-backend)
2022-03-21 10:04:14,957 [main] INFO  -[SpringApplication.java:659]- No active profile set, falling back to default profiles: default
2022-03-21 10:04:20,232 [main] INFO  -[StartupInfoLogger.java:61]- Started DeepfakeApplication in 5.541 seconds (JVM running for 6.741)
2022-03-21 10:04:47,862 [main] INFO  -[StartupInfoLogger.java:55]- Starting DeepfakeApplication using Java 1.8.0_261 on LZD-20210917XHH with PID 14628 (D:\workplace\deep-fake-p-backend\target\classes started by Administrator in D:\workplace\deep-fake-p-backend)
2022-03-21 10:04:47,864 [main] INFO  -[SpringApplication.java:659]- No active profile set, falling back to default profiles: default
2022-03-21 10:04:53,755 [main] INFO  -[StartupInfoLogger.java:61]- Started DeepfakeApplication in 6.308 seconds (JVM running for 7.276)
2022-03-21 10:06:34,323 [main] INFO  -[StartupInfoLogger.java:55]- Starting DeepfakeApplication using Java 1.8.0_261 on LZD-20210917XHH with PID 12368 (D:\workplace\deep-fake-p-backend\target\classes started by Administrator in D:\workplace\deep-fake-p-backend)
2022-03-21 10:06:34,326 [main] INFO  -[SpringApplication.java:659]- No active profile set, falling back to default profiles: default
2022-03-21 10:06:40,011 [main] INFO  -[StartupInfoLogger.java:61]- Started DeepfakeApplication in 6.103 seconds (JVM running for 7.111)
2022-03-22 16:20:34,944 [main] INFO  -[StartupInfoLogger.java:55]- Starting VideoRepositoryTest using Java 1.8.0_261 on LZD-20210917XHH with PID 18452 (started by Administrator in D:\workplace\deep-fake-p-backend)
2022-03-22 16:20:34,948 [main] INFO  -[SpringApplication.java:659]- No active profile set, falling back to default profiles: default
2022-03-22 16:20:42,677 [main] INFO  -[StartupInfoLogger.java:55]- Starting VideoRepositoryTest using Java 1.8.0_261 on LZD-20210917XHH with PID 18452 (started by Administrator in D:\workplace\deep-fake-p-backend)
2022-03-22 16:20:42,677 [main] INFO  -[SpringApplication.java:659]- No active profile set, falling back to default profiles: default
2022-03-22 16:22:02,688 [main] INFO  -[StartupInfoLogger.java:55]- Starting VideoRepositoryTest using Java 1.8.0_261 on LZD-20210917XHH with PID 21788 (started by Administrator in D:\workplace\deep-fake-p-backend)
2022-03-22 16:22:02,690 [main] INFO  -[SpringApplication.java:659]- No active profile set, falling back to default profiles: default
2022-03-22 16:22:10,495 [main] INFO  -[StartupInfoLogger.java:55]- Starting VideoRepositoryTest using Java 1.8.0_261 on LZD-20210917XHH with PID 21788 (started by Administrator in D:\workplace\deep-fake-p-backend)
2022-03-22 16:22:10,495 [main] INFO  -[SpringApplication.java:659]- No active profile set, falling back to default profiles: default
2022-03-22 16:23:19,088 [main] INFO  -[StartupInfoLogger.java:55]- Starting VideoRepositoryTest using Java 1.8.0_261 on LZD-20210917XHH with PID 17872 (started by Administrator in D:\workplace\deep-fake-p-backend)
2022-03-22 16:23:19,089 [main] INFO  -[SpringApplication.java:659]- No active profile set, falling back to default profiles: default
2022-03-22 16:23:29,110 [main] INFO  -[StartupInfoLogger.java:55]- Starting VideoRepositoryTest using Java 1.8.0_261 on LZD-20210917XHH with PID 17872 (started by Administrator in D:\workplace\deep-fake-p-backend)
2022-03-22 16:23:29,110 [main] INFO  -[SpringApplication.java:659]- No active profile set, falling back to default profiles: default
2022-03-22 16:24:12,956 [main] INFO  -[StartupInfoLogger.java:55]- Starting VideoRepositoryTest using Java 1.8.0_261 on LZD-20210917XHH with PID 11004 (started by Administrator in D:\workplace\deep-fake-p-backend)
2022-03-22 16:24:12,958 [main] INFO  -[SpringApplication.java:659]- No active profile set, falling back to default profiles: default
2022-03-22 16:24:22,219 [main] INFO  -[StartupInfoLogger.java:61]- Started VideoRepositoryTest in 9.532 seconds (JVM running for 10.602)
2022-03-22 16:38:29,175 [main] INFO  -[StartupInfoLogger.java:55]- Starting VideoRepositoryTest using Java 1.8.0_261 on LZD-20210917XHH with PID 9416 (started by Administrator in D:\workplace\deep-fake-p-backend)
2022-03-22 16:38:29,177 [main] INFO  -[SpringApplication.java:659]- No active profile set, falling back to default profiles: default
2022-03-22 16:38:39,503 [main] INFO  -[StartupInfoLogger.java:61]- Started VideoRepositoryTest in 10.612 seconds (JVM running for 11.786)
2022-03-22 16:38:52,922 [main] INFO  -[StartupInfoLogger.java:55]- Starting DeepfakeApplication using Java 1.8.0_261 on LZD-20210917XHH with PID 12392 (D:\workplace\deep-fake-p-backend\target\classes started by Administrator in D:\workplace\deep-fake-p-backend)
2022-03-22 16:38:52,925 [main] INFO  -[SpringApplication.java:659]- No active profile set, falling back to default profiles: default
2022-03-22 16:38:58,482 [main] INFO  -[StartupInfoLogger.java:61]- Started DeepfakeApplication in 5.848 seconds (JVM running for 6.69)
2022-03-22 16:41:52,648 [main] INFO  -[StartupInfoLogger.java:55]- Starting DeepfakeApplication using Java 1.8.0_261 on LZD-20210917XHH with PID 5500 (D:\workplace\deep-fake-p-backend\target\classes started by Administrator in D:\workplace\deep-fake-p-backend)
2022-03-22 16:41:52,651 [main] INFO  -[SpringApplication.java:659]- No active profile set, falling back to default profiles: default
2022-03-22 16:41:58,031 [main] INFO  -[StartupInfoLogger.java:61]- Started DeepfakeApplication in 5.672 seconds (JVM running for 6.366)
2022-03-22 16:53:26,549 [main] INFO  -[StartupInfoLogger.java:55]- Starting DeepfakeApplication using Java 1.8.0_261 on LZD-20210917XHH with PID 16180 (D:\workplace\deep-fake-p-backend\target\classes started by Administrator in D:\workplace\deep-fake-p-backend)
2022-03-22 16:53:26,552 [main] INFO  -[SpringApplication.java:659]- No active profile set, falling back to default profiles: default
2022-03-22 16:53:33,338 [main] INFO  -[StartupInfoLogger.java:61]- Started DeepfakeApplication in 7.082 seconds (JVM running for 7.896)
2022-03-22 16:53:42,702 [main] INFO  -[StartupInfoLogger.java:55]- Starting DeepfakeApplication using Java 1.8.0_261 on LZD-20210917XHH with PID 18648 (D:\workplace\deep-fake-p-backend\target\classes started by Administrator in D:\workplace\deep-fake-p-backend)
2022-03-22 16:53:42,705 [main] INFO  -[SpringApplication.java:659]- No active profile set, falling back to default profiles: default
2022-03-22 16:53:48,078 [main] INFO  -[StartupInfoLogger.java:61]- Started DeepfakeApplication in 5.667 seconds (JVM running for 6.357)
