2022-09-23 12:44:03,743 [http-nio-8080-exec-3] DEBUG -[SqlStatementLogger.java:94]- select image0_.id as id1_7_, image0_.filename as filename2_7_ from image image0_
2022-09-23 12:44:44,044 [http-nio-8080-exec-6] DEBUG -[SqlStatementLogger.java:94]- select image0_.id as col_0_0_ from image image0_ where image0_.filename=? limit ?
2022-09-23 12:44:44,044 [http-nio-8080-exec-4] DEBUG -[SqlStatementLogger.java:94]- select image0_.id as col_0_0_ from image image0_ where image0_.filename=? limit ?
2022-09-23 12:44:44,044 [http-nio-8080-exec-5] DEBUG -[SqlStatementLogger.java:94]- select image0_.id as col_0_0_ from image image0_ where image0_.filename=? limit ?
2022-09-23 12:44:44,044 [http-nio-8080-exec-2] DEBUG -[SqlStatementLogger.java:94]- select image0_.id as col_0_0_ from image image0_ where image0_.filename=? limit ?
2022-09-23 12:44:44,044 [http-nio-8080-exec-1] DEBUG -[SqlStatementLogger.java:94]- select image0_.id as col_0_0_ from image image0_ where image0_.filename=? limit ?
2022-09-23 12:44:44,044 [http-nio-8080-exec-3] DEBUG -[SqlStatementLogger.java:94]- select image0_.id as col_0_0_ from image image0_ where image0_.filename=? limit ?
2022-09-23 12:44:44,077 [http-nio-8080-exec-5] DEBUG -[SqlStatementLogger.java:94]- select image0_.id as col_0_0_ from image image0_ where image0_.filename=? limit ?
2022-09-23 12:44:44,078 [http-nio-8080-exec-6] DEBUG -[SqlStatementLogger.java:94]- select image0_.id as col_0_0_ from image image0_ where image0_.filename=? limit ?
2022-09-23 12:44:44,078 [http-nio-8080-exec-3] DEBUG -[SqlStatementLogger.java:94]- select image0_.id as col_0_0_ from image image0_ where image0_.filename=? limit ?
2022-09-23 12:44:44,078 [http-nio-8080-exec-2] DEBUG -[SqlStatementLogger.java:94]- select image0_.id as col_0_0_ from image image0_ where image0_.filename=? limit ?
2022-09-23 12:44:44,111 [http-nio-8080-exec-4] DEBUG -[SqlStatementLogger.java:94]- select image0_.id as col_0_0_ from image image0_ where image0_.filename=? limit ?
2022-09-23 12:44:44,114 [http-nio-8080-exec-4] DEBUG -[SqlStatementLogger.java:94]- select image0_.id as col_0_0_ from image image0_ where image0_.filename=? limit ?
2022-09-23 12:44:44,128 [http-nio-8080-exec-2] DEBUG -[SqlStatementLogger.java:94]- insert into image (filename) values (?)
2022-09-23 12:44:44,128 [http-nio-8080-exec-6] DEBUG -[SqlStatementLogger.java:94]- insert into image (filename) values (?)
2022-09-23 12:44:44,128 [http-nio-8080-exec-5] DEBUG -[SqlStatementLogger.java:94]- insert into image (filename) values (?)
2022-09-23 12:44:44,128 [http-nio-8080-exec-4] DEBUG -[SqlStatementLogger.java:94]- insert into image (filename) values (?)
2022-09-23 12:44:44,128 [http-nio-8080-exec-3] DEBUG -[SqlStatementLogger.java:94]- insert into image (filename) values (?)
2022-09-23 12:44:44,128 [http-nio-8080-exec-1] DEBUG -[SqlStatementLogger.java:94]- insert into image (filename) values (?)
2022-09-23 12:44:44,260 [http-nio-8080-exec-7] DEBUG -[SqlStatementLogger.java:94]- select image0_.id as col_0_0_ from image image0_ where image0_.filename=? limit ?
2022-09-23 12:44:44,264 [http-nio-8080-exec-7] DEBUG -[SqlStatementLogger.java:94]- select image0_.id as col_0_0_ from image image0_ where image0_.filename=? limit ?
2022-09-23 12:44:44,273 [http-nio-8080-exec-7] DEBUG -[SqlStatementLogger.java:94]- insert into image (filename) values (?)
2022-09-23 12:44:44,332 [http-nio-8080-exec-2] DEBUG -[SqlStatementLogger.java:94]- select image0_.id as col_0_0_ from image image0_ where image0_.filename=? limit ?
2022-09-23 12:44:44,332 [http-nio-8080-exec-3] DEBUG -[SqlStatementLogger.java:94]- select image0_.id as col_0_0_ from image image0_ where image0_.filename=? limit ?
2022-09-23 12:44:44,332 [http-nio-8080-exec-8] DEBUG -[SqlStatementLogger.java:94]- select image0_.id as col_0_0_ from image image0_ where image0_.filename=? limit ?
2022-09-23 12:44:44,333 [http-nio-8080-exec-9] DEBUG -[SqlStatementLogger.java:94]- select image0_.id as col_0_0_ from image image0_ where image0_.filename=? limit ?
2022-09-23 12:44:44,336 [http-nio-8080-exec-8] DEBUG -[SqlStatementLogger.java:94]- select image0_.id as col_0_0_ from image image0_ where image0_.filename=? limit ?
2022-09-23 12:44:44,337 [http-nio-8080-exec-10] DEBUG -[SqlStatementLogger.java:94]- select image0_.id as col_0_0_ from image image0_ where image0_.filename=? limit ?
2022-09-23 12:44:44,342 [http-nio-8080-exec-9] DEBUG -[SqlStatementLogger.java:94]- insert into image (filename) values (?)
2022-09-23 12:44:44,342 [http-nio-8080-exec-2] DEBUG -[SqlStatementLogger.java:94]- insert into image (filename) values (?)
2022-09-23 12:44:44,346 [http-nio-8080-exec-8] DEBUG -[SqlStatementLogger.java:94]- insert into image (filename) values (?)
2022-09-23 12:44:44,350 [http-nio-8080-exec-10] DEBUG -[SqlStatementLogger.java:94]- insert into image (filename) values (?)
2022-09-23 12:44:44,862 [http-nio-8080-exec-6] DEBUG -[SqlStatementLogger.java:94]- select image0_.id as id1_7_, image0_.filename as filename2_7_ from image image0_
2022-09-23 12:48:18,057 [http-nio-8080-exec-4] DEBUG -[SqlStatementLogger.java:94]- select image0_.id as col_0_0_ from image image0_ where image0_.filename=? limit ?
2022-09-23 12:48:18,057 [http-nio-8080-exec-8] DEBUG -[SqlStatementLogger.java:94]- select image0_.id as col_0_0_ from image image0_ where image0_.filename=? limit ?
2022-09-23 12:48:18,060 [http-nio-8080-exec-6] DEBUG -[SqlStatementLogger.java:94]- select image0_.id as col_0_0_ from image image0_ where image0_.filename=? limit ?
2022-09-23 12:48:18,064 [http-nio-8080-exec-4] DEBUG -[SqlStatementLogger.java:94]- select image0_.id as col_0_0_ from image image0_ where image0_.filename=? limit ?
2022-09-23 12:48:18,064 [http-nio-8080-exec-8] DEBUG -[SqlStatementLogger.java:94]- select image0_.id as col_0_0_ from image image0_ where image0_.filename=? limit ?
2022-09-23 12:48:18,067 [http-nio-8080-exec-6] DEBUG -[SqlStatementLogger.java:94]- select image0_.id as col_0_0_ from image image0_ where image0_.filename=? limit ?
2022-09-23 12:48:18,066 [http-nio-8080-exec-5] DEBUG -[SqlStatementLogger.java:94]- select image0_.id as col_0_0_ from image image0_ where image0_.filename=? limit ?
2022-09-23 12:48:18,069 [http-nio-8080-exec-4] DEBUG -[SqlStatementLogger.java:94]- select image0_.id as col_0_0_ from image image0_ where image0_.filename=? limit ?
2022-09-23 12:48:18,070 [http-nio-8080-exec-8] DEBUG -[SqlStatementLogger.java:94]- select image0_.id as col_0_0_ from image image0_ where image0_.filename=? limit ?
2022-09-23 12:48:18,071 [http-nio-8080-exec-7] DEBUG -[SqlStatementLogger.java:94]- select image0_.id as col_0_0_ from image image0_ where image0_.filename=? limit ?
2022-09-23 12:48:18,071 [http-nio-8080-exec-3] DEBUG -[SqlStatementLogger.java:94]- select image0_.id as col_0_0_ from image image0_ where image0_.filename=? limit ?
2022-09-23 12:48:18,072 [http-nio-8080-exec-6] DEBUG -[SqlStatementLogger.java:94]- select image0_.id as col_0_0_ from image image0_ where image0_.filename=? limit ?
2022-09-23 12:48:18,074 [http-nio-8080-exec-5] DEBUG -[SqlStatementLogger.java:94]- select image0_.id as col_0_0_ from image image0_ where image0_.filename=? limit ?
2022-09-23 12:48:18,076 [http-nio-8080-exec-3] DEBUG -[SqlStatementLogger.java:94]- select image0_.id as col_0_0_ from image image0_ where image0_.filename=? limit ?
2022-09-23 12:48:18,076 [http-nio-8080-exec-7] DEBUG -[SqlStatementLogger.java:94]- select image0_.id as col_0_0_ from image image0_ where image0_.filename=? limit ?
2022-09-23 12:48:18,076 [http-nio-8080-exec-4] DEBUG -[SqlStatementLogger.java:94]- insert into image (filename) values (?)
2022-09-23 12:48:18,076 [http-nio-8080-exec-8] DEBUG -[SqlStatementLogger.java:94]- insert into image (filename) values (?)
2022-09-23 12:48:18,077 [http-nio-8080-exec-6] DEBUG -[SqlStatementLogger.java:94]- insert into image (filename) values (?)
2022-09-23 12:48:18,078 [http-nio-8080-exec-5] DEBUG -[SqlStatementLogger.java:94]- insert into image (filename) values (?)
2022-09-23 12:48:18,080 [http-nio-8080-exec-3] DEBUG -[SqlStatementLogger.java:94]- insert into image (filename) values (?)
2022-09-23 12:48:18,080 [http-nio-8080-exec-7] DEBUG -[SqlStatementLogger.java:94]- insert into image (filename) values (?)
2022-09-23 12:48:18,162 [http-nio-8080-exec-9] DEBUG -[SqlStatementLogger.java:94]- select image0_.id as col_0_0_ from image image0_ where image0_.filename=? limit ?
2022-09-23 12:48:18,166 [http-nio-8080-exec-9] DEBUG -[SqlStatementLogger.java:94]- select image0_.id as col_0_0_ from image image0_ where image0_.filename=? limit ?
2022-09-23 12:48:18,176 [http-nio-8080-exec-9] DEBUG -[SqlStatementLogger.java:94]- insert into image (filename) values (?)
2022-09-23 12:48:18,223 [http-nio-8080-exec-2] DEBUG -[SqlStatementLogger.java:94]- select image0_.id as col_0_0_ from image image0_ where image0_.filename=? limit ?
2022-09-23 12:48:18,223 [http-nio-8080-exec-10] DEBUG -[SqlStatementLogger.java:94]- select image0_.id as col_0_0_ from image image0_ where image0_.filename=? limit ?
2022-09-23 12:48:18,224 [http-nio-8080-exec-8] DEBUG -[SqlStatementLogger.java:94]- select image0_.id as col_0_0_ from image image0_ where image0_.filename=? limit ?
2022-09-23 12:48:18,224 [http-nio-8080-exec-1] DEBUG -[SqlStatementLogger.java:94]- select image0_.id as col_0_0_ from image image0_ where image0_.filename=? limit ?
2022-09-23 12:48:18,227 [http-nio-8080-exec-10] DEBUG -[SqlStatementLogger.java:94]- select image0_.id as col_0_0_ from image image0_ where image0_.filename=? limit ?
2022-09-23 12:48:18,228 [http-nio-8080-exec-8] DEBUG -[SqlStatementLogger.java:94]- select image0_.id as col_0_0_ from image image0_ where image0_.filename=? limit ?
2022-09-23 12:48:18,228 [http-nio-8080-exec-1] DEBUG -[SqlStatementLogger.java:94]- select image0_.id as col_0_0_ from image image0_ where image0_.filename=? limit ?
2022-09-23 12:48:18,228 [http-nio-8080-exec-2] DEBUG -[SqlStatementLogger.java:94]- select image0_.id as col_0_0_ from image image0_ where image0_.filename=? limit ?
2022-09-23 12:48:18,232 [http-nio-8080-exec-1] DEBUG -[SqlStatementLogger.java:94]- select image0_.id as col_0_0_ from image image0_ where image0_.filename=? limit ?
2022-09-23 12:48:18,233 [http-nio-8080-exec-8] DEBUG -[SqlStatementLogger.java:94]- select image0_.id as col_0_0_ from image image0_ where image0_.filename=? limit ?
2022-09-23 12:48:18,233 [http-nio-8080-exec-10] DEBUG -[SqlStatementLogger.java:94]- select image0_.id as col_0_0_ from image image0_ where image0_.filename=? limit ?
2022-09-23 12:48:18,238 [http-nio-8080-exec-2] DEBUG -[SqlStatementLogger.java:94]- insert into image (filename) values (?)
2022-09-23 12:48:18,243 [http-nio-8080-exec-10] DEBUG -[SqlStatementLogger.java:94]- insert into image (filename) values (?)
2022-09-23 12:48:18,243 [http-nio-8080-exec-8] DEBUG -[SqlStatementLogger.java:94]- insert into image (filename) values (?)
2022-09-23 12:48:18,243 [http-nio-8080-exec-1] DEBUG -[SqlStatementLogger.java:94]- insert into image (filename) values (?)
2022-09-23 12:48:18,268 [http-nio-8080-exec-7] DEBUG -[SqlStatementLogger.java:94]- select image0_.id as col_0_0_ from image image0_ where image0_.filename=? limit ?
2022-09-23 12:48:18,278 [http-nio-8080-exec-7] DEBUG -[SqlStatementLogger.java:94]- select image0_.id as col_0_0_ from image image0_ where image0_.filename=? limit ?
2022-09-23 12:48:18,281 [http-nio-8080-exec-7] DEBUG -[SqlStatementLogger.java:94]- select image0_.id as col_0_0_ from image image0_ where image0_.filename=? limit ?
2022-09-23 12:48:18,292 [http-nio-8080-exec-7] DEBUG -[SqlStatementLogger.java:94]- insert into image (filename) values (?)
2022-09-23 12:48:18,296 [http-nio-8080-exec-3] DEBUG -[SqlStatementLogger.java:94]- select image0_.id as col_0_0_ from image image0_ where image0_.filename=? limit ?
2022-09-23 12:48:18,299 [http-nio-8080-exec-3] DEBUG -[SqlStatementLogger.java:94]- select image0_.id as col_0_0_ from image image0_ where image0_.filename=? limit ?
2022-09-23 12:48:18,306 [http-nio-8080-exec-3] DEBUG -[SqlStatementLogger.java:94]- select image0_.id as col_0_0_ from image image0_ where image0_.filename=? limit ?
2022-09-23 12:48:18,312 [http-nio-8080-exec-3] DEBUG -[SqlStatementLogger.java:94]- insert into image (filename) values (?)
2022-09-23 12:48:18,764 [http-nio-8080-exec-4] DEBUG -[SqlStatementLogger.java:94]- select image0_.id as id1_7_, image0_.filename as filename2_7_ from image image0_
2022-09-23 12:49:22,346 [http-nio-8080-exec-3] DEBUG -[SqlStatementLogger.java:94]- select image0_.id as col_0_0_ from image image0_ where image0_.filename=? limit ?
2022-09-23 12:49:22,346 [http-nio-8080-exec-2] DEBUG -[SqlStatementLogger.java:94]- select image0_.id as col_0_0_ from image image0_ where image0_.filename=? limit ?
2022-09-23 12:49:22,346 [http-nio-8080-exec-5] DEBUG -[SqlStatementLogger.java:94]- select image0_.id as col_0_0_ from image image0_ where image0_.filename=? limit ?
2022-09-23 12:49:22,346 [http-nio-8080-exec-1] DEBUG -[SqlStatementLogger.java:94]- select image0_.id as col_0_0_ from image image0_ where image0_.filename=? limit ?
2022-09-23 12:49:22,346 [http-nio-8080-exec-6] DEBUG -[SqlStatementLogger.java:94]- select image0_.id as col_0_0_ from image image0_ where image0_.filename=? limit ?
2022-09-23 12:49:22,346 [http-nio-8080-exec-4] DEBUG -[SqlStatementLogger.java:94]- select image0_.id as col_0_0_ from image image0_ where image0_.filename=? limit ?
2022-09-23 12:49:22,423 [http-nio-8080-exec-6] DEBUG -[SqlStatementLogger.java:94]- insert into image (filename) values (?)
2022-09-23 12:49:22,423 [http-nio-8080-exec-3] DEBUG -[SqlStatementLogger.java:94]- insert into image (filename) values (?)
2022-09-23 12:49:22,423 [http-nio-8080-exec-4] DEBUG -[SqlStatementLogger.java:94]- insert into image (filename) values (?)
2022-09-23 12:49:22,423 [http-nio-8080-exec-5] DEBUG -[SqlStatementLogger.java:94]- insert into image (filename) values (?)
2022-09-23 12:49:22,423 [http-nio-8080-exec-1] DEBUG -[SqlStatementLogger.java:94]- insert into image (filename) values (?)
2022-09-23 12:49:22,423 [http-nio-8080-exec-2] DEBUG -[SqlStatementLogger.java:94]- insert into image (filename) values (?)
2022-09-23 12:49:22,568 [http-nio-8080-exec-2] DEBUG -[SqlStatementLogger.java:94]- select image0_.id as col_0_0_ from image image0_ where image0_.filename=? limit ?
2022-09-23 12:49:22,573 [http-nio-8080-exec-2] DEBUG -[SqlStatementLogger.java:94]- insert into image (filename) values (?)
2022-09-23 12:49:22,627 [http-nio-8080-exec-6] DEBUG -[SqlStatementLogger.java:94]- select image0_.id as col_0_0_ from image image0_ where image0_.filename=? limit ?
2022-09-23 12:49:22,628 [http-nio-8080-exec-9] DEBUG -[SqlStatementLogger.java:94]- select image0_.id as col_0_0_ from image image0_ where image0_.filename=? limit ?
2022-09-23 12:49:22,628 [http-nio-8080-exec-7] DEBUG -[SqlStatementLogger.java:94]- select image0_.id as col_0_0_ from image image0_ where image0_.filename=? limit ?
2022-09-23 12:49:22,628 [http-nio-8080-exec-10] DEBUG -[SqlStatementLogger.java:94]- select image0_.id as col_0_0_ from image image0_ where image0_.filename=? limit ?
2022-09-23 12:49:22,629 [http-nio-8080-exec-8] DEBUG -[SqlStatementLogger.java:94]- select image0_.id as col_0_0_ from image image0_ where image0_.filename=? limit ?
2022-09-23 12:49:22,637 [http-nio-8080-exec-9] DEBUG -[SqlStatementLogger.java:94]- insert into image (filename) values (?)
2022-09-23 12:49:22,637 [http-nio-8080-exec-7] DEBUG -[SqlStatementLogger.java:94]- insert into image (filename) values (?)
2022-09-23 12:49:22,637 [http-nio-8080-exec-10] DEBUG -[SqlStatementLogger.java:94]- insert into image (filename) values (?)
2022-09-23 12:49:22,637 [http-nio-8080-exec-6] DEBUG -[SqlStatementLogger.java:94]- insert into image (filename) values (?)
2022-09-23 12:49:22,637 [http-nio-8080-exec-8] DEBUG -[SqlStatementLogger.java:94]- insert into image (filename) values (?)
2022-09-23 12:49:22,693 [http-nio-8080-exec-2] DEBUG -[SqlStatementLogger.java:94]- select image0_.id as col_0_0_ from image image0_ where image0_.filename=? limit ?
2022-09-23 12:49:22,699 [http-nio-8080-exec-2] DEBUG -[SqlStatementLogger.java:94]- insert into image (filename) values (?)
2022-09-23 12:49:23,210 [http-nio-8080-exec-5] DEBUG -[SqlStatementLogger.java:94]- select image0_.id as id1_7_, image0_.filename as filename2_7_ from image image0_
2022-09-23 12:59:14,015 [http-nio-8080-exec-3] DEBUG -[SqlStatementLogger.java:94]- select image0_.id as id1_7_, image0_.filename as filename2_7_ from image image0_
2022-09-23 12:59:15,062 [http-nio-8080-exec-5] DEBUG -[SqlStatementLogger.java:94]- select image0_.id as col_0_0_ from image image0_ where image0_.filename=? limit ?
2022-09-23 12:59:15,087 [http-nio-8080-exec-5] DEBUG -[SqlStatementLogger.java:94]- insert into image (filename) values (?)
2022-09-23 12:59:15,770 [http-nio-8080-exec-8] DEBUG -[SqlStatementLogger.java:94]- select image0_.id as id1_7_, image0_.filename as filename2_7_ from image image0_
2022-09-23 12:59:30,434 [http-nio-8080-exec-10] DEBUG -[SqlStatementLogger.java:94]- select image0_.id as col_0_0_ from image image0_ where image0_.filename=? limit ?
2022-09-23 12:59:30,446 [http-nio-8080-exec-10] DEBUG -[SqlStatementLogger.java:94]- insert into image (filename) values (?)
2022-09-23 12:59:31,154 [http-nio-8080-exec-2] DEBUG -[SqlStatementLogger.java:94]- select image0_.id as id1_7_, image0_.filename as filename2_7_ from image image0_
2022-09-23 13:00:03,372 [http-nio-8080-exec-1] DEBUG -[SqlStatementLogger.java:94]- select image0_.id as col_0_0_ from image image0_ where image0_.filename=? limit ?
2022-09-23 13:00:03,439 [http-nio-8080-exec-1] DEBUG -[SqlStatementLogger.java:94]- insert into image (filename) values (?)
2022-09-23 13:00:04,185 [http-nio-8080-exec-2] DEBUG -[SqlStatementLogger.java:94]- select image0_.id as id1_7_, image0_.filename as filename2_7_ from image image0_
2022-09-23 13:00:14,741 [http-nio-8080-exec-4] DEBUG -[SqlStatementLogger.java:94]- select forgerydet0_.id as col_0_0_ from forgerydetection forgerydet0_ where forgerydet0_.filename=? limit ?
2022-09-23 13:00:15,615 [http-nio-8080-exec-5] DEBUG -[SqlStatementLogger.java:94]- select forgerydet0_.id as col_0_0_ from forgerydetection forgerydet0_ where forgerydet0_.filename=? limit ?
2022-09-23 13:00:17,849 [http-nio-8080-exec-8] DEBUG -[SqlStatementLogger.java:94]- select forgerydet0_.id as col_0_0_ from forgerydetection forgerydet0_ where forgerydet0_.filename=? limit ?
2022-09-23 13:00:19,487 [http-nio-8080-exec-9] DEBUG -[SqlStatementLogger.java:94]- select forgerydet0_.id as col_0_0_ from forgerydetection forgerydet0_ where forgerydet0_.filename=? limit ?
2022-09-23 13:00:21,288 [http-nio-8080-exec-2] DEBUG -[SqlStatementLogger.java:94]- select forgerydet0_.id as col_0_0_ from forgerydetection forgerydet0_ where forgerydet0_.filename=? limit ?
2022-09-23 13:00:23,048 [http-nio-8080-exec-3] DEBUG -[SqlStatementLogger.java:94]- select image0_.id as id1_7_, image0_.filename as filename2_7_ from image image0_
2022-09-23 13:02:21,055 [http-nio-8080-exec-4] DEBUG -[SqlStatementLogger.java:94]- select image0_.id as id1_7_, image0_.filename as filename2_7_ from image image0_
2022-09-23 13:02:23,600 [http-nio-8080-exec-7] DEBUG -[SqlStatementLogger.java:94]- select image0_.id as col_0_0_ from image image0_ where image0_.filename=? limit ?
2022-09-23 13:02:23,608 [http-nio-8080-exec-7] DEBUG -[SqlStatementLogger.java:94]- insert into image (filename) values (?)
2022-09-23 13:02:24,297 [http-nio-8080-exec-6] DEBUG -[SqlStatementLogger.java:94]- select image0_.id as id1_7_, image0_.filename as filename2_7_ from image image0_
2022-09-23 13:09:25,133 [http-nio-8080-exec-2] DEBUG -[SqlStatementLogger.java:94]- select image0_.id as id1_7_, image0_.filename as filename2_7_ from image image0_
2022-09-23 13:09:25,163 [http-nio-8080-exec-5] DEBUG -[SqlStatementLogger.java:94]- select image0_.id as id1_7_, image0_.filename as filename2_7_ from image image0_
2022-09-23 13:09:52,096 [http-nio-8080-exec-6] DEBUG -[SqlStatementLogger.java:94]- select image0_.id as id1_7_, image0_.filename as filename2_7_ from image image0_
2022-09-23 13:10:14,344 [http-nio-8080-exec-9] DEBUG -[SqlStatementLogger.java:94]- select image0_.id as id1_7_, image0_.filename as filename2_7_ from image image0_
2022-09-23 13:11:25,534 [http-nio-8080-exec-10] DEBUG -[SqlStatementLogger.java:94]- select image0_.id as id1_7_, image0_.filename as filename2_7_ from image image0_
2022-09-23 13:18:37,735 [http-nio-8080-exec-8] DEBUG -[SqlStatementLogger.java:94]- select image0_.id as col_0_0_ from image image0_ where image0_.filename=? limit ?
2022-09-23 13:18:37,737 [http-nio-8080-exec-5] DEBUG -[SqlStatementLogger.java:94]- select image0_.id as col_0_0_ from image image0_ where image0_.filename=? limit ?
2022-09-23 13:18:37,739 [http-nio-8080-exec-3] DEBUG -[SqlStatementLogger.java:94]- select image0_.id as col_0_0_ from image image0_ where image0_.filename=? limit ?
2022-09-23 13:18:37,742 [http-nio-8080-exec-9] DEBUG -[SqlStatementLogger.java:94]- select image0_.id as col_0_0_ from image image0_ where image0_.filename=? limit ?
2022-09-23 13:18:37,743 [http-nio-8080-exec-8] DEBUG -[SqlStatementLogger.java:94]- insert into image (filename) values (?)
2022-09-23 13:18:37,744 [http-nio-8080-exec-3] DEBUG -[SqlStatementLogger.java:94]- select image0_.id as col_0_0_ from image image0_ where image0_.filename=? limit ?
2022-09-23 13:18:37,744 [http-nio-8080-exec-5] DEBUG -[SqlStatementLogger.java:94]- select image0_.id as col_0_0_ from image image0_ where image0_.filename=? limit ?
2022-09-23 13:18:37,746 [http-nio-8080-exec-1] DEBUG -[SqlStatementLogger.java:94]- select image0_.id as col_0_0_ from image image0_ where image0_.filename=? limit ?
2022-09-23 13:18:37,746 [http-nio-8080-exec-6] DEBUG -[SqlStatementLogger.java:94]- select image0_.id as col_0_0_ from image image0_ where image0_.filename=? limit ?
2022-09-23 13:18:37,747 [http-nio-8080-exec-9] DEBUG -[SqlStatementLogger.java:94]- select image0_.id as col_0_0_ from image image0_ where image0_.filename=? limit ?
2022-09-23 13:18:37,750 [http-nio-8080-exec-5] DEBUG -[SqlStatementLogger.java:94]- insert into image (filename) values (?)
2022-09-23 13:18:37,750 [http-nio-8080-exec-3] DEBUG -[SqlStatementLogger.java:94]- insert into image (filename) values (?)
2022-09-23 13:18:37,751 [http-nio-8080-exec-6] DEBUG -[SqlStatementLogger.java:94]- select image0_.id as col_0_0_ from image image0_ where image0_.filename=? limit ?
2022-09-23 13:18:37,754 [http-nio-8080-exec-9] DEBUG -[SqlStatementLogger.java:94]- insert into image (filename) values (?)
2022-09-23 13:18:37,757 [http-nio-8080-exec-6] DEBUG -[SqlStatementLogger.java:94]- insert into image (filename) values (?)
2022-09-23 13:18:37,820 [http-nio-8080-exec-1] DEBUG -[SqlStatementLogger.java:94]- select image0_.id as col_0_0_ from image image0_ where image0_.filename=? limit ?
2022-09-23 13:18:37,825 [http-nio-8080-exec-1] DEBUG -[SqlStatementLogger.java:94]- insert into image (filename) values (?)
2022-09-23 13:18:37,837 [http-nio-8080-exec-7] DEBUG -[SqlStatementLogger.java:94]- select image0_.id as col_0_0_ from image image0_ where image0_.filename=? limit ?
2022-09-23 13:18:37,844 [http-nio-8080-exec-7] DEBUG -[SqlStatementLogger.java:94]- insert into image (filename) values (?)
2022-09-23 13:18:37,888 [http-nio-8080-exec-2] DEBUG -[SqlStatementLogger.java:94]- select image0_.id as col_0_0_ from image image0_ where image0_.filename=? limit ?
2022-09-23 13:18:37,889 [http-nio-8080-exec-8] DEBUG -[SqlStatementLogger.java:94]- select image0_.id as col_0_0_ from image image0_ where image0_.filename=? limit ?
2022-09-23 13:18:37,889 [http-nio-8080-exec-10] DEBUG -[SqlStatementLogger.java:94]- select image0_.id as col_0_0_ from image image0_ where image0_.filename=? limit ?
2022-09-23 13:18:37,890 [http-nio-8080-exec-4] DEBUG -[SqlStatementLogger.java:94]- select image0_.id as col_0_0_ from image image0_ where image0_.filename=? limit ?
2022-09-23 13:18:37,893 [http-nio-8080-exec-8] DEBUG -[SqlStatementLogger.java:94]- select image0_.id as col_0_0_ from image image0_ where image0_.filename=? limit ?
2022-09-23 13:18:37,893 [http-nio-8080-exec-10] DEBUG -[SqlStatementLogger.java:94]- select image0_.id as col_0_0_ from image image0_ where image0_.filename=? limit ?
2022-09-23 13:18:37,894 [http-nio-8080-exec-2] DEBUG -[SqlStatementLogger.java:94]- insert into image (filename) values (?)
2022-09-23 13:18:37,896 [http-nio-8080-exec-4] DEBUG -[SqlStatementLogger.java:94]- insert into image (filename) values (?)
2022-09-23 13:18:37,901 [http-nio-8080-exec-10] DEBUG -[SqlStatementLogger.java:94]- insert into image (filename) values (?)
2022-09-23 13:18:37,901 [http-nio-8080-exec-8] DEBUG -[SqlStatementLogger.java:94]- insert into image (filename) values (?)
2022-09-23 13:18:37,956 [http-nio-8080-exec-6] DEBUG -[SqlStatementLogger.java:94]- select image0_.id as col_0_0_ from image image0_ where image0_.filename=? limit ?
2022-09-23 13:18:37,959 [http-nio-8080-exec-6] DEBUG -[SqlStatementLogger.java:94]- select image0_.id as col_0_0_ from image image0_ where image0_.filename=? limit ?
2022-09-23 13:18:37,964 [http-nio-8080-exec-6] DEBUG -[SqlStatementLogger.java:94]- insert into image (filename) values (?)
2022-09-23 13:18:37,996 [http-nio-8080-exec-5] DEBUG -[SqlStatementLogger.java:94]- select image0_.id as col_0_0_ from image image0_ where image0_.filename=? limit ?
2022-09-23 13:18:38,004 [http-nio-8080-exec-5] DEBUG -[SqlStatementLogger.java:94]- insert into image (filename) values (?)
2022-09-23 13:18:38,073 [http-nio-8080-exec-7] DEBUG -[SqlStatementLogger.java:94]- select image0_.id as col_0_0_ from image image0_ where image0_.filename=? limit ?
2022-09-23 13:18:38,073 [http-nio-8080-exec-1] DEBUG -[SqlStatementLogger.java:94]- select image0_.id as col_0_0_ from image image0_ where image0_.filename=? limit ?
2022-09-23 13:18:38,074 [http-nio-8080-exec-3] DEBUG -[SqlStatementLogger.java:94]- select image0_.id as col_0_0_ from image image0_ where image0_.filename=? limit ?
2022-09-23 13:18:38,075 [http-nio-8080-exec-9] DEBUG -[SqlStatementLogger.java:94]- select image0_.id as col_0_0_ from image image0_ where image0_.filename=? limit ?
2022-09-23 13:18:38,076 [http-nio-8080-exec-3] DEBUG -[SqlStatementLogger.java:94]- select image0_.id as col_0_0_ from image image0_ where image0_.filename=? limit ?
2022-09-23 13:18:38,076 [http-nio-8080-exec-7] DEBUG -[SqlStatementLogger.java:94]- select image0_.id as col_0_0_ from image image0_ where image0_.filename=? limit ?
2022-09-23 13:18:38,077 [http-nio-8080-exec-1] DEBUG -[SqlStatementLogger.java:94]- select image0_.id as col_0_0_ from image image0_ where image0_.filename=? limit ?
2022-09-23 13:18:38,077 [http-nio-8080-exec-9] DEBUG -[SqlStatementLogger.java:94]- select image0_.id as col_0_0_ from image image0_ where image0_.filename=? limit ?
2022-09-23 13:18:38,080 [http-nio-8080-exec-3] DEBUG -[SqlStatementLogger.java:94]- insert into image (filename) values (?)
2022-09-23 13:18:38,082 [http-nio-8080-exec-1] DEBUG -[SqlStatementLogger.java:94]- insert into image (filename) values (?)
2022-09-23 13:18:38,082 [http-nio-8080-exec-9] DEBUG -[SqlStatementLogger.java:94]- insert into image (filename) values (?)
2022-09-23 13:18:38,082 [http-nio-8080-exec-7] DEBUG -[SqlStatementLogger.java:94]- insert into image (filename) values (?)
2022-09-23 13:18:38,473 [http-nio-8080-exec-8] DEBUG -[SqlStatementLogger.java:94]- select image0_.id as id1_7_, image0_.filename as filename2_7_ from image image0_
2022-09-23 13:18:50,317 [http-nio-8080-exec-7] DEBUG -[SqlStatementLogger.java:94]- select video0_.id as id1_12_, video0_.filename as filename2_12_ from video video0_
2022-09-23 13:19:01,663 [http-nio-8080-exec-9] DEBUG -[SqlStatementLogger.java:94]- select image0_.id as id1_7_, image0_.filename as filename2_7_ from image image0_
2022-09-23 13:19:44,281 [http-nio-8080-exec-9] DEBUG -[SqlStatementLogger.java:94]- select image0_.id as id1_7_, image0_.filename as filename2_7_ from image image0_
2022-09-23 13:19:44,367 [http-nio-8080-exec-10] DEBUG -[SqlStatementLogger.java:94]- select image0_.id as id1_7_, image0_.filename as filename2_7_ from image image0_
2022-09-23 13:28:10,276 [http-nio-8080-exec-9] DEBUG -[SqlStatementLogger.java:94]- select image0_.id as id1_7_, image0_.filename as filename2_7_ from image image0_
2022-09-23 13:29:06,835 [http-nio-8080-exec-8] DEBUG -[SqlStatementLogger.java:94]- select image0_.id as id1_7_, image0_.filename as filename2_7_ from image image0_
2022-09-23 13:30:04,718 [http-nio-8080-exec-9] DEBUG -[SqlStatementLogger.java:94]- select image0_.id as id1_7_, image0_.filename as filename2_7_ from image image0_
2022-09-23 13:31:40,058 [http-nio-8080-exec-1] DEBUG -[SqlStatementLogger.java:94]- select image0_.id as id1_7_, image0_.filename as filename2_7_ from image image0_
2022-09-23 13:32:42,197 [http-nio-8080-exec-5] DEBUG -[SqlStatementLogger.java:94]- select video0_.id as id1_12_, video0_.filename as filename2_12_ from video video0_
2022-09-23 13:33:11,023 [http-nio-8080-exec-7] DEBUG -[SqlStatementLogger.java:94]- select image0_.id as id1_7_, image0_.filename as filename2_7_ from image image0_
2022-09-23 13:33:17,648 [http-nio-8080-exec-10] DEBUG -[SqlStatementLogger.java:94]- select image0_.id as col_0_0_ from image image0_ where image0_.filename=? limit ?
2022-09-23 13:33:17,654 [http-nio-8080-exec-10] DEBUG -[SqlStatementLogger.java:94]- select image0_.id as col_0_0_ from image image0_ where image0_.filename=? limit ?
2022-09-23 13:33:17,662 [http-nio-8080-exec-10] DEBUG -[SqlStatementLogger.java:94]- insert into image (filename) values (?)
2022-09-23 13:33:18,343 [http-nio-8080-exec-9] DEBUG -[SqlStatementLogger.java:94]- select image0_.id as id1_7_, image0_.filename as filename2_7_ from image image0_
2022-09-23 13:33:40,443 [http-nio-8080-exec-4] DEBUG -[SqlStatementLogger.java:94]- select video0_.id as id1_12_, video0_.filename as filename2_12_ from video video0_
2022-09-23 13:33:52,530 [http-nio-8080-exec-8] DEBUG -[SqlStatementLogger.java:94]- select video0_.id as id1_12_, video0_.filename as filename2_12_ from video video0_
2022-09-23 13:34:07,933 [http-nio-8080-exec-3] DEBUG -[SqlStatementLogger.java:94]- select video0_.id as col_0_0_ from video video0_ where video0_.filename=? limit ?
2022-09-23 13:34:08,830 [http-nio-8080-exec-3] DEBUG -[SqlStatementLogger.java:94]- insert into video (filename) values (?)
2022-09-23 13:34:09,492 [http-nio-8080-exec-6] DEBUG -[SqlStatementLogger.java:94]- select video0_.id as id1_12_, video0_.filename as filename2_12_ from video video0_
