2022-03-24 10:29:32,590 [http-nio-8080-exec-1] DEBUG -[SqlStatementLogger.java:94]- select video0_.id as id1_12_, video0_.filename as filename2_12_ from video video0_
2022-03-24 10:29:47,282 [http-nio-8080-exec-7] DEBUG -[SqlStatementLogger.java:94]- select video0_.id as id1_12_, video0_.filename as filename2_12_ from video video0_
2022-03-24 10:30:31,737 [http-nio-8080-exec-1] DEBUG -[SqlStatementLogger.java:94]- select video0_.id as id1_12_, video0_.filename as filename2_12_ from video video0_
2022-03-24 10:30:35,423 [http-nio-8080-exec-9] DEBUG -[SqlStatementLogger.java:94]- select video0_.id as col_0_0_ from video video0_ where video0_.filename=? limit ?
2022-03-24 10:30:47,052 [http-nio-8080-exec-6] DEBUG -[SqlStatementLogger.java:94]- select video0_.id as col_0_0_ from video video0_ where video0_.filename=? limit ?
2022-03-24 10:31:29,090 [http-nio-8080-exec-4] DEBUG -[SqlStatementLogger.java:94]- select video0_.id as col_0_0_ from video video0_ where video0_.filename=? limit ?
2022-03-24 10:32:44,642 [http-nio-8080-exec-2] DEBUG -[SqlStatementLogger.java:94]- select video0_.id as col_0_0_ from video video0_ where video0_.filename=? limit ?
2022-03-24 10:34:08,039 [http-nio-8080-exec-1] DEBUG -[SqlStatementLogger.java:94]- select video0_.id as col_0_0_ from video video0_ where video0_.filename=? limit ?
2022-03-24 10:45:45,883 [http-nio-8080-exec-1] DEBUG -[SqlStatementLogger.java:94]- select video0_.id as col_0_0_ from video video0_ where video0_.filename=? limit ?
2022-03-24 10:49:55,945 [http-nio-8080-exec-3] DEBUG -[SqlStatementLogger.java:94]- select video0_.id as col_0_0_ from video video0_ where video0_.filename=? limit ?
2022-03-24 10:53:58,473 [http-nio-8080-exec-5] DEBUG -[SqlStatementLogger.java:94]- select video0_.id as id1_12_, video0_.filename as filename2_12_ from video video0_
2022-03-24 10:53:58,556 [http-nio-8080-exec-6] DEBUG -[SqlStatementLogger.java:94]- select video0_.id as id1_12_, video0_.filename as filename2_12_ from video video0_
2022-03-24 10:53:58,610 [http-nio-8080-exec-7] DEBUG -[SqlStatementLogger.java:94]- select video0_.id as id1_12_, video0_.filename as filename2_12_ from video video0_
2022-03-24 10:54:54,218 [http-nio-8080-exec-10] DEBUG -[SqlStatementLogger.java:94]- select video0_.id as col_0_0_ from video video0_ where video0_.filename=? limit ?
2022-03-24 10:55:05,651 [http-nio-8080-exec-7] DEBUG -[SqlStatementLogger.java:94]- select video0_.id as col_0_0_ from video video0_ where video0_.filename=? limit ?
2022-03-24 10:55:12,616 [http-nio-8080-exec-3] DEBUG -[SqlStatementLogger.java:94]- select image0_.id as id1_7_, image0_.filename as filename2_7_ from image image0_
2022-03-24 10:55:42,635 [http-nio-8080-exec-7] DEBUG -[SqlStatementLogger.java:94]- select video0_.id as id1_12_, video0_.filename as filename2_12_ from video video0_
2022-03-24 10:56:08,031 [http-nio-8080-exec-2] DEBUG -[SqlStatementLogger.java:94]- select image0_.id as id1_7_, image0_.filename as filename2_7_ from image image0_
2022-03-24 10:56:11,575 [http-nio-8080-exec-6] DEBUG -[SqlStatementLogger.java:94]- select tracedetec0_.id as col_0_0_ from trace_detection tracedetec0_ where tracedetec0_.filename=? limit ?
2022-03-24 11:06:32,993 [http-nio-8080-exec-1] DEBUG -[SqlStatementLogger.java:94]- select tracedetec0_.id as id1_11_, tracedetec0_.filename as filename2_11_, tracedetec0_.result as result3_11_ from trace_detection tracedetec0_ order by tracedetec0_.filename asc limit ?
2022-03-24 11:06:33,037 [http-nio-8080-exec-1] DEBUG -[SqlStatementLogger.java:94]- select count(tracedetec0_.id) as col_0_0_ from trace_detection tracedetec0_
2022-03-24 11:06:39,025 [http-nio-8080-exec-2] DEBUG -[SqlStatementLogger.java:94]- select tracedetec0_.id as id1_11_, tracedetec0_.filename as filename2_11_, tracedetec0_.result as result3_11_ from trace_detection tracedetec0_ order by tracedetec0_.filename desc limit ?
2022-03-24 11:06:39,029 [http-nio-8080-exec-2] DEBUG -[SqlStatementLogger.java:94]- select count(tracedetec0_.id) as col_0_0_ from trace_detection tracedetec0_
2022-03-24 11:06:44,010 [http-nio-8080-exec-3] DEBUG -[SqlStatementLogger.java:94]- select tracedetec0_.id as id1_11_, tracedetec0_.filename as filename2_11_, tracedetec0_.result as result3_11_ from trace_detection tracedetec0_ order by tracedetec0_.filename asc limit ?
2022-03-24 11:06:44,014 [http-nio-8080-exec-3] DEBUG -[SqlStatementLogger.java:94]- select count(tracedetec0_.id) as col_0_0_ from trace_detection tracedetec0_
2022-03-24 11:06:56,626 [http-nio-8080-exec-4] DEBUG -[SqlStatementLogger.java:94]- select tracedetec0_.id as id1_11_, tracedetec0_.filename as filename2_11_, tracedetec0_.result as result3_11_ from trace_detection tracedetec0_ order by tracedetec0_.filename asc limit ?, ?
2022-03-24 11:06:56,631 [http-nio-8080-exec-4] DEBUG -[SqlStatementLogger.java:94]- select count(tracedetec0_.id) as col_0_0_ from trace_detection tracedetec0_
2022-03-24 11:07:07,166 [http-nio-8080-exec-5] DEBUG -[SqlStatementLogger.java:94]- select tracedetec0_.id as id1_11_, tracedetec0_.filename as filename2_11_, tracedetec0_.result as result3_11_ from trace_detection tracedetec0_ where tracedetec0_.filename=? order by tracedetec0_.filename asc limit ?
2022-03-24 11:10:33,003 [http-nio-8080-exec-7] DEBUG -[SqlStatementLogger.java:94]- select tracedetec0_.id as id1_11_, tracedetec0_.filename as filename2_11_, tracedetec0_.result as result3_11_ from trace_detection tracedetec0_ order by tracedetec0_.filename asc limit ?
2022-03-24 11:10:33,006 [http-nio-8080-exec-7] DEBUG -[SqlStatementLogger.java:94]- select count(tracedetec0_.id) as col_0_0_ from trace_detection tracedetec0_
2022-03-24 14:21:10,914 [http-nio-8080-exec-1] DEBUG -[SqlStatementLogger.java:94]- select tracedetec0_.id as id1_11_, tracedetec0_.filename as filename2_11_, tracedetec0_.result as result3_11_ from trace_detection tracedetec0_ order by tracedetec0_.filename asc limit ?
2022-03-24 14:21:10,952 [http-nio-8080-exec-1] DEBUG -[SqlStatementLogger.java:94]- select count(tracedetec0_.id) as col_0_0_ from trace_detection tracedetec0_
2022-03-24 14:21:12,888 [http-nio-8080-exec-2] DEBUG -[SqlStatementLogger.java:94]- select tracedetec0_.id as id1_11_, tracedetec0_.filename as filename2_11_, tracedetec0_.result as result3_11_ from trace_detection tracedetec0_ order by tracedetec0_.filename asc limit ?
2022-03-24 14:21:12,891 [http-nio-8080-exec-2] DEBUG -[SqlStatementLogger.java:94]- select count(tracedetec0_.id) as col_0_0_ from trace_detection tracedetec0_
2022-03-24 14:21:33,522 [http-nio-8080-exec-3] DEBUG -[SqlStatementLogger.java:94]- select tracedetec0_.id as id1_11_, tracedetec0_.filename as filename2_11_, tracedetec0_.result as result3_11_ from trace_detection tracedetec0_ order by tracedetec0_.filename asc limit ?
2022-03-24 14:21:33,533 [http-nio-8080-exec-3] DEBUG -[SqlStatementLogger.java:94]- select count(tracedetec0_.id) as col_0_0_ from trace_detection tracedetec0_
2022-03-24 14:21:52,771 [http-nio-8080-exec-4] DEBUG -[SqlStatementLogger.java:94]- select tracedetec0_.id as id1_11_, tracedetec0_.filename as filename2_11_, tracedetec0_.result as result3_11_ from trace_detection tracedetec0_ order by tracedetec0_.filename asc limit ?
2022-03-24 14:21:52,782 [http-nio-8080-exec-4] DEBUG -[SqlStatementLogger.java:94]- select count(tracedetec0_.id) as col_0_0_ from trace_detection tracedetec0_
2022-03-24 14:23:37,291 [http-nio-8080-exec-1] DEBUG -[SqlStatementLogger.java:94]- select tracedetec0_.id as id1_11_, tracedetec0_.filename as filename2_11_, tracedetec0_.result as result3_11_ from trace_detection tracedetec0_ order by tracedetec0_.filename asc limit ?
2022-03-24 14:23:37,332 [http-nio-8080-exec-1] DEBUG -[SqlStatementLogger.java:94]- select count(tracedetec0_.id) as col_0_0_ from trace_detection tracedetec0_
2022-03-24 14:23:42,357 [http-nio-8080-exec-2] DEBUG -[SqlStatementLogger.java:94]- select tracedetec0_.id as id1_11_, tracedetec0_.filename as filename2_11_, tracedetec0_.result as result3_11_ from trace_detection tracedetec0_ order by tracedetec0_.filename asc limit ?
2022-03-24 14:23:42,361 [http-nio-8080-exec-2] DEBUG -[SqlStatementLogger.java:94]- select count(tracedetec0_.id) as col_0_0_ from trace_detection tracedetec0_
2022-03-24 14:23:49,776 [http-nio-8080-exec-3] DEBUG -[SqlStatementLogger.java:94]- select tracedetec0_.id as id1_11_, tracedetec0_.filename as filename2_11_, tracedetec0_.result as result3_11_ from trace_detection tracedetec0_ order by tracedetec0_.filename asc limit ?
2022-03-24 14:23:49,780 [http-nio-8080-exec-3] DEBUG -[SqlStatementLogger.java:94]- select count(tracedetec0_.id) as col_0_0_ from trace_detection tracedetec0_
2022-03-24 14:24:34,373 [http-nio-8080-exec-1] DEBUG -[SqlStatementLogger.java:94]- select tracedetec0_.id as id1_11_, tracedetec0_.filename as filename2_11_, tracedetec0_.result as result3_11_ from trace_detection tracedetec0_ order by tracedetec0_.filename asc limit ?
2022-03-24 14:24:34,416 [http-nio-8080-exec-1] DEBUG -[SqlStatementLogger.java:94]- select count(tracedetec0_.id) as col_0_0_ from trace_detection tracedetec0_
2022-03-24 14:25:03,645 [http-nio-8080-exec-1] DEBUG -[SqlStatementLogger.java:94]- select tracedetec0_.id as id1_11_, tracedetec0_.filename as filename2_11_, tracedetec0_.result as result3_11_ from trace_detection tracedetec0_ order by tracedetec0_.filename asc limit ?
2022-03-24 14:25:03,684 [http-nio-8080-exec-1] DEBUG -[SqlStatementLogger.java:94]- select count(tracedetec0_.id) as col_0_0_ from trace_detection tracedetec0_
2022-03-24 14:26:09,719 [http-nio-8080-exec-3] DEBUG -[SqlStatementLogger.java:94]- select video0_.id as id1_12_, video0_.filename as filename2_12_ from video video0_
2022-03-24 14:26:09,793 [http-nio-8080-exec-5] DEBUG -[SqlStatementLogger.java:94]- select tracedetec0_.id as col_0_0_ from trace_detection tracedetec0_ where tracedetec0_.filename=? limit ?
2022-03-24 14:26:09,794 [http-nio-8080-exec-6] DEBUG -[SqlStatementLogger.java:94]- select video0_.id as id1_12_, video0_.filename as filename2_12_ from video video0_
2022-03-24 14:26:17,483 [http-nio-8080-exec-3] DEBUG -[SqlStatementLogger.java:94]- select video0_.id as id1_12_, video0_.filename as filename2_12_ from video video0_
2022-03-24 14:26:17,539 [http-nio-8080-exec-2] DEBUG -[SqlStatementLogger.java:94]- select tracedetec0_.id as col_0_0_ from trace_detection tracedetec0_ where tracedetec0_.filename=? limit ?
2022-03-24 14:26:17,551 [http-nio-8080-exec-7] DEBUG -[SqlStatementLogger.java:94]- select video0_.id as id1_12_, video0_.filename as filename2_12_ from video video0_
2022-03-24 14:26:48,253 [http-nio-8080-exec-6] DEBUG -[SqlStatementLogger.java:94]- select video0_.id as id1_12_, video0_.filename as filename2_12_ from video video0_
2022-03-24 14:26:48,333 [http-nio-8080-exec-10] DEBUG -[SqlStatementLogger.java:94]- select tracedetec0_.id as col_0_0_ from trace_detection tracedetec0_ where tracedetec0_.filename=? limit ?
2022-03-24 14:26:48,345 [http-nio-8080-exec-9] DEBUG -[SqlStatementLogger.java:94]- select video0_.id as id1_12_, video0_.filename as filename2_12_ from video video0_
2022-03-24 14:26:51,254 [http-nio-8080-exec-2] DEBUG -[SqlStatementLogger.java:94]- select video0_.id as id1_12_, video0_.filename as filename2_12_ from video video0_
2022-03-24 14:26:51,375 [http-nio-8080-exec-1] DEBUG -[SqlStatementLogger.java:94]- select tracedetec0_.id as col_0_0_ from trace_detection tracedetec0_ where tracedetec0_.filename=? limit ?
2022-03-24 14:26:51,914 [http-nio-8080-exec-10] DEBUG -[SqlStatementLogger.java:94]- select video0_.id as id1_12_, video0_.filename as filename2_12_ from video video0_
2022-03-24 14:33:10,734 [main] DEBUG -[SqlStatementLogger.java:94]- select video0_.id as col_0_0_ from video video0_ where video0_.filename=? limit ?
2022-03-24 14:43:03,152 [main] DEBUG -[SqlStatementLogger.java:94]- select video0_.id as col_0_0_ from video video0_ where video0_.filename=? limit ?
2022-03-24 14:46:32,297 [main] DEBUG -[SqlStatementLogger.java:94]- select video0_.id as col_0_0_ from video video0_ where video0_.filename=? limit ?
2022-03-24 15:12:22,071 [http-nio-8080-exec-4] DEBUG -[SqlStatementLogger.java:94]- select video0_.id as id1_12_, video0_.filename as filename2_12_ from video video0_
2022-03-24 15:12:22,168 [http-nio-8080-exec-5] DEBUG -[SqlStatementLogger.java:94]- select video0_.id as id1_12_, video0_.filename as filename2_12_ from video video0_
2022-03-24 15:13:32,256 [main] DEBUG -[SqlStatementLogger.java:94]- select video0_.id as col_0_0_ from video video0_ where video0_.filename=? limit ?
