2022-03-23 09:38:32,368 [main] DEBUG -[SqlStatementLogger.java:94]- insert into trace_detection (filename, result) values (?, ?)
2022-03-23 09:49:26,117 [http-nio-8080-exec-7] DEBUG -[SqlStatementLogger.java:94]- select tracedetec0_.id as id1_11_, tracedetec0_.filename as filename2_11_, tracedetec0_.result as result3_11_ from trace_detection tracedetec0_ where tracedetec0_.filename=?
2022-03-23 09:50:13,427 [http-nio-8080-exec-7] DEBUG -[SqlStatementLogger.java:94]- select tracedetec0_.id as id1_11_, tracedetec0_.filename as filename2_11_, tracedetec0_.result as result3_11_ from trace_detection tracedetec0_ where tracedetec0_.filename=?
2022-03-23 09:50:13,522 [http-nio-8080-exec-7] DEBUG -[SqlStatementLogger.java:94]- delete from trace_detection where id=?
2022-03-23 09:51:35,855 [http-nio-8080-exec-9] DEBUG -[SqlStatementLogger.java:94]- select adversaria0_.id as id1_0_, adversaria0_.advtargetpath as advtarge2_0_, adversaria0_.dataset as dataset3_0_, adversaria0_.filename as filename4_0_, adversaria0_.resultpath as resultpa5_0_ from adversarial_detection adversaria0_ where adversaria0_.dataset=? and adversaria0_.filename=?
2022-03-23 10:00:05,071 [http-nio-8080-exec-1] DEBUG -[SqlStatementLogger.java:94]- select image0_.id as id1_7_, image0_.filename as filename2_7_ from image image0_
2022-03-23 10:00:08,945 [http-nio-8080-exec-3] DEBUG -[SqlStatementLogger.java:94]- select tracedetec0_.id as col_0_0_ from trace_detection tracedetec0_ where tracedetec0_.filename=? limit ?
2022-03-23 10:00:23,024 [http-nio-8080-exec-6] DEBUG -[SqlStatementLogger.java:94]- select image0_.id as id1_7_, image0_.filename as filename2_7_ from image image0_
2022-03-23 10:00:45,892 [http-nio-8080-exec-6] DEBUG -[SqlStatementLogger.java:94]- select image0_.id as col_0_0_ from image image0_ where image0_.filename=? limit ?
2022-03-23 10:00:45,916 [http-nio-8080-exec-6] DEBUG -[SqlStatementLogger.java:94]- insert into image (filename) values (?)
2022-03-23 10:00:53,437 [http-nio-8080-exec-3] DEBUG -[SqlStatementLogger.java:94]- select image0_.id as id1_7_, image0_.filename as filename2_7_ from image image0_
2022-03-23 10:00:56,657 [http-nio-8080-exec-3] DEBUG -[SqlStatementLogger.java:94]- select tracedetec0_.id as col_0_0_ from trace_detection tracedetec0_ where tracedetec0_.filename=? limit ?
2022-03-23 10:01:05,399 [http-nio-8080-exec-8] DEBUG -[SqlStatementLogger.java:94]- select tracedetec0_.id as col_0_0_ from trace_detection tracedetec0_ where tracedetec0_.filename=? limit ?
2022-03-23 10:01:05,411 [http-nio-8080-exec-8] DEBUG -[SqlStatementLogger.java:94]- select tracedetec0_.id as id1_11_, tracedetec0_.filename as filename2_11_, tracedetec0_.result as result3_11_ from trace_detection tracedetec0_ where tracedetec0_.filename=?
2022-03-23 10:03:31,701 [http-nio-8080-exec-1] DEBUG -[SqlStatementLogger.java:94]- select tracedetec0_.id as col_0_0_ from trace_detection tracedetec0_ where tracedetec0_.filename=? limit ?
2022-03-23 10:03:31,715 [http-nio-8080-exec-7] DEBUG -[SqlStatementLogger.java:94]- select tracedetec0_.id as col_0_0_ from trace_detection tracedetec0_ where tracedetec0_.filename=? limit ?
2022-03-23 10:03:31,722 [http-nio-8080-exec-7] DEBUG -[SqlStatementLogger.java:94]- select tracedetec0_.id as id1_11_, tracedetec0_.filename as filename2_11_, tracedetec0_.result as result3_11_ from trace_detection tracedetec0_ where tracedetec0_.filename=?
2022-03-23 10:03:49,022 [http-nio-8080-exec-10] DEBUG -[SqlStatementLogger.java:94]- select tracedetec0_.id as col_0_0_ from trace_detection tracedetec0_ where tracedetec0_.filename=? limit ?
2022-03-23 10:03:49,038 [http-nio-8080-exec-2] DEBUG -[SqlStatementLogger.java:94]- select tracedetec0_.id as col_0_0_ from trace_detection tracedetec0_ where tracedetec0_.filename=? limit ?
2022-03-23 10:03:49,046 [http-nio-8080-exec-2] DEBUG -[SqlStatementLogger.java:94]- select tracedetec0_.id as id1_11_, tracedetec0_.filename as filename2_11_, tracedetec0_.result as result3_11_ from trace_detection tracedetec0_ where tracedetec0_.filename=?
2022-03-23 10:09:00,338 [http-nio-8080-exec-3] DEBUG -[SqlStatementLogger.java:94]- select tracedetec0_.id as col_0_0_ from trace_detection tracedetec0_ where tracedetec0_.filename=? limit ?
2022-03-23 10:09:00,370 [http-nio-8080-exec-8] DEBUG -[SqlStatementLogger.java:94]- select tracedetec0_.id as col_0_0_ from trace_detection tracedetec0_ where tracedetec0_.filename=? limit ?
2022-03-23 10:09:00,375 [http-nio-8080-exec-8] DEBUG -[SqlStatementLogger.java:94]- select tracedetec0_.id as id1_11_, tracedetec0_.filename as filename2_11_, tracedetec0_.result as result3_11_ from trace_detection tracedetec0_ where tracedetec0_.filename=?
2022-03-23 10:09:23,035 [http-nio-8080-exec-5] DEBUG -[SqlStatementLogger.java:94]- select tracedetec0_.id as col_0_0_ from trace_detection tracedetec0_ where tracedetec0_.filename=? limit ?
2022-03-23 10:09:23,051 [http-nio-8080-exec-1] DEBUG -[SqlStatementLogger.java:94]- select tracedetec0_.id as col_0_0_ from trace_detection tracedetec0_ where tracedetec0_.filename=? limit ?
2022-03-23 10:09:23,058 [http-nio-8080-exec-1] DEBUG -[SqlStatementLogger.java:94]- select tracedetec0_.id as id1_11_, tracedetec0_.filename as filename2_11_, tracedetec0_.result as result3_11_ from trace_detection tracedetec0_ where tracedetec0_.filename=?
2022-03-23 10:11:02,975 [http-nio-8080-exec-6] DEBUG -[SqlStatementLogger.java:94]- select tracedetec0_.id as col_0_0_ from trace_detection tracedetec0_ where tracedetec0_.filename=? limit ?
2022-03-23 10:11:23,324 [http-nio-8080-exec-8] DEBUG -[SqlStatementLogger.java:94]- select tracedetec0_.id as col_0_0_ from trace_detection tracedetec0_ where tracedetec0_.filename=? limit ?
2022-03-23 10:11:23,352 [http-nio-8080-exec-9] DEBUG -[SqlStatementLogger.java:94]- select tracedetec0_.id as col_0_0_ from trace_detection tracedetec0_ where tracedetec0_.filename=? limit ?
2022-03-23 10:11:23,358 [http-nio-8080-exec-9] DEBUG -[SqlStatementLogger.java:94]- select tracedetec0_.id as id1_11_, tracedetec0_.filename as filename2_11_, tracedetec0_.result as result3_11_ from trace_detection tracedetec0_ where tracedetec0_.filename=?
2022-03-23 10:11:47,507 [http-nio-8080-exec-1] DEBUG -[SqlStatementLogger.java:94]- select tracedetec0_.id as col_0_0_ from trace_detection tracedetec0_ where tracedetec0_.filename=? limit ?
2022-03-23 10:11:47,523 [http-nio-8080-exec-7] DEBUG -[SqlStatementLogger.java:94]- select tracedetec0_.id as col_0_0_ from trace_detection tracedetec0_ where tracedetec0_.filename=? limit ?
2022-03-23 10:11:47,531 [http-nio-8080-exec-7] DEBUG -[SqlStatementLogger.java:94]- select tracedetec0_.id as id1_11_, tracedetec0_.filename as filename2_11_, tracedetec0_.result as result3_11_ from trace_detection tracedetec0_ where tracedetec0_.filename=?
2022-03-23 10:11:55,637 [http-nio-8080-exec-4] DEBUG -[SqlStatementLogger.java:94]- select tracedetec0_.id as col_0_0_ from trace_detection tracedetec0_ where tracedetec0_.filename=? limit ?
2022-03-23 10:11:55,670 [http-nio-8080-exec-6] DEBUG -[SqlStatementLogger.java:94]- select tracedetec0_.id as col_0_0_ from trace_detection tracedetec0_ where tracedetec0_.filename=? limit ?
2022-03-23 10:11:55,683 [http-nio-8080-exec-6] DEBUG -[SqlStatementLogger.java:94]- select tracedetec0_.id as id1_11_, tracedetec0_.filename as filename2_11_, tracedetec0_.result as result3_11_ from trace_detection tracedetec0_ where tracedetec0_.filename=?
2022-03-23 10:12:28,938 [http-nio-8080-exec-8] DEBUG -[SqlStatementLogger.java:94]- select tracedetec0_.id as col_0_0_ from trace_detection tracedetec0_ where tracedetec0_.filename=? limit ?
2022-03-23 10:12:28,971 [http-nio-8080-exec-9] DEBUG -[SqlStatementLogger.java:94]- select tracedetec0_.id as col_0_0_ from trace_detection tracedetec0_ where tracedetec0_.filename=? limit ?
2022-03-23 10:12:28,982 [http-nio-8080-exec-9] DEBUG -[SqlStatementLogger.java:94]- select tracedetec0_.id as id1_11_, tracedetec0_.filename as filename2_11_, tracedetec0_.result as result3_11_ from trace_detection tracedetec0_ where tracedetec0_.filename=?
2022-03-23 10:14:15,963 [http-nio-8080-exec-7] DEBUG -[SqlStatementLogger.java:94]- select tracedetec0_.id as col_0_0_ from trace_detection tracedetec0_ where tracedetec0_.filename=? limit ?
2022-03-23 10:14:15,975 [http-nio-8080-exec-4] DEBUG -[SqlStatementLogger.java:94]- select tracedetec0_.id as col_0_0_ from trace_detection tracedetec0_ where tracedetec0_.filename=? limit ?
2022-03-23 10:14:15,982 [http-nio-8080-exec-4] DEBUG -[SqlStatementLogger.java:94]- select tracedetec0_.id as id1_11_, tracedetec0_.filename as filename2_11_, tracedetec0_.result as result3_11_ from trace_detection tracedetec0_ where tracedetec0_.filename=?
2022-03-23 10:14:41,054 [http-nio-8080-exec-3] DEBUG -[SqlStatementLogger.java:94]- select tracedetec0_.id as col_0_0_ from trace_detection tracedetec0_ where tracedetec0_.filename=? limit ?
2022-03-23 10:14:41,069 [http-nio-8080-exec-9] DEBUG -[SqlStatementLogger.java:94]- select tracedetec0_.id as col_0_0_ from trace_detection tracedetec0_ where tracedetec0_.filename=? limit ?
2022-03-23 10:14:41,075 [http-nio-8080-exec-9] DEBUG -[SqlStatementLogger.java:94]- select tracedetec0_.id as id1_11_, tracedetec0_.filename as filename2_11_, tracedetec0_.result as result3_11_ from trace_detection tracedetec0_ where tracedetec0_.filename=?
2022-03-23 10:15:09,929 [http-nio-8080-exec-10] DEBUG -[SqlStatementLogger.java:94]- select tracedetec0_.id as col_0_0_ from trace_detection tracedetec0_ where tracedetec0_.filename=? limit ?
2022-03-23 10:15:09,943 [http-nio-8080-exec-5] DEBUG -[SqlStatementLogger.java:94]- select tracedetec0_.id as col_0_0_ from trace_detection tracedetec0_ where tracedetec0_.filename=? limit ?
2022-03-23 10:15:09,949 [http-nio-8080-exec-5] DEBUG -[SqlStatementLogger.java:94]- select tracedetec0_.id as id1_11_, tracedetec0_.filename as filename2_11_, tracedetec0_.result as result3_11_ from trace_detection tracedetec0_ where tracedetec0_.filename=?
2022-03-23 10:16:32,001 [http-nio-8080-exec-4] DEBUG -[SqlStatementLogger.java:94]- select tracedetec0_.id as col_0_0_ from trace_detection tracedetec0_ where tracedetec0_.filename=? limit ?
2022-03-23 10:16:32,051 [http-nio-8080-exec-6] DEBUG -[SqlStatementLogger.java:94]- select tracedetec0_.id as col_0_0_ from trace_detection tracedetec0_ where tracedetec0_.filename=? limit ?
2022-03-23 10:16:32,060 [http-nio-8080-exec-6] DEBUG -[SqlStatementLogger.java:94]- select tracedetec0_.id as id1_11_, tracedetec0_.filename as filename2_11_, tracedetec0_.result as result3_11_ from trace_detection tracedetec0_ where tracedetec0_.filename=?
2022-03-23 10:29:02,605 [http-nio-8080-exec-9] DEBUG -[SqlStatementLogger.java:94]- select tracedetec0_.id as col_0_0_ from trace_detection tracedetec0_ where tracedetec0_.filename=? limit ?
2022-03-23 10:29:02,620 [http-nio-8080-exec-10] DEBUG -[SqlStatementLogger.java:94]- select tracedetec0_.id as col_0_0_ from trace_detection tracedetec0_ where tracedetec0_.filename=? limit ?
2022-03-23 10:29:02,627 [http-nio-8080-exec-10] DEBUG -[SqlStatementLogger.java:94]- select tracedetec0_.id as id1_11_, tracedetec0_.filename as filename2_11_, tracedetec0_.result as result3_11_ from trace_detection tracedetec0_ where tracedetec0_.filename=?
2022-03-23 10:37:02,311 [http-nio-8080-exec-1] DEBUG -[SqlStatementLogger.java:94]- select tracedetec0_.id as col_0_0_ from trace_detection tracedetec0_ where tracedetec0_.filename=? limit ?
2022-03-23 10:38:10,497 [http-nio-8080-exec-1] DEBUG -[SqlStatementLogger.java:94]- select tracedetec0_.id as col_0_0_ from trace_detection tracedetec0_ where tracedetec0_.filename=? limit ?
2022-03-23 10:39:26,624 [http-nio-8080-exec-1] DEBUG -[SqlStatementLogger.java:94]- select tracedetec0_.id as col_0_0_ from trace_detection tracedetec0_ where tracedetec0_.filename=? limit ?
2022-03-23 10:40:55,908 [http-nio-8080-exec-1] DEBUG -[SqlStatementLogger.java:94]- select tracedetec0_.id as col_0_0_ from trace_detection tracedetec0_ where tracedetec0_.filename=? limit ?
2022-03-23 10:41:14,223 [http-nio-8080-exec-2] DEBUG -[SqlStatementLogger.java:94]- select tracedetec0_.id as col_0_0_ from trace_detection tracedetec0_ where tracedetec0_.filename=? limit ?
2022-03-23 10:41:50,686 [http-nio-8080-exec-1] DEBUG -[SqlStatementLogger.java:94]- select tracedetec0_.id as col_0_0_ from trace_detection tracedetec0_ where tracedetec0_.filename=? limit ?
2022-03-23 10:42:24,814 [http-nio-8080-exec-1] DEBUG -[SqlStatementLogger.java:94]- select tracedetec0_.id as col_0_0_ from trace_detection tracedetec0_ where tracedetec0_.filename=? limit ?
2022-03-23 10:50:26,754 [http-nio-8080-exec-10] DEBUG -[SqlStatementLogger.java:94]- select tracedetec0_.id as col_0_0_ from trace_detection tracedetec0_ where tracedetec0_.filename=? limit ?
2022-03-23 10:50:26,754 [http-nio-8080-exec-7] DEBUG -[SqlStatementLogger.java:94]- select tracedetec0_.id as col_0_0_ from trace_detection tracedetec0_ where tracedetec0_.filename=? limit ?
2022-03-23 10:50:26,790 [http-nio-8080-exec-4] DEBUG -[SqlStatementLogger.java:94]- select tracedetec0_.id as col_0_0_ from trace_detection tracedetec0_ where tracedetec0_.filename=? limit ?
2022-03-23 10:50:26,807 [http-nio-8080-exec-4] DEBUG -[SqlStatementLogger.java:94]- select tracedetec0_.id as id1_11_, tracedetec0_.filename as filename2_11_, tracedetec0_.result as result3_11_ from trace_detection tracedetec0_ where tracedetec0_.filename=?
2022-03-23 10:50:28,186 [http-nio-8080-exec-6] DEBUG -[SqlStatementLogger.java:94]- select tracedetec0_.id as col_0_0_ from trace_detection tracedetec0_ where tracedetec0_.filename=? limit ?
2022-03-23 10:50:28,196 [http-nio-8080-exec-2] DEBUG -[SqlStatementLogger.java:94]- select tracedetec0_.id as col_0_0_ from trace_detection tracedetec0_ where tracedetec0_.filename=? limit ?
2022-03-23 10:50:28,216 [http-nio-8080-exec-1] DEBUG -[SqlStatementLogger.java:94]- select tracedetec0_.id as col_0_0_ from trace_detection tracedetec0_ where tracedetec0_.filename=? limit ?
2022-03-23 10:50:28,233 [http-nio-8080-exec-1] DEBUG -[SqlStatementLogger.java:94]- select tracedetec0_.id as id1_11_, tracedetec0_.filename as filename2_11_, tracedetec0_.result as result3_11_ from trace_detection tracedetec0_ where tracedetec0_.filename=?
2022-03-23 10:57:22,632 [http-nio-8080-exec-8] DEBUG -[SqlStatementLogger.java:94]- select video0_.id as id1_12_, video0_.filename as filename2_12_ from video video0_
2022-03-23 10:57:26,344 [http-nio-8080-exec-9] DEBUG -[SqlStatementLogger.java:94]- select deepfakede0_.id as col_0_0_ from deepfake_detection deepfakede0_ where deepfakede0_.filename=? limit ?
2022-03-23 10:57:41,001 [http-nio-8080-exec-7] DEBUG -[SqlStatementLogger.java:94]- select deepfakede0_.id as col_0_0_ from deepfake_detection deepfakede0_ where deepfakede0_.filename=? limit ?
2022-03-23 10:57:51,271 [http-nio-8080-exec-2] DEBUG -[SqlStatementLogger.java:94]- select video0_.id as id1_12_, video0_.filename as filename2_12_ from video video0_
2022-03-23 10:57:56,366 [http-nio-8080-exec-4] DEBUG -[SqlStatementLogger.java:94]- select deepfakede0_.id as col_0_0_ from deepfake_detection deepfakede0_ where deepfakede0_.filename=? limit ?
2022-03-23 10:58:36,909 [http-nio-8080-exec-1] DEBUG -[SqlStatementLogger.java:94]- select deepfakede0_.id as col_0_0_ from deepfake_detection deepfakede0_ where deepfakede0_.filename=? limit ?
2022-03-23 10:58:41,987 [http-nio-8080-exec-8] DEBUG -[SqlStatementLogger.java:94]- select video0_.id as id1_12_, video0_.filename as filename2_12_ from video video0_
2022-03-23 10:58:45,017 [http-nio-8080-exec-5] DEBUG -[SqlStatementLogger.java:94]- select deepfakede0_.id as col_0_0_ from deepfake_detection deepfakede0_ where deepfakede0_.filename=? limit ?
2022-03-23 10:58:47,716 [http-nio-8080-exec-9] DEBUG -[SqlStatementLogger.java:94]- select video0_.id as id1_12_, video0_.filename as filename2_12_ from video video0_
2022-03-23 10:58:50,794 [http-nio-8080-exec-7] DEBUG -[SqlStatementLogger.java:94]- select deepfakede0_.id as col_0_0_ from deepfake_detection deepfakede0_ where deepfakede0_.filename=? limit ?
2022-03-23 11:00:18,277 [http-nio-8080-exec-2] DEBUG -[SqlStatementLogger.java:94]- select deepfakede0_.id as col_0_0_ from deepfake_detection deepfakede0_ where deepfakede0_.filename=? limit ?
2022-03-23 11:00:30,840 [http-nio-8080-exec-5] DEBUG -[SqlStatementLogger.java:94]- select deepfakede0_.id as col_0_0_ from deepfake_detection deepfakede0_ where deepfakede0_.filename=? limit ?
2022-03-23 11:01:20,175 [http-nio-8080-exec-7] DEBUG -[SqlStatementLogger.java:94]- select tracedetec0_.id as col_0_0_ from trace_detection tracedetec0_ where tracedetec0_.filename=? limit ?
2022-03-23 11:01:20,205 [http-nio-8080-exec-9] DEBUG -[SqlStatementLogger.java:94]- select tracedetec0_.id as col_0_0_ from trace_detection tracedetec0_ where tracedetec0_.filename=? limit ?
2022-03-23 11:01:20,222 [http-nio-8080-exec-10] DEBUG -[SqlStatementLogger.java:94]- select tracedetec0_.id as col_0_0_ from trace_detection tracedetec0_ where tracedetec0_.filename=? limit ?
2022-03-23 11:01:20,258 [http-nio-8080-exec-10] DEBUG -[SqlStatementLogger.java:94]- select tracedetec0_.id as id1_11_, tracedetec0_.filename as filename2_11_, tracedetec0_.result as result3_11_ from trace_detection tracedetec0_ where tracedetec0_.filename=?
2022-03-23 11:01:20,281 [http-nio-8080-exec-3] DEBUG -[SqlStatementLogger.java:94]- select deepfakede0_.id as col_0_0_ from deepfake_detection deepfakede0_ where deepfakede0_.filename=? limit ?
2022-03-23 11:01:28,400 [http-nio-8080-exec-6] DEBUG -[SqlStatementLogger.java:94]- select tracedetec0_.id as col_0_0_ from trace_detection tracedetec0_ where tracedetec0_.filename=? limit ?
2022-03-23 11:01:28,433 [http-nio-8080-exec-8] DEBUG -[SqlStatementLogger.java:94]- select deepfakede0_.id as col_0_0_ from deepfake_detection deepfakede0_ where deepfakede0_.filename=? limit ?
2022-03-23 11:01:28,434 [http-nio-8080-exec-1] DEBUG -[SqlStatementLogger.java:94]- select tracedetec0_.id as col_0_0_ from trace_detection tracedetec0_ where tracedetec0_.filename=? limit ?
2022-03-23 11:01:28,457 [http-nio-8080-exec-2] DEBUG -[SqlStatementLogger.java:94]- select tracedetec0_.id as col_0_0_ from trace_detection tracedetec0_ where tracedetec0_.filename=? limit ?
2022-03-23 11:01:28,469 [http-nio-8080-exec-2] DEBUG -[SqlStatementLogger.java:94]- select tracedetec0_.id as id1_11_, tracedetec0_.filename as filename2_11_, tracedetec0_.result as result3_11_ from trace_detection tracedetec0_ where tracedetec0_.filename=?
2022-03-23 11:02:12,662 [http-nio-8080-exec-10] DEBUG -[SqlStatementLogger.java:94]- select tracedetec0_.id as col_0_0_ from trace_detection tracedetec0_ where tracedetec0_.filename=? limit ?
2022-03-23 11:02:12,703 [http-nio-8080-exec-7] DEBUG -[SqlStatementLogger.java:94]- select tracedetec0_.id as col_0_0_ from trace_detection tracedetec0_ where tracedetec0_.filename=? limit ?
2022-03-23 11:02:12,714 [http-nio-8080-exec-9] DEBUG -[SqlStatementLogger.java:94]- select tracedetec0_.id as col_0_0_ from trace_detection tracedetec0_ where tracedetec0_.filename=? limit ?
2022-03-23 11:02:12,723 [http-nio-8080-exec-9] DEBUG -[SqlStatementLogger.java:94]- select tracedetec0_.id as id1_11_, tracedetec0_.filename as filename2_11_, tracedetec0_.result as result3_11_ from trace_detection tracedetec0_ where tracedetec0_.filename=?
2022-03-23 11:02:12,768 [http-nio-8080-exec-8] DEBUG -[SqlStatementLogger.java:94]- select deepfakede0_.id as col_0_0_ from deepfake_detection deepfakede0_ where deepfakede0_.filename=? limit ?
2022-03-23 11:02:21,001 [http-nio-8080-exec-2] DEBUG -[SqlStatementLogger.java:94]- select tracedetec0_.id as col_0_0_ from trace_detection tracedetec0_ where tracedetec0_.filename=? limit ?
2022-03-23 11:02:21,046 [http-nio-8080-exec-3] DEBUG -[SqlStatementLogger.java:94]- select tracedetec0_.id as col_0_0_ from trace_detection tracedetec0_ where tracedetec0_.filename=? limit ?
2022-03-23 11:02:21,052 [http-nio-8080-exec-3] DEBUG -[SqlStatementLogger.java:94]- select tracedetec0_.id as id1_11_, tracedetec0_.filename as filename2_11_, tracedetec0_.result as result3_11_ from trace_detection tracedetec0_ where tracedetec0_.filename=?
2022-03-23 11:02:21,066 [http-nio-8080-exec-5] DEBUG -[SqlStatementLogger.java:94]- select tracedetec0_.id as col_0_0_ from trace_detection tracedetec0_ where tracedetec0_.filename=? limit ?
2022-03-23 11:02:21,119 [http-nio-8080-exec-7] DEBUG -[SqlStatementLogger.java:94]- select deepfakede0_.id as col_0_0_ from deepfake_detection deepfakede0_ where deepfakede0_.filename=? limit ?
2022-03-23 11:02:23,987 [http-nio-8080-exec-1] DEBUG -[SqlStatementLogger.java:94]- select tracedetec0_.id as col_0_0_ from trace_detection tracedetec0_ where tracedetec0_.filename=? limit ?
2022-03-23 11:02:23,998 [http-nio-8080-exec-3] DEBUG -[SqlStatementLogger.java:94]- select tracedetec0_.id as col_0_0_ from trace_detection tracedetec0_ where tracedetec0_.filename=? limit ?
2022-03-23 11:02:24,010 [http-nio-8080-exec-4] DEBUG -[SqlStatementLogger.java:94]- select tracedetec0_.id as col_0_0_ from trace_detection tracedetec0_ where tracedetec0_.filename=? limit ?
2022-03-23 11:02:24,021 [http-nio-8080-exec-4] DEBUG -[SqlStatementLogger.java:94]- select tracedetec0_.id as id1_11_, tracedetec0_.filename as filename2_11_, tracedetec0_.result as result3_11_ from trace_detection tracedetec0_ where tracedetec0_.filename=?
2022-03-23 11:02:24,036 [http-nio-8080-exec-6] DEBUG -[SqlStatementLogger.java:94]- select deepfakede0_.id as col_0_0_ from deepfake_detection deepfakede0_ where deepfakede0_.filename=? limit ?
2022-03-23 11:02:33,157 [http-nio-8080-exec-8] DEBUG -[SqlStatementLogger.java:94]- select tracedetec0_.id as col_0_0_ from trace_detection tracedetec0_ where tracedetec0_.filename=? limit ?
2022-03-23 11:02:33,180 [http-nio-8080-exec-10] DEBUG -[SqlStatementLogger.java:94]- select tracedetec0_.id as col_0_0_ from trace_detection tracedetec0_ where tracedetec0_.filename=? limit ?
2022-03-23 11:02:33,200 [http-nio-8080-exec-1] DEBUG -[SqlStatementLogger.java:94]- select tracedetec0_.id as col_0_0_ from trace_detection tracedetec0_ where tracedetec0_.filename=? limit ?
2022-03-23 11:02:33,202 [http-nio-8080-exec-3] DEBUG -[SqlStatementLogger.java:94]- select deepfakede0_.id as col_0_0_ from deepfake_detection deepfakede0_ where deepfakede0_.filename=? limit ?
2022-03-23 11:02:33,210 [http-nio-8080-exec-1] DEBUG -[SqlStatementLogger.java:94]- select tracedetec0_.id as id1_11_, tracedetec0_.filename as filename2_11_, tracedetec0_.result as result3_11_ from trace_detection tracedetec0_ where tracedetec0_.filename=?
2022-03-23 11:02:34,412 [http-nio-8080-exec-6] DEBUG -[SqlStatementLogger.java:94]- select tracedetec0_.id as col_0_0_ from trace_detection tracedetec0_ where tracedetec0_.filename=? limit ?
2022-03-23 11:02:34,466 [http-nio-8080-exec-5] DEBUG -[SqlStatementLogger.java:94]- select tracedetec0_.id as col_0_0_ from trace_detection tracedetec0_ where tracedetec0_.filename=? limit ?
2022-03-23 11:02:34,472 [http-nio-8080-exec-5] DEBUG -[SqlStatementLogger.java:94]- select tracedetec0_.id as id1_11_, tracedetec0_.filename as filename2_11_, tracedetec0_.result as result3_11_ from trace_detection tracedetec0_ where tracedetec0_.filename=?
2022-03-23 11:02:34,538 [http-nio-8080-exec-9] DEBUG -[SqlStatementLogger.java:94]- select tracedetec0_.id as col_0_0_ from trace_detection tracedetec0_ where tracedetec0_.filename=? limit ?
2022-03-23 11:02:34,605 [http-nio-8080-exec-10] DEBUG -[SqlStatementLogger.java:94]- select deepfakede0_.id as col_0_0_ from deepfake_detection deepfakede0_ where deepfakede0_.filename=? limit ?
2022-03-23 11:02:37,024 [http-nio-8080-exec-4] DEBUG -[SqlStatementLogger.java:94]- select tracedetec0_.id as col_0_0_ from trace_detection tracedetec0_ where tracedetec0_.filename=? limit ?
2022-03-23 11:02:37,036 [http-nio-8080-exec-5] DEBUG -[SqlStatementLogger.java:94]- select tracedetec0_.id as col_0_0_ from trace_detection tracedetec0_ where tracedetec0_.filename=? limit ?
2022-03-23 11:02:37,071 [http-nio-8080-exec-7] DEBUG -[SqlStatementLogger.java:94]- select tracedetec0_.id as col_0_0_ from trace_detection tracedetec0_ where tracedetec0_.filename=? limit ?
2022-03-23 11:02:37,089 [http-nio-8080-exec-7] DEBUG -[SqlStatementLogger.java:94]- select tracedetec0_.id as id1_11_, tracedetec0_.filename as filename2_11_, tracedetec0_.result as result3_11_ from trace_detection tracedetec0_ where tracedetec0_.filename=?
2022-03-23 11:02:37,157 [http-nio-8080-exec-9] DEBUG -[SqlStatementLogger.java:94]- select deepfakede0_.id as col_0_0_ from deepfake_detection deepfakede0_ where deepfakede0_.filename=? limit ?
2022-03-23 11:02:39,842 [http-nio-8080-exec-10] DEBUG -[SqlStatementLogger.java:94]- select tracedetec0_.id as col_0_0_ from trace_detection tracedetec0_ where tracedetec0_.filename=? limit ?
2022-03-23 11:02:39,874 [http-nio-8080-exec-3] DEBUG -[SqlStatementLogger.java:94]- select tracedetec0_.id as col_0_0_ from trace_detection tracedetec0_ where tracedetec0_.filename=? limit ?
2022-03-23 11:02:39,888 [http-nio-8080-exec-3] DEBUG -[SqlStatementLogger.java:94]- select tracedetec0_.id as id1_11_, tracedetec0_.filename as filename2_11_, tracedetec0_.result as result3_11_ from trace_detection tracedetec0_ where tracedetec0_.filename=?
2022-03-23 11:02:39,966 [http-nio-8080-exec-4] DEBUG -[SqlStatementLogger.java:94]- select tracedetec0_.id as col_0_0_ from trace_detection tracedetec0_ where tracedetec0_.filename=? limit ?
2022-03-23 11:02:39,975 [http-nio-8080-exec-2] DEBUG -[SqlStatementLogger.java:94]- select deepfakede0_.id as col_0_0_ from deepfake_detection deepfakede0_ where deepfakede0_.filename=? limit ?
2022-03-23 11:02:43,043 [http-nio-8080-exec-9] DEBUG -[SqlStatementLogger.java:94]- select tracedetec0_.id as col_0_0_ from trace_detection tracedetec0_ where tracedetec0_.filename=? limit ?
2022-03-23 11:02:43,067 [http-nio-8080-exec-8] DEBUG -[SqlStatementLogger.java:94]- select tracedetec0_.id as col_0_0_ from trace_detection tracedetec0_ where tracedetec0_.filename=? limit ?
2022-03-23 11:02:43,078 [http-nio-8080-exec-8] DEBUG -[SqlStatementLogger.java:94]- select tracedetec0_.id as id1_11_, tracedetec0_.filename as filename2_11_, tracedetec0_.result as result3_11_ from trace_detection tracedetec0_ where tracedetec0_.filename=?
2022-03-23 11:02:43,088 [http-nio-8080-exec-3] DEBUG -[SqlStatementLogger.java:94]- select tracedetec0_.id as col_0_0_ from trace_detection tracedetec0_ where tracedetec0_.filename=? limit ?
2022-03-23 11:02:43,140 [http-nio-8080-exec-5] DEBUG -[SqlStatementLogger.java:94]- select deepfakede0_.id as col_0_0_ from deepfake_detection deepfakede0_ where deepfakede0_.filename=? limit ?
2022-03-23 11:02:55,875 [http-nio-8080-exec-2] DEBUG -[SqlStatementLogger.java:94]- select tracedetec0_.id as col_0_0_ from trace_detection tracedetec0_ where tracedetec0_.filename=? limit ?
2022-03-23 11:02:55,916 [http-nio-8080-exec-7] DEBUG -[SqlStatementLogger.java:94]- select tracedetec0_.id as col_0_0_ from trace_detection tracedetec0_ where tracedetec0_.filename=? limit ?
2022-03-23 11:02:55,919 [http-nio-8080-exec-1] DEBUG -[SqlStatementLogger.java:94]- select tracedetec0_.id as col_0_0_ from trace_detection tracedetec0_ where tracedetec0_.filename=? limit ?
2022-03-23 11:02:55,923 [http-nio-8080-exec-7] DEBUG -[SqlStatementLogger.java:94]- select tracedetec0_.id as id1_11_, tracedetec0_.filename as filename2_11_, tracedetec0_.result as result3_11_ from trace_detection tracedetec0_ where tracedetec0_.filename=?
2022-03-23 11:02:55,967 [http-nio-8080-exec-8] DEBUG -[SqlStatementLogger.java:94]- select deepfakede0_.id as col_0_0_ from deepfake_detection deepfakede0_ where deepfakede0_.filename=? limit ?
2022-03-23 11:02:56,988 [http-nio-8080-exec-5] DEBUG -[SqlStatementLogger.java:94]- select tracedetec0_.id as col_0_0_ from trace_detection tracedetec0_ where tracedetec0_.filename=? limit ?
2022-03-23 11:02:57,023 [http-nio-8080-exec-4] DEBUG -[SqlStatementLogger.java:94]- select tracedetec0_.id as col_0_0_ from trace_detection tracedetec0_ where tracedetec0_.filename=? limit ?
2022-03-23 11:02:57,033 [http-nio-8080-exec-4] DEBUG -[SqlStatementLogger.java:94]- select tracedetec0_.id as id1_11_, tracedetec0_.filename as filename2_11_, tracedetec0_.result as result3_11_ from trace_detection tracedetec0_ where tracedetec0_.filename=?
2022-03-23 11:02:57,037 [http-nio-8080-exec-9] DEBUG -[SqlStatementLogger.java:94]- select tracedetec0_.id as col_0_0_ from trace_detection tracedetec0_ where tracedetec0_.filename=? limit ?
2022-03-23 11:02:57,131 [http-nio-8080-exec-1] DEBUG -[SqlStatementLogger.java:94]- select deepfakede0_.id as col_0_0_ from deepfake_detection deepfakede0_ where deepfakede0_.filename=? limit ?
2022-03-23 11:02:59,811 [http-nio-8080-exec-8] DEBUG -[SqlStatementLogger.java:94]- select tracedetec0_.id as col_0_0_ from trace_detection tracedetec0_ where tracedetec0_.filename=? limit ?
2022-03-23 11:02:59,831 [http-nio-8080-exec-5] DEBUG -[SqlStatementLogger.java:94]- select tracedetec0_.id as col_0_0_ from trace_detection tracedetec0_ where tracedetec0_.filename=? limit ?
2022-03-23 11:02:59,841 [http-nio-8080-exec-5] DEBUG -[SqlStatementLogger.java:94]- select tracedetec0_.id as id1_11_, tracedetec0_.filename as filename2_11_, tracedetec0_.result as result3_11_ from trace_detection tracedetec0_ where tracedetec0_.filename=?
2022-03-23 11:02:59,849 [http-nio-8080-exec-10] DEBUG -[SqlStatementLogger.java:94]- select tracedetec0_.id as col_0_0_ from trace_detection tracedetec0_ where tracedetec0_.filename=? limit ?
2022-03-23 11:02:59,886 [http-nio-8080-exec-4] DEBUG -[SqlStatementLogger.java:94]- select deepfakede0_.id as col_0_0_ from deepfake_detection deepfakede0_ where deepfakede0_.filename=? limit ?
2022-03-23 11:03:03,656 [http-nio-8080-exec-7] DEBUG -[SqlStatementLogger.java:94]- select tracedetec0_.id as col_0_0_ from trace_detection tracedetec0_ where tracedetec0_.filename=? limit ?
2022-03-23 11:03:03,658 [http-nio-8080-exec-3] DEBUG -[SqlStatementLogger.java:94]- select tracedetec0_.id as col_0_0_ from trace_detection tracedetec0_ where tracedetec0_.filename=? limit ?
2022-03-23 11:03:03,688 [http-nio-8080-exec-6] DEBUG -[SqlStatementLogger.java:94]- select tracedetec0_.id as col_0_0_ from trace_detection tracedetec0_ where tracedetec0_.filename=? limit ?
2022-03-23 11:03:03,697 [http-nio-8080-exec-6] DEBUG -[SqlStatementLogger.java:94]- select tracedetec0_.id as id1_11_, tracedetec0_.filename as filename2_11_, tracedetec0_.result as result3_11_ from trace_detection tracedetec0_ where tracedetec0_.filename=?
2022-03-23 11:03:03,716 [http-nio-8080-exec-5] DEBUG -[SqlStatementLogger.java:94]- select deepfakede0_.id as col_0_0_ from deepfake_detection deepfakede0_ where deepfakede0_.filename=? limit ?
2022-03-23 11:03:16,122 [http-nio-8080-exec-9] DEBUG -[SqlStatementLogger.java:94]- select tracedetec0_.id as col_0_0_ from trace_detection tracedetec0_ where tracedetec0_.filename=? limit ?
2022-03-23 11:03:16,151 [http-nio-8080-exec-8] DEBUG -[SqlStatementLogger.java:94]- select tracedetec0_.id as col_0_0_ from trace_detection tracedetec0_ where tracedetec0_.filename=? limit ?
2022-03-23 11:03:16,182 [http-nio-8080-exec-7] DEBUG -[SqlStatementLogger.java:94]- select deepfakede0_.id as col_0_0_ from deepfake_detection deepfakede0_ where deepfakede0_.filename=? limit ?
2022-03-23 11:03:16,197 [http-nio-8080-exec-3] DEBUG -[SqlStatementLogger.java:94]- select tracedetec0_.id as col_0_0_ from trace_detection tracedetec0_ where tracedetec0_.filename=? limit ?
2022-03-23 11:03:16,206 [http-nio-8080-exec-3] DEBUG -[SqlStatementLogger.java:94]- select tracedetec0_.id as id1_11_, tracedetec0_.filename as filename2_11_, tracedetec0_.result as result3_11_ from trace_detection tracedetec0_ where tracedetec0_.filename=?
2022-03-23 11:03:19,135 [http-nio-8080-exec-5] DEBUG -[SqlStatementLogger.java:94]- select tracedetec0_.id as col_0_0_ from trace_detection tracedetec0_ where tracedetec0_.filename=? limit ?
2022-03-23 11:03:19,165 [http-nio-8080-exec-10] DEBUG -[SqlStatementLogger.java:94]- select tracedetec0_.id as col_0_0_ from trace_detection tracedetec0_ where tracedetec0_.filename=? limit ?
2022-03-23 11:03:19,173 [http-nio-8080-exec-10] DEBUG -[SqlStatementLogger.java:94]- select tracedetec0_.id as id1_11_, tracedetec0_.filename as filename2_11_, tracedetec0_.result as result3_11_ from trace_detection tracedetec0_ where tracedetec0_.filename=?
2022-03-23 11:03:19,197 [http-nio-8080-exec-9] DEBUG -[SqlStatementLogger.java:94]- select tracedetec0_.id as col_0_0_ from trace_detection tracedetec0_ where tracedetec0_.filename=? limit ?
2022-03-23 11:03:19,245 [http-nio-8080-exec-8] DEBUG -[SqlStatementLogger.java:94]- select deepfakede0_.id as col_0_0_ from deepfake_detection deepfakede0_ where deepfakede0_.filename=? limit ?
2022-03-23 11:03:26,788 [http-nio-8080-exec-3] DEBUG -[SqlStatementLogger.java:94]- select tracedetec0_.id as col_0_0_ from trace_detection tracedetec0_ where tracedetec0_.filename=? limit ?
2022-03-23 11:03:26,792 [http-nio-8080-exec-10] DEBUG -[SqlStatementLogger.java:94]- select tracedetec0_.id as col_0_0_ from trace_detection tracedetec0_ where tracedetec0_.filename=? limit ?
2022-03-23 11:03:26,826 [http-nio-8080-exec-1] DEBUG -[SqlStatementLogger.java:94]- select tracedetec0_.id as col_0_0_ from trace_detection tracedetec0_ where tracedetec0_.filename=? limit ?
2022-03-23 11:03:26,835 [http-nio-8080-exec-1] DEBUG -[SqlStatementLogger.java:94]- select tracedetec0_.id as id1_11_, tracedetec0_.filename as filename2_11_, tracedetec0_.result as result3_11_ from trace_detection tracedetec0_ where tracedetec0_.filename=?
2022-03-23 11:03:26,871 [http-nio-8080-exec-2] DEBUG -[SqlStatementLogger.java:94]- select deepfakede0_.id as col_0_0_ from deepfake_detection deepfakede0_ where deepfakede0_.filename=? limit ?
2022-03-23 11:03:48,184 [http-nio-8080-exec-7] DEBUG -[SqlStatementLogger.java:94]- select tracedetec0_.id as col_0_0_ from trace_detection tracedetec0_ where tracedetec0_.filename=? limit ?
2022-03-23 11:03:48,195 [http-nio-8080-exec-5] DEBUG -[SqlStatementLogger.java:94]- select tracedetec0_.id as col_0_0_ from trace_detection tracedetec0_ where tracedetec0_.filename=? limit ?
2022-03-23 11:03:48,205 [http-nio-8080-exec-10] DEBUG -[SqlStatementLogger.java:94]- select tracedetec0_.id as col_0_0_ from trace_detection tracedetec0_ where tracedetec0_.filename=? limit ?
2022-03-23 11:03:48,219 [http-nio-8080-exec-10] DEBUG -[SqlStatementLogger.java:94]- select tracedetec0_.id as id1_11_, tracedetec0_.filename as filename2_11_, tracedetec0_.result as result3_11_ from trace_detection tracedetec0_ where tracedetec0_.filename=?
2022-03-23 11:03:48,243 [http-nio-8080-exec-3] DEBUG -[SqlStatementLogger.java:94]- select deepfakede0_.id as col_0_0_ from deepfake_detection deepfakede0_ where deepfakede0_.filename=? limit ?
2022-03-23 11:04:31,403 [http-nio-8080-exec-2] DEBUG -[SqlStatementLogger.java:94]- select tracedetec0_.id as col_0_0_ from trace_detection tracedetec0_ where tracedetec0_.filename=? limit ?
2022-03-23 11:04:31,440 [http-nio-8080-exec-9] DEBUG -[SqlStatementLogger.java:94]- select tracedetec0_.id as col_0_0_ from trace_detection tracedetec0_ where tracedetec0_.filename=? limit ?
2022-03-23 11:04:31,457 [http-nio-8080-exec-9] DEBUG -[SqlStatementLogger.java:94]- select tracedetec0_.id as id1_11_, tracedetec0_.filename as filename2_11_, tracedetec0_.result as result3_11_ from trace_detection tracedetec0_ where tracedetec0_.filename=?
2022-03-23 11:04:31,507 [http-nio-8080-exec-7] DEBUG -[SqlStatementLogger.java:94]- select deepfakede0_.id as col_0_0_ from deepfake_detection deepfakede0_ where deepfakede0_.filename=? limit ?
2022-03-23 11:04:31,562 [http-nio-8080-exec-4] DEBUG -[SqlStatementLogger.java:94]- select tracedetec0_.id as col_0_0_ from trace_detection tracedetec0_ where tracedetec0_.filename=? limit ?
2022-03-23 11:04:33,020 [http-nio-8080-exec-10] DEBUG -[SqlStatementLogger.java:94]- select deepfakede0_.id as col_0_0_ from deepfake_detection deepfakede0_ where deepfakede0_.filename=? limit ?
2022-03-23 11:04:35,499 [http-nio-8080-exec-2] DEBUG -[SqlStatementLogger.java:94]- select deepfakede0_.id as col_0_0_ from deepfake_detection deepfakede0_ where deepfakede0_.filename=? limit ?
2022-03-23 11:04:40,672 [http-nio-8080-exec-8] DEBUG -[SqlStatementLogger.java:94]- select video0_.id as id1_12_, video0_.filename as filename2_12_ from video video0_
2022-03-23 11:04:57,438 [http-nio-8080-exec-3] DEBUG -[SqlStatementLogger.java:94]- select deepfakede0_.id as col_0_0_ from deepfake_detection deepfakede0_ where deepfakede0_.filename=? limit ?
2022-03-23 11:05:36,356 [http-nio-8080-exec-7] DEBUG -[SqlStatementLogger.java:94]- select video0_.id as id1_12_, video0_.filename as filename2_12_ from video video0_
2022-03-23 11:05:40,614 [http-nio-8080-exec-7] DEBUG -[SqlStatementLogger.java:94]- select deepfakede0_.id as col_0_0_ from deepfake_detection deepfakede0_ where deepfakede0_.filename=? limit ?
2022-03-23 11:06:06,217 [http-nio-8080-exec-3] DEBUG -[SqlStatementLogger.java:94]- select image0_.id as id1_7_, image0_.filename as filename2_7_ from image image0_
2022-03-23 11:06:09,158 [http-nio-8080-exec-8] DEBUG -[SqlStatementLogger.java:94]- select forgerydet0_.id as col_0_0_ from forgerydetection forgerydet0_ where forgerydet0_.filename=? limit ?
2022-03-23 11:06:14,311 [http-nio-8080-exec-4] DEBUG -[SqlStatementLogger.java:94]- select forgerydet0_.id as col_0_0_ from forgerydetection forgerydet0_ where forgerydet0_.filename=? limit ?
2022-03-23 11:06:23,719 [http-nio-8080-exec-10] DEBUG -[SqlStatementLogger.java:94]- select forgerydet0_.id as col_0_0_ from forgerydetection forgerydet0_ where forgerydet0_.filename=? limit ?
2022-03-23 11:06:31,291 [http-nio-8080-exec-2] DEBUG -[SqlStatementLogger.java:94]- select tracedetec0_.id as col_0_0_ from trace_detection tracedetec0_ where tracedetec0_.filename=? limit ?
2022-03-23 11:06:31,318 [http-nio-8080-exec-1] DEBUG -[SqlStatementLogger.java:94]- select forgerydet0_.id as col_0_0_ from forgerydetection forgerydet0_ where forgerydet0_.filename=? limit ?
2022-03-23 11:06:31,346 [http-nio-8080-exec-5] DEBUG -[SqlStatementLogger.java:94]- select tracedetec0_.id as col_0_0_ from trace_detection tracedetec0_ where tracedetec0_.filename=? limit ?
2022-03-23 11:06:31,346 [http-nio-8080-exec-4] DEBUG -[SqlStatementLogger.java:94]- select tracedetec0_.id as col_0_0_ from trace_detection tracedetec0_ where tracedetec0_.filename=? limit ?
2022-03-23 11:06:31,354 [http-nio-8080-exec-4] DEBUG -[SqlStatementLogger.java:94]- select tracedetec0_.id as id1_11_, tracedetec0_.filename as filename2_11_, tracedetec0_.result as result3_11_ from trace_detection tracedetec0_ where tracedetec0_.filename=?
2022-03-23 11:06:33,400 [http-nio-8080-exec-3] DEBUG -[SqlStatementLogger.java:94]- select tracedetec0_.id as col_0_0_ from trace_detection tracedetec0_ where tracedetec0_.filename=? limit ?
2022-03-23 11:06:33,441 [http-nio-8080-exec-2] DEBUG -[SqlStatementLogger.java:94]- select tracedetec0_.id as col_0_0_ from trace_detection tracedetec0_ where tracedetec0_.filename=? limit ?
2022-03-23 11:06:33,451 [http-nio-8080-exec-1] DEBUG -[SqlStatementLogger.java:94]- select forgerydet0_.id as col_0_0_ from forgerydetection forgerydet0_ where forgerydet0_.filename=? limit ?
2022-03-23 11:06:33,453 [http-nio-8080-exec-2] DEBUG -[SqlStatementLogger.java:94]- select tracedetec0_.id as id1_11_, tracedetec0_.filename as filename2_11_, tracedetec0_.result as result3_11_ from trace_detection tracedetec0_ where tracedetec0_.filename=?
2022-03-23 11:06:33,488 [http-nio-8080-exec-9] DEBUG -[SqlStatementLogger.java:94]- select tracedetec0_.id as col_0_0_ from trace_detection tracedetec0_ where tracedetec0_.filename=? limit ?
2022-03-23 11:06:37,510 [http-nio-8080-exec-4] DEBUG -[SqlStatementLogger.java:94]- select forgerydet0_.id as col_0_0_ from forgerydetection forgerydet0_ where forgerydet0_.filename=? limit ?
2022-03-23 11:06:37,569 [http-nio-8080-exec-2] DEBUG -[SqlStatementLogger.java:94]- select tracedetec0_.id as col_0_0_ from trace_detection tracedetec0_ where tracedetec0_.filename=? limit ?
2022-03-23 11:06:37,569 [http-nio-8080-exec-1] DEBUG -[SqlStatementLogger.java:94]- select tracedetec0_.id as col_0_0_ from trace_detection tracedetec0_ where tracedetec0_.filename=? limit ?
2022-03-23 11:06:37,619 [http-nio-8080-exec-5] DEBUG -[SqlStatementLogger.java:94]- select tracedetec0_.id as col_0_0_ from trace_detection tracedetec0_ where tracedetec0_.filename=? limit ?
2022-03-23 11:06:37,624 [http-nio-8080-exec-5] DEBUG -[SqlStatementLogger.java:94]- select tracedetec0_.id as id1_11_, tracedetec0_.filename as filename2_11_, tracedetec0_.result as result3_11_ from trace_detection tracedetec0_ where tracedetec0_.filename=?
2022-03-23 11:06:39,258 [http-nio-8080-exec-9] DEBUG -[SqlStatementLogger.java:94]- select forgerydet0_.id as col_0_0_ from forgerydetection forgerydet0_ where forgerydet0_.filename=? limit ?
2022-03-23 11:06:40,568 [http-nio-8080-exec-10] DEBUG -[SqlStatementLogger.java:94]- select forgerydet0_.id as col_0_0_ from forgerydetection forgerydet0_ where forgerydet0_.filename=? limit ?
2022-03-23 11:06:41,349 [http-nio-8080-exec-7] DEBUG -[SqlStatementLogger.java:94]- select forgerydet0_.id as col_0_0_ from forgerydetection forgerydet0_ where forgerydet0_.filename=? limit ?
2022-03-23 11:06:43,501 [http-nio-8080-exec-3] DEBUG -[SqlStatementLogger.java:94]- select forgerydet0_.id as col_0_0_ from forgerydetection forgerydet0_ where forgerydet0_.filename=? limit ?
2022-03-23 11:06:47,959 [http-nio-8080-exec-2] DEBUG -[SqlStatementLogger.java:94]- select forgerydet0_.id as col_0_0_ from forgerydetection forgerydet0_ where forgerydet0_.filename=? limit ?
2022-03-23 11:06:50,271 [http-nio-8080-exec-5] DEBUG -[SqlStatementLogger.java:94]- select forgerydet0_.id as col_0_0_ from forgerydetection forgerydet0_ where forgerydet0_.filename=? limit ?
2022-03-23 11:06:50,991 [http-nio-8080-exec-6] DEBUG -[SqlStatementLogger.java:94]- select forgerydet0_.id as col_0_0_ from forgerydetection forgerydet0_ where forgerydet0_.filename=? limit ?
2022-03-23 11:06:59,439 [http-nio-8080-exec-4] DEBUG -[SqlStatementLogger.java:94]- select forgerydet0_.id as col_0_0_ from forgerydetection forgerydet0_ where forgerydet0_.filename=? limit ?
2022-03-23 11:07:01,139 [http-nio-8080-exec-8] DEBUG -[SqlStatementLogger.java:94]- select forgerydet0_.id as col_0_0_ from forgerydetection forgerydet0_ where forgerydet0_.filename=? limit ?
2022-03-23 11:07:02,272 [http-nio-8080-exec-1] DEBUG -[SqlStatementLogger.java:94]- select forgerydet0_.id as col_0_0_ from forgerydetection forgerydet0_ where forgerydet0_.filename=? limit ?
2022-03-23 11:07:13,294 [http-nio-8080-exec-9] DEBUG -[SqlStatementLogger.java:94]- select forgerydet0_.id as col_0_0_ from forgerydetection forgerydet0_ where forgerydet0_.filename=? limit ?
2022-03-23 11:08:01,984 [http-nio-8080-exec-6] DEBUG -[SqlStatementLogger.java:94]- select forgerydet0_.id as col_0_0_ from forgerydetection forgerydet0_ where forgerydet0_.filename=? limit ?
2022-03-23 11:08:02,521 [http-nio-8080-exec-3] DEBUG -[SqlStatementLogger.java:94]- select forgerydet0_.id as col_0_0_ from forgerydetection forgerydet0_ where forgerydet0_.filename=? limit ?
2022-03-23 11:08:31,836 [http-nio-8080-exec-8] DEBUG -[SqlStatementLogger.java:94]- select forgerydet0_.id as col_0_0_ from forgerydetection forgerydet0_ where forgerydet0_.filename=? limit ?
2022-03-23 11:09:58,952 [http-nio-8080-exec-9] DEBUG -[SqlStatementLogger.java:94]- select forgerydet0_.id as col_0_0_ from forgerydetection forgerydet0_ where forgerydet0_.filename=? limit ?
2022-03-23 11:09:59,584 [http-nio-8080-exec-7] DEBUG -[SqlStatementLogger.java:94]- select forgerydet0_.id as col_0_0_ from forgerydetection forgerydet0_ where forgerydet0_.filename=? limit ?
2022-03-23 11:10:16,767 [http-nio-8080-exec-1] DEBUG -[SqlStatementLogger.java:94]- select forgerydet0_.id as col_0_0_ from forgerydetection forgerydet0_ where forgerydet0_.filename=? limit ?
2022-03-23 11:11:40,830 [http-nio-8080-exec-6] DEBUG -[SqlStatementLogger.java:94]- select videodatas0_.id as id1_13_, videodatas0_.datasetname as datasetn2_13_, videodatas0_.path as path3_13_ from videodataset videodatas0_
2022-03-23 11:11:43,915 [http-nio-8080-exec-4] DEBUG -[SqlStatementLogger.java:94]- select originalvi0_.id as id1_10_, originalvi0_.filename as filename2_10_ from original_video_dataset originalvi0_ limit ?
2022-03-23 11:11:43,936 [http-nio-8080-exec-4] DEBUG -[SqlStatementLogger.java:94]- select count(originalvi0_.id) as col_0_0_ from original_video_dataset originalvi0_
2022-03-23 11:11:45,340 [http-nio-8080-exec-3] DEBUG -[SqlStatementLogger.java:94]- select originalvi0_.id as id1_10_, originalvi0_.filename as filename2_10_ from original_video_dataset originalvi0_ limit ?, ?
2022-03-23 11:11:45,352 [http-nio-8080-exec-3] DEBUG -[SqlStatementLogger.java:94]- select count(originalvi0_.id) as col_0_0_ from original_video_dataset originalvi0_
2022-03-23 11:11:45,955 [http-nio-8080-exec-3] DEBUG -[SqlStatementLogger.java:94]- select originalvi0_.id as id1_10_, originalvi0_.filename as filename2_10_ from original_video_dataset originalvi0_ limit ?, ?
2022-03-23 11:11:45,965 [http-nio-8080-exec-3] DEBUG -[SqlStatementLogger.java:94]- select count(originalvi0_.id) as col_0_0_ from original_video_dataset originalvi0_
2022-03-23 11:11:46,698 [http-nio-8080-exec-2] DEBUG -[SqlStatementLogger.java:94]- select originalvi0_.id as id1_10_, originalvi0_.filename as filename2_10_ from original_video_dataset originalvi0_ limit ?, ?
2022-03-23 11:11:46,708 [http-nio-8080-exec-2] DEBUG -[SqlStatementLogger.java:94]- select count(originalvi0_.id) as col_0_0_ from original_video_dataset originalvi0_
2022-03-23 11:11:49,437 [http-nio-8080-exec-1] DEBUG -[SqlStatementLogger.java:94]- select adversaria0_.id as id1_0_, adversaria0_.advtargetpath as advtarge2_0_, adversaria0_.dataset as dataset3_0_, adversaria0_.filename as filename4_0_, adversaria0_.resultpath as resultpa5_0_ from adversarial_detection adversaria0_ where adversaria0_.dataset=? and adversaria0_.filename=?
2022-03-23 11:11:49,438 [http-nio-8080-exec-5] DEBUG -[SqlStatementLogger.java:94]- select adversaria0_.id as col_0_0_ from adversarial_detection adversaria0_ where adversaria0_.dataset=? and adversaria0_.filename=? limit ?
2022-03-23 11:11:50,491 [http-nio-8080-exec-6] DEBUG -[SqlStatementLogger.java:94]- select adversaria0_.id as col_0_0_ from adversarial_detection adversaria0_ where adversaria0_.dataset=? and adversaria0_.filename=? limit ?
2022-03-23 11:11:50,506 [http-nio-8080-exec-6] DEBUG -[SqlStatementLogger.java:94]- select videodatas0_.id as id1_13_, videodatas0_.datasetname as datasetn2_13_, videodatas0_.path as path3_13_ from videodataset videodatas0_ where videodatas0_.datasetname=?
2022-03-23 11:11:52,669 [http-nio-8080-exec-3] DEBUG -[SqlStatementLogger.java:94]- select adversaria0_.id as id1_0_, adversaria0_.advtargetpath as advtarge2_0_, adversaria0_.dataset as dataset3_0_, adversaria0_.filename as filename4_0_, adversaria0_.resultpath as resultpa5_0_ from adversarial_detection adversaria0_ where adversaria0_.dataset=? and adversaria0_.filename=?
2022-03-23 11:11:52,669 [http-nio-8080-exec-4] DEBUG -[SqlStatementLogger.java:94]- select adversaria0_.id as col_0_0_ from adversarial_detection adversaria0_ where adversaria0_.dataset=? and adversaria0_.filename=? limit ?
2022-03-23 11:16:12,987 [http-nio-8080-exec-4] DEBUG -[SqlStatementLogger.java:94]- select adversaria0_.id as id1_0_, adversaria0_.advtargetpath as advtarge2_0_, adversaria0_.dataset as dataset3_0_, adversaria0_.filename as filename4_0_, adversaria0_.resultpath as resultpa5_0_ from adversarial_detection adversaria0_ where adversaria0_.dataset=? and adversaria0_.filename=?
2022-03-23 11:16:12,987 [http-nio-8080-exec-6] DEBUG -[SqlStatementLogger.java:94]- select adversaria0_.id as col_0_0_ from adversarial_detection adversaria0_ where adversaria0_.dataset=? and adversaria0_.filename=? limit ?
2022-03-23 11:16:42,026 [http-nio-8080-exec-2] DEBUG -[SqlStatementLogger.java:94]- select adversaria0_.id as id1_0_, adversaria0_.advtargetpath as advtarge2_0_, adversaria0_.dataset as dataset3_0_, adversaria0_.filename as filename4_0_, adversaria0_.resultpath as resultpa5_0_ from adversarial_detection adversaria0_ where adversaria0_.dataset=? and adversaria0_.filename=?
2022-03-23 11:16:42,026 [http-nio-8080-exec-3] DEBUG -[SqlStatementLogger.java:94]- select adversaria0_.id as col_0_0_ from adversarial_detection adversaria0_ where adversaria0_.dataset=? and adversaria0_.filename=? limit ?
2022-03-23 11:16:56,559 [http-nio-8080-exec-4] DEBUG -[SqlStatementLogger.java:94]- select image0_.id as id1_7_, image0_.filename as filename2_7_ from image image0_
2022-03-23 11:17:00,001 [http-nio-8080-exec-7] DEBUG -[SqlStatementLogger.java:94]- select forgerydet0_.id as col_0_0_ from forgerydetection forgerydet0_ where forgerydet0_.filename=? limit ?
2022-03-23 11:17:02,539 [http-nio-8080-exec-5] DEBUG -[SqlStatementLogger.java:94]- select forgerydet0_.id as col_0_0_ from forgerydetection forgerydet0_ where forgerydet0_.filename=? limit ?
2022-03-23 11:19:13,603 [http-nio-8080-exec-1] DEBUG -[SqlStatementLogger.java:94]- select videodatas0_.id as id1_13_, videodatas0_.datasetname as datasetn2_13_, videodatas0_.path as path3_13_ from videodataset videodatas0_
2022-03-23 11:19:16,604 [http-nio-8080-exec-9] DEBUG -[SqlStatementLogger.java:94]- select originalvi0_.id as id1_10_, originalvi0_.filename as filename2_10_ from original_video_dataset originalvi0_ limit ?
2022-03-23 11:19:16,626 [http-nio-8080-exec-9] DEBUG -[SqlStatementLogger.java:94]- select count(originalvi0_.id) as col_0_0_ from original_video_dataset originalvi0_
2022-03-23 11:19:19,176 [http-nio-8080-exec-8] DEBUG -[SqlStatementLogger.java:94]- select originalvi0_.id as id1_10_, originalvi0_.filename as filename2_10_ from original_video_dataset originalvi0_ limit ?, ?
2022-03-23 11:19:19,189 [http-nio-8080-exec-8] DEBUG -[SqlStatementLogger.java:94]- select count(originalvi0_.id) as col_0_0_ from original_video_dataset originalvi0_
2022-03-23 11:19:19,636 [http-nio-8080-exec-2] DEBUG -[SqlStatementLogger.java:94]- select originalvi0_.id as id1_10_, originalvi0_.filename as filename2_10_ from original_video_dataset originalvi0_ limit ?, ?
2022-03-23 11:19:19,651 [http-nio-8080-exec-2] DEBUG -[SqlStatementLogger.java:94]- select count(originalvi0_.id) as col_0_0_ from original_video_dataset originalvi0_
2022-03-23 11:19:22,036 [http-nio-8080-exec-5] DEBUG -[SqlStatementLogger.java:94]- select adversaria0_.id as id1_0_, adversaria0_.advtargetpath as advtarge2_0_, adversaria0_.dataset as dataset3_0_, adversaria0_.filename as filename4_0_, adversaria0_.resultpath as resultpa5_0_ from adversarial_detection adversaria0_ where adversaria0_.dataset=? and adversaria0_.filename=?
2022-03-23 11:19:22,036 [http-nio-8080-exec-6] DEBUG -[SqlStatementLogger.java:94]- select adversaria0_.id as col_0_0_ from adversarial_detection adversaria0_ where adversaria0_.dataset=? and adversaria0_.filename=? limit ?
2022-03-23 11:20:23,658 [http-nio-8080-exec-4] DEBUG -[SqlStatementLogger.java:94]- select adversaria0_.id as col_0_0_ from adversarial_detection adversaria0_ where adversaria0_.dataset=? and adversaria0_.filename=? limit ?
2022-03-23 11:20:23,658 [http-nio-8080-exec-5] DEBUG -[SqlStatementLogger.java:94]- select adversaria0_.id as id1_0_, adversaria0_.advtargetpath as advtarge2_0_, adversaria0_.dataset as dataset3_0_, adversaria0_.filename as filename4_0_, adversaria0_.resultpath as resultpa5_0_ from adversarial_detection adversaria0_ where adversaria0_.dataset=? and adversaria0_.filename=?
2022-03-23 11:21:42,398 [http-nio-8080-exec-10] DEBUG -[SqlStatementLogger.java:94]- select tracedetec0_.id as col_0_0_ from trace_detection tracedetec0_ where tracedetec0_.filename=? limit ?
2022-03-23 11:21:42,433 [http-nio-8080-exec-2] DEBUG -[SqlStatementLogger.java:94]- select tracedetec0_.id as col_0_0_ from trace_detection tracedetec0_ where tracedetec0_.filename=? limit ?
2022-03-23 11:21:42,443 [http-nio-8080-exec-6] DEBUG -[SqlStatementLogger.java:94]- select tracedetec0_.id as col_0_0_ from trace_detection tracedetec0_ where tracedetec0_.filename=? limit ?
2022-03-23 11:21:42,448 [http-nio-8080-exec-2] DEBUG -[SqlStatementLogger.java:94]- select tracedetec0_.id as id1_11_, tracedetec0_.filename as filename2_11_, tracedetec0_.result as result3_11_ from trace_detection tracedetec0_ where tracedetec0_.filename=?
2022-03-23 11:21:43,653 [http-nio-8080-exec-3] DEBUG -[SqlStatementLogger.java:94]- select tracedetec0_.id as col_0_0_ from trace_detection tracedetec0_ where tracedetec0_.filename=? limit ?
2022-03-23 11:21:43,685 [http-nio-8080-exec-1] DEBUG -[SqlStatementLogger.java:94]- select tracedetec0_.id as col_0_0_ from trace_detection tracedetec0_ where tracedetec0_.filename=? limit ?
2022-03-23 11:21:43,698 [http-nio-8080-exec-1] DEBUG -[SqlStatementLogger.java:94]- select tracedetec0_.id as id1_11_, tracedetec0_.filename as filename2_11_, tracedetec0_.result as result3_11_ from trace_detection tracedetec0_ where tracedetec0_.filename=?
2022-03-23 11:21:43,705 [http-nio-8080-exec-9] DEBUG -[SqlStatementLogger.java:94]- select tracedetec0_.id as col_0_0_ from trace_detection tracedetec0_ where tracedetec0_.filename=? limit ?
2022-03-23 11:21:51,403 [http-nio-8080-exec-5] DEBUG -[SqlStatementLogger.java:94]- select tracedetec0_.id as col_0_0_ from trace_detection tracedetec0_ where tracedetec0_.filename=? limit ?
2022-03-23 11:21:51,438 [http-nio-8080-exec-4] DEBUG -[SqlStatementLogger.java:94]- select tracedetec0_.id as col_0_0_ from trace_detection tracedetec0_ where tracedetec0_.filename=? limit ?
2022-03-23 11:21:51,495 [http-nio-8080-exec-3] DEBUG -[SqlStatementLogger.java:94]- select tracedetec0_.id as col_0_0_ from trace_detection tracedetec0_ where tracedetec0_.filename=? limit ?
2022-03-23 11:21:51,510 [http-nio-8080-exec-3] DEBUG -[SqlStatementLogger.java:94]- select tracedetec0_.id as id1_11_, tracedetec0_.filename as filename2_11_, tracedetec0_.result as result3_11_ from trace_detection tracedetec0_ where tracedetec0_.filename=?
2022-03-23 11:21:57,427 [http-nio-8080-exec-1] DEBUG -[SqlStatementLogger.java:94]- select tracedetec0_.id as col_0_0_ from trace_detection tracedetec0_ where tracedetec0_.filename=? limit ?
2022-03-23 11:21:57,431 [http-nio-8080-exec-9] DEBUG -[SqlStatementLogger.java:94]- select tracedetec0_.id as col_0_0_ from trace_detection tracedetec0_ where tracedetec0_.filename=? limit ?
2022-03-23 11:21:57,494 [http-nio-8080-exec-6] DEBUG -[SqlStatementLogger.java:94]- select tracedetec0_.id as col_0_0_ from trace_detection tracedetec0_ where tracedetec0_.filename=? limit ?
2022-03-23 11:21:57,506 [http-nio-8080-exec-6] DEBUG -[SqlStatementLogger.java:94]- select tracedetec0_.id as id1_11_, tracedetec0_.filename as filename2_11_, tracedetec0_.result as result3_11_ from trace_detection tracedetec0_ where tracedetec0_.filename=?
2022-03-23 11:22:07,315 [http-nio-8080-exec-3] DEBUG -[SqlStatementLogger.java:94]- select video0_.id as id1_12_, video0_.filename as filename2_12_ from video video0_
2022-03-23 11:22:11,133 [http-nio-8080-exec-7] DEBUG -[SqlStatementLogger.java:94]- select deepfakede0_.id as col_0_0_ from deepfake_detection deepfakede0_ where deepfakede0_.filename=? limit ?
2022-03-23 11:22:48,695 [http-nio-8080-exec-3] DEBUG -[SqlStatementLogger.java:94]- select deepfakede0_.id as col_0_0_ from deepfake_detection deepfakede0_ where deepfakede0_.filename=? limit ?
2022-03-23 11:23:45,125 [http-nio-8080-exec-5] DEBUG -[SqlStatementLogger.java:94]- select deepfakede0_.id as id1_1_, deepfakede0_.filename as filename2_1_ from deepfake_detection deepfakede0_ limit ?
2022-03-23 11:23:45,140 [http-nio-8080-exec-5] DEBUG -[SqlStatementLogger.java:94]- select count(deepfakede0_.id) as col_0_0_ from deepfake_detection deepfakede0_
2022-03-23 11:24:00,776 [http-nio-8080-exec-6] DEBUG -[SqlStatementLogger.java:94]- select deepfakede0_.id as id1_1_, deepfakede0_.filename as filename2_1_ from deepfake_detection deepfakede0_ where deepfakede0_.filename=?
2022-03-23 11:24:00,796 [http-nio-8080-exec-6] DEBUG -[SqlStatementLogger.java:94]- delete from deepfake_detection where id=?
2022-03-23 11:24:02,733 [http-nio-8080-exec-3] DEBUG -[SqlStatementLogger.java:94]- select deepfakede0_.id as id1_1_, deepfakede0_.filename as filename2_1_ from deepfake_detection deepfakede0_ limit ?
2022-03-23 11:24:02,745 [http-nio-8080-exec-3] DEBUG -[SqlStatementLogger.java:94]- select count(deepfakede0_.id) as col_0_0_ from deepfake_detection deepfakede0_
2022-03-23 11:24:06,314 [http-nio-8080-exec-1] DEBUG -[SqlStatementLogger.java:94]- select deepfakede0_.id as col_0_0_ from deepfake_detection deepfakede0_ where deepfakede0_.filename=? limit ?
2022-03-23 11:24:08,488 [http-nio-8080-exec-2] DEBUG -[SqlStatementLogger.java:94]- select deepfakede0_.id as col_0_0_ from deepfake_detection deepfakede0_ where deepfakede0_.filename=? limit ?
2022-03-23 11:24:30,347 [http-nio-8080-exec-5] DEBUG -[SqlStatementLogger.java:94]- select deepfakede0_.id as col_0_0_ from deepfake_detection deepfakede0_ where deepfakede0_.filename=? limit ?
2022-03-23 11:24:39,207 [http-nio-8080-exec-7] DEBUG -[SqlStatementLogger.java:94]- select deepfakede0_.id as col_0_0_ from deepfake_detection deepfakede0_ where deepfakede0_.filename=? limit ?
2022-03-23 11:24:45,924 [http-nio-8080-exec-3] DEBUG -[SqlStatementLogger.java:94]- select deepfakede0_.id as col_0_0_ from deepfake_detection deepfakede0_ where deepfakede0_.filename=? limit ?
2022-03-23 11:24:47,846 [http-nio-8080-exec-2] DEBUG -[SqlStatementLogger.java:94]- select deepfakede0_.id as col_0_0_ from deepfake_detection deepfakede0_ where deepfakede0_.filename=? limit ?
2022-03-23 11:24:50,546 [http-nio-8080-exec-10] DEBUG -[SqlStatementLogger.java:94]- select deepfakede0_.id as id1_1_, deepfakede0_.filename as filename2_1_ from deepfake_detection deepfakede0_ limit ?
2022-03-23 11:24:50,558 [http-nio-8080-exec-10] DEBUG -[SqlStatementLogger.java:94]- select count(deepfakede0_.id) as col_0_0_ from deepfake_detection deepfakede0_
2022-03-23 11:24:53,085 [http-nio-8080-exec-8] DEBUG -[SqlStatementLogger.java:94]- select deepfakede0_.id as col_0_0_ from deepfake_detection deepfakede0_ where deepfakede0_.filename=? limit ?
2022-03-23 11:24:55,232 [http-nio-8080-exec-9] DEBUG -[SqlStatementLogger.java:94]- select deepfakede0_.id as id1_1_, deepfakede0_.filename as filename2_1_ from deepfake_detection deepfakede0_ limit ?
2022-03-23 11:24:55,244 [http-nio-8080-exec-9] DEBUG -[SqlStatementLogger.java:94]- select count(deepfakede0_.id) as col_0_0_ from deepfake_detection deepfakede0_
2022-03-23 11:24:57,878 [http-nio-8080-exec-3] DEBUG -[SqlStatementLogger.java:94]- select deepfakede0_.id as col_0_0_ from deepfake_detection deepfakede0_ where deepfakede0_.filename=? limit ?
2022-03-23 11:25:23,569 [http-nio-8080-exec-2] DEBUG -[SqlStatementLogger.java:94]- select deepfakede0_.id as col_0_0_ from deepfake_detection deepfakede0_ where deepfakede0_.filename=? limit ?
2022-03-23 11:25:26,429 [http-nio-8080-exec-4] DEBUG -[SqlStatementLogger.java:94]- select deepfakede0_.id as col_0_0_ from deepfake_detection deepfakede0_ where deepfakede0_.filename=? limit ?
2022-03-23 11:25:28,023 [http-nio-8080-exec-1] DEBUG -[SqlStatementLogger.java:94]- select deepfakede0_.id as id1_1_, deepfakede0_.filename as filename2_1_ from deepfake_detection deepfakede0_ limit ?
2022-03-23 11:25:28,035 [http-nio-8080-exec-1] DEBUG -[SqlStatementLogger.java:94]- select count(deepfakede0_.id) as col_0_0_ from deepfake_detection deepfakede0_
2022-03-23 11:25:31,651 [http-nio-8080-exec-6] DEBUG -[SqlStatementLogger.java:94]- select deepfakede0_.id as col_0_0_ from deepfake_detection deepfakede0_ where deepfakede0_.filename=? limit ?
2022-03-23 11:25:44,710 [http-nio-8080-exec-7] DEBUG -[SqlStatementLogger.java:94]- select deepfakede0_.id as col_0_0_ from deepfake_detection deepfakede0_ where deepfakede0_.filename=? limit ?
2022-03-23 11:25:53,596 [http-nio-8080-exec-10] DEBUG -[SqlStatementLogger.java:94]- select deepfakede0_.id as col_0_0_ from deepfake_detection deepfakede0_ where deepfakede0_.filename=? limit ?
2022-03-23 11:27:42,151 [http-nio-8080-exec-2] DEBUG -[SqlStatementLogger.java:94]- select deepfakede0_.id as col_0_0_ from deepfake_detection deepfakede0_ where deepfakede0_.filename=? limit ?
2022-03-23 11:28:07,054 [http-nio-8080-exec-8] DEBUG -[SqlStatementLogger.java:94]- select deepfakede0_.id as col_0_0_ from deepfake_detection deepfakede0_ where deepfakede0_.filename=? limit ?
2022-03-23 11:29:25,893 [http-nio-8080-exec-5] DEBUG -[SqlStatementLogger.java:94]- select deepfakede0_.id as col_0_0_ from deepfake_detection deepfakede0_ where deepfakede0_.filename=? limit ?
2022-03-23 11:31:07,528 [http-nio-8080-exec-3] DEBUG -[SqlStatementLogger.java:94]- select deepfakede0_.id as col_0_0_ from deepfake_detection deepfakede0_ where deepfakede0_.filename=? limit ?
2022-03-23 11:31:07,529 [http-nio-8080-exec-2] DEBUG -[SqlStatementLogger.java:94]- select deepfakede0_.id as col_0_0_ from deepfake_detection deepfakede0_ where deepfakede0_.filename=? limit ?
2022-03-23 11:32:02,483 [http-nio-8080-exec-8] DEBUG -[SqlStatementLogger.java:94]- select deepfakede0_.id as col_0_0_ from deepfake_detection deepfakede0_ where deepfakede0_.filename=? limit ?
2022-03-23 11:32:04,157 [http-nio-8080-exec-1] DEBUG -[SqlStatementLogger.java:94]- select deepfakede0_.id as col_0_0_ from deepfake_detection deepfakede0_ where deepfakede0_.filename=? limit ?
2022-03-23 11:32:06,512 [http-nio-8080-exec-7] DEBUG -[SqlStatementLogger.java:94]- select deepfakede0_.id as col_0_0_ from deepfake_detection deepfakede0_ where deepfakede0_.filename=? limit ?
2022-03-23 11:33:36,133 [http-nio-8080-exec-8] DEBUG -[SqlStatementLogger.java:94]- select deepfakede0_.id as col_0_0_ from deepfake_detection deepfakede0_ where deepfakede0_.filename=? limit ?
2022-03-23 11:33:37,640 [http-nio-8080-exec-9] DEBUG -[SqlStatementLogger.java:94]- select deepfakede0_.id as col_0_0_ from deepfake_detection deepfakede0_ where deepfakede0_.filename=? limit ?
2022-03-23 11:34:15,389 [http-nio-8080-exec-7] DEBUG -[SqlStatementLogger.java:94]- select deepfakede0_.id as col_0_0_ from deepfake_detection deepfakede0_ where deepfakede0_.filename=? limit ?
2022-03-23 11:34:16,533 [http-nio-8080-exec-2] DEBUG -[SqlStatementLogger.java:94]- select deepfakede0_.id as col_0_0_ from deepfake_detection deepfakede0_ where deepfakede0_.filename=? limit ?
2022-03-23 11:34:17,922 [http-nio-8080-exec-1] DEBUG -[SqlStatementLogger.java:94]- select deepfakede0_.id as col_0_0_ from deepfake_detection deepfakede0_ where deepfakede0_.filename=? limit ?
2022-03-23 11:34:26,673 [http-nio-8080-exec-9] DEBUG -[SqlStatementLogger.java:94]- select deepfakede0_.id as col_0_0_ from deepfake_detection deepfakede0_ where deepfakede0_.filename=? limit ?
2022-03-23 11:34:34,042 [http-nio-8080-exec-7] DEBUG -[SqlStatementLogger.java:94]- select deepfakede0_.id as col_0_0_ from deepfake_detection deepfakede0_ where deepfakede0_.filename=? limit ?
2022-03-23 11:34:38,721 [http-nio-8080-exec-3] DEBUG -[SqlStatementLogger.java:94]- select video0_.id as id1_12_, video0_.filename as filename2_12_ from video video0_
2022-03-23 11:34:43,558 [http-nio-8080-exec-1] DEBUG -[SqlStatementLogger.java:94]- select deepfakede0_.id as col_0_0_ from deepfake_detection deepfakede0_ where deepfakede0_.filename=? limit ?
2022-03-23 11:35:14,634 [http-nio-8080-exec-4] DEBUG -[SqlStatementLogger.java:94]- select deepfakede0_.id as id1_1_, deepfakede0_.filename as filename2_1_ from deepfake_detection deepfakede0_ limit ?
2022-03-23 11:35:14,646 [http-nio-8080-exec-4] DEBUG -[SqlStatementLogger.java:94]- select count(deepfakede0_.id) as col_0_0_ from deepfake_detection deepfakede0_
2022-03-23 11:35:21,385 [http-nio-8080-exec-3] DEBUG -[SqlStatementLogger.java:94]- select image0_.id as id1_7_, image0_.filename as filename2_7_ from image image0_
2022-03-23 11:35:24,131 [http-nio-8080-exec-4] DEBUG -[SqlStatementLogger.java:94]- select forgerydet0_.id as col_0_0_ from forgerydetection forgerydet0_ where forgerydet0_.filename=? limit ?
2022-03-23 11:35:24,834 [http-nio-8080-exec-3] DEBUG -[SqlStatementLogger.java:94]- select forgerydet0_.id as col_0_0_ from forgerydetection forgerydet0_ where forgerydet0_.filename=? limit ?
2022-03-23 11:35:26,731 [http-nio-8080-exec-2] DEBUG -[SqlStatementLogger.java:94]- select forgerydet0_.id as col_0_0_ from forgerydetection forgerydet0_ where forgerydet0_.filename=? limit ?
2022-03-23 11:35:53,949 [http-nio-8080-exec-5] DEBUG -[SqlStatementLogger.java:94]- select forgerydet0_.id as col_0_0_ from forgerydetection forgerydet0_ where forgerydet0_.filename=? limit ?
2022-03-23 11:36:44,436 [http-nio-8080-exec-9] DEBUG -[SqlStatementLogger.java:94]- select image0_.id as id1_7_, image0_.filename as filename2_7_ from image image0_
2022-03-23 11:36:46,615 [http-nio-8080-exec-4] DEBUG -[SqlStatementLogger.java:94]- select forgerydet0_.id as col_0_0_ from forgerydetection forgerydet0_ where forgerydet0_.filename=? limit ?
2022-03-23 11:38:13,997 [http-nio-8080-exec-6] DEBUG -[SqlStatementLogger.java:94]- select video0_.id as id1_12_, video0_.filename as filename2_12_ from video video0_
2022-03-23 11:39:36,946 [http-nio-8080-exec-6] DEBUG -[SqlStatementLogger.java:94]- select deepfakede0_.id as col_0_0_ from deepfake_detection deepfakede0_ where deepfakede0_.filename=? limit ?
2022-03-23 11:39:38,100 [http-nio-8080-exec-8] DEBUG -[SqlStatementLogger.java:94]- select deepfakede0_.id as col_0_0_ from deepfake_detection deepfakede0_ where deepfakede0_.filename=? limit ?
2022-03-23 11:39:39,821 [http-nio-8080-exec-7] DEBUG -[SqlStatementLogger.java:94]- select deepfakede0_.id as col_0_0_ from deepfake_detection deepfakede0_ where deepfakede0_.filename=? limit ?
2022-03-23 11:39:42,474 [http-nio-8080-exec-3] DEBUG -[SqlStatementLogger.java:94]- select image0_.id as id1_7_, image0_.filename as filename2_7_ from image image0_
2022-03-23 11:39:50,709 [http-nio-8080-exec-2] DEBUG -[SqlStatementLogger.java:94]- select image0_.id as col_0_0_ from image image0_ where image0_.filename=? limit ?
2022-03-23 11:39:50,712 [http-nio-8080-exec-2] DEBUG -[SqlStatementLogger.java:94]- select image0_.id as col_0_0_ from image image0_ where image0_.filename=? limit ?
2022-03-23 11:39:50,731 [http-nio-8080-exec-2] DEBUG -[SqlStatementLogger.java:94]- insert into image (filename) values (?)
2022-03-23 11:39:51,415 [http-nio-8080-exec-3] DEBUG -[SqlStatementLogger.java:94]- select image0_.id as id1_7_, image0_.filename as filename2_7_ from image image0_
2022-03-23 11:39:55,265 [http-nio-8080-exec-9] DEBUG -[SqlStatementLogger.java:94]- select forgerydet0_.id as col_0_0_ from forgerydetection forgerydet0_ where forgerydet0_.filename=? limit ?
2022-03-23 11:39:57,771 [http-nio-8080-exec-7] DEBUG -[SqlStatementLogger.java:94]- select image0_.id as id1_7_, image0_.filename as filename2_7_ from image image0_
2022-03-23 11:40:05,826 [http-nio-8080-exec-7] DEBUG -[SqlStatementLogger.java:94]- select image0_.id as col_0_0_ from image image0_ where image0_.filename=? limit ?
2022-03-23 11:40:05,832 [http-nio-8080-exec-7] DEBUG -[SqlStatementLogger.java:94]- insert into image (filename) values (?)
2022-03-23 11:40:06,545 [http-nio-8080-exec-5] DEBUG -[SqlStatementLogger.java:94]- select image0_.id as id1_7_, image0_.filename as filename2_7_ from image image0_
2022-03-23 11:40:09,615 [http-nio-8080-exec-5] DEBUG -[SqlStatementLogger.java:94]- select forgerydet0_.id as col_0_0_ from forgerydetection forgerydet0_ where forgerydet0_.filename=? limit ?
2022-03-23 11:40:18,905 [http-nio-8080-exec-7] DEBUG -[SqlStatementLogger.java:94]- select videodatas0_.id as id1_13_, videodatas0_.datasetname as datasetn2_13_, videodatas0_.path as path3_13_ from videodataset videodatas0_
2022-03-23 11:40:20,364 [http-nio-8080-exec-3] DEBUG -[SqlStatementLogger.java:94]- select face2facev0_.id as id1_3_, face2facev0_.filename as filename2_3_ from face2face_video_dataset face2facev0_ limit ?
2022-03-23 11:40:20,386 [http-nio-8080-exec-3] DEBUG -[SqlStatementLogger.java:94]- select count(face2facev0_.id) as col_0_0_ from face2face_video_dataset face2facev0_
2022-03-23 11:40:22,935 [http-nio-8080-exec-3] DEBUG -[SqlStatementLogger.java:94]- select face2facev0_.id as id1_3_, face2facev0_.filename as filename2_3_ from face2face_video_dataset face2facev0_ limit ?, ?
2022-03-23 11:40:22,947 [http-nio-8080-exec-3] DEBUG -[SqlStatementLogger.java:94]- select count(face2facev0_.id) as col_0_0_ from face2face_video_dataset face2facev0_
2022-03-23 11:40:25,199 [http-nio-8080-exec-5] DEBUG -[SqlStatementLogger.java:94]- select adversaria0_.id as id1_0_, adversaria0_.advtargetpath as advtarge2_0_, adversaria0_.dataset as dataset3_0_, adversaria0_.filename as filename4_0_, adversaria0_.resultpath as resultpa5_0_ from adversarial_detection adversaria0_ where adversaria0_.dataset=? and adversaria0_.filename=?
2022-03-23 11:40:25,199 [http-nio-8080-exec-4] DEBUG -[SqlStatementLogger.java:94]- select adversaria0_.id as col_0_0_ from adversarial_detection adversaria0_ where adversaria0_.dataset=? and adversaria0_.filename=? limit ?
2022-03-23 11:40:30,042 [http-nio-8080-exec-7] DEBUG -[SqlStatementLogger.java:94]- select adversaria0_.id as col_0_0_ from adversarial_detection adversaria0_ where adversaria0_.dataset=? and adversaria0_.filename=? limit ?
2022-03-23 11:40:30,061 [http-nio-8080-exec-7] DEBUG -[SqlStatementLogger.java:94]- select videodatas0_.id as id1_13_, videodatas0_.datasetname as datasetn2_13_, videodatas0_.path as path3_13_ from videodataset videodatas0_ where videodatas0_.datasetname=?
2022-03-23 11:40:32,946 [http-nio-8080-exec-10] DEBUG -[SqlStatementLogger.java:94]- select adversaria0_.id as id1_0_, adversaria0_.advtargetpath as advtarge2_0_, adversaria0_.dataset as dataset3_0_, adversaria0_.filename as filename4_0_, adversaria0_.resultpath as resultpa5_0_ from adversarial_detection adversaria0_ where adversaria0_.dataset=? and adversaria0_.filename=?
2022-03-23 11:40:32,946 [http-nio-8080-exec-6] DEBUG -[SqlStatementLogger.java:94]- select adversaria0_.id as col_0_0_ from adversarial_detection adversaria0_ where adversaria0_.dataset=? and adversaria0_.filename=? limit ?
2022-03-23 11:41:01,952 [http-nio-8080-exec-4] DEBUG -[SqlStatementLogger.java:94]- select deepfakede0_.id as col_0_0_ from deepfake_detection deepfakede0_ where deepfakede0_.filename=? limit ?
2022-03-23 11:41:07,322 [http-nio-8080-exec-6] DEBUG -[SqlStatementLogger.java:94]- select video0_.id as id1_12_, video0_.filename as filename2_12_ from video video0_
2022-03-23 11:41:12,348 [http-nio-8080-exec-7] DEBUG -[SqlStatementLogger.java:94]- select deepfakede0_.id as col_0_0_ from deepfake_detection deepfakede0_ where deepfakede0_.filename=? limit ?
2022-03-23 11:41:13,025 [http-nio-8080-exec-9] DEBUG -[SqlStatementLogger.java:94]- select deepfakede0_.id as col_0_0_ from deepfake_detection deepfakede0_ where deepfakede0_.filename=? limit ?
2022-03-23 11:41:15,029 [http-nio-8080-exec-1] DEBUG -[SqlStatementLogger.java:94]- select deepfakede0_.id as col_0_0_ from deepfake_detection deepfakede0_ where deepfakede0_.filename=? limit ?
2022-03-23 11:41:21,274 [http-nio-8080-exec-6] DEBUG -[SqlStatementLogger.java:94]- select deepfakede0_.id as col_0_0_ from deepfake_detection deepfakede0_ where deepfakede0_.filename=? limit ?
2022-03-23 11:41:23,180 [http-nio-8080-exec-8] DEBUG -[SqlStatementLogger.java:94]- select deepfakede0_.id as col_0_0_ from deepfake_detection deepfakede0_ where deepfakede0_.filename=? limit ?
2022-03-23 11:42:23,258 [http-nio-8080-exec-1] DEBUG -[SqlStatementLogger.java:94]- select deepfakede0_.id as col_0_0_ from deepfake_detection deepfakede0_ where deepfakede0_.filename=? limit ?
2022-03-23 11:43:57,874 [http-nio-8080-exec-3] DEBUG -[SqlStatementLogger.java:94]- select deepfakede0_.id as col_0_0_ from deepfake_detection deepfakede0_ where deepfakede0_.filename=? limit ?
2022-03-23 11:45:12,677 [http-nio-8080-exec-3] DEBUG -[SqlStatementLogger.java:94]- select deepfakede0_.id as col_0_0_ from deepfake_detection deepfakede0_ where deepfakede0_.filename=? limit ?
2022-03-23 11:48:11,982 [http-nio-8080-exec-1] DEBUG -[SqlStatementLogger.java:94]- select deepfakede0_.id as col_0_0_ from deepfake_detection deepfakede0_ where deepfakede0_.filename=? limit ?
2022-03-23 11:48:17,525 [http-nio-8080-exec-7] DEBUG -[SqlStatementLogger.java:94]- select deepfakede0_.id as col_0_0_ from deepfake_detection deepfakede0_ where deepfakede0_.filename=? limit ?
2022-03-23 11:48:34,946 [http-nio-8080-exec-3] DEBUG -[SqlStatementLogger.java:94]- select forgerydet0_.id as col_0_0_ from forgerydetection forgerydet0_ where forgerydet0_.filename=? limit ?
2022-03-23 11:48:45,534 [http-nio-8080-exec-6] DEBUG -[SqlStatementLogger.java:94]- select adversaria0_.id as col_0_0_ from adversarial_detection adversaria0_ where (adversaria0_.dataset is null) and (adversaria0_.filename is null) limit ?
2022-03-23 11:48:45,550 [http-nio-8080-exec-6] DEBUG -[SqlStatementLogger.java:94]- select videodatas0_.id as id1_13_, videodatas0_.datasetname as datasetn2_13_, videodatas0_.path as path3_13_ from videodataset videodatas0_ where videodatas0_.datasetname is null
2022-03-23 11:49:08,000 [http-nio-8080-exec-9] DEBUG -[SqlStatementLogger.java:94]- select adversaria0_.id as col_0_0_ from adversarial_detection adversaria0_ where (adversaria0_.dataset is null) and (adversaria0_.filename is null) limit ?
2022-03-23 11:49:08,010 [http-nio-8080-exec-9] DEBUG -[SqlStatementLogger.java:94]- select videodatas0_.id as id1_13_, videodatas0_.datasetname as datasetn2_13_, videodatas0_.path as path3_13_ from videodataset videodatas0_ where videodatas0_.datasetname is null
2022-03-23 11:49:22,978 [http-nio-8080-exec-1] DEBUG -[SqlStatementLogger.java:94]- select adversaria0_.id as col_0_0_ from adversarial_detection adversaria0_ where (adversaria0_.dataset is null) and (adversaria0_.filename is null) limit ?
2022-03-23 11:49:31,644 [http-nio-8080-exec-1] DEBUG -[SqlStatementLogger.java:94]- select videodatas0_.id as id1_13_, videodatas0_.datasetname as datasetn2_13_, videodatas0_.path as path3_13_ from videodataset videodatas0_ where videodatas0_.datasetname is null
2022-03-23 11:50:03,027 [http-nio-8080-exec-4] DEBUG -[SqlStatementLogger.java:94]- select adversaria0_.id as col_0_0_ from adversarial_detection adversaria0_ where (adversaria0_.dataset is null) and (adversaria0_.filename is null) limit ?
2022-03-23 11:50:30,446 [http-nio-8080-exec-4] DEBUG -[SqlStatementLogger.java:94]- select videodatas0_.id as id1_13_, videodatas0_.datasetname as datasetn2_13_, videodatas0_.path as path3_13_ from videodataset videodatas0_ where videodatas0_.datasetname is null
2022-03-23 18:02:03,617 [http-nio-8080-exec-2] DEBUG -[SqlStatementLogger.java:94]- select adversaria0_.id as col_0_0_ from adversarial_detection adversaria0_ where (adversaria0_.dataset is null) and (adversaria0_.filename is null) limit ?
2022-03-23 18:02:13,098 [http-nio-8080-exec-2] DEBUG -[SqlStatementLogger.java:94]- select videodatas0_.id as id1_13_, videodatas0_.datasetname as datasetn2_13_, videodatas0_.path as path3_13_ from videodataset videodatas0_ where videodatas0_.datasetname is null
2022-03-23 18:03:14,016 [http-nio-8080-exec-1] DEBUG -[SqlStatementLogger.java:94]- select adversaria0_.id as col_0_0_ from adversarial_detection adversaria0_ where (adversaria0_.dataset is null) and (adversaria0_.filename is null) limit ?
2022-03-23 18:03:26,841 [http-nio-8080-exec-1] DEBUG -[SqlStatementLogger.java:94]- select videodatas0_.id as id1_13_, videodatas0_.datasetname as datasetn2_13_, videodatas0_.path as path3_13_ from videodataset videodatas0_ where videodatas0_.datasetname is null
2022-03-23 18:04:09,781 [http-nio-8080-exec-3] DEBUG -[SqlStatementLogger.java:94]- select deepfakede0_.id as col_0_0_ from deepfake_detection deepfakede0_ where deepfakede0_.filename=? limit ?
2022-03-23 18:04:33,088 [http-nio-8080-exec-9] DEBUG -[SqlStatementLogger.java:94]- select deepfakede0_.id as col_0_0_ from deepfake_detection deepfakede0_ where deepfakede0_.filename=? limit ?
2022-03-23 18:05:41,973 [http-nio-8080-exec-5] DEBUG -[SqlStatementLogger.java:94]- select deepfakede0_.id as col_0_0_ from deepfake_detection deepfakede0_ where deepfakede0_.filename=? limit ?
2022-03-23 18:05:55,410 [http-nio-8080-exec-1] DEBUG -[SqlStatementLogger.java:94]- select deepfakede0_.id as col_0_0_ from deepfake_detection deepfakede0_ where deepfakede0_.filename=? limit ?
2022-03-23 19:28:23,932 [http-nio-8080-exec-10] DEBUG -[SqlStatementLogger.java:94]- select tracedetec0_.id as col_0_0_ from trace_detection tracedetec0_ where tracedetec0_.filename=? limit ?
2022-03-23 19:28:36,282 [http-nio-8080-exec-2] DEBUG -[SqlStatementLogger.java:94]- select tracedetec0_.id as col_0_0_ from trace_detection tracedetec0_ where tracedetec0_.filename=? limit ?
2022-03-23 19:30:06,409 [http-nio-8080-exec-1] DEBUG -[SqlStatementLogger.java:94]- select tracedetec0_.id as col_0_0_ from trace_detection tracedetec0_ where tracedetec0_.filename=? limit ?
2022-03-23 19:30:08,104 [http-nio-8080-exec-4] DEBUG -[SqlStatementLogger.java:94]- select tracedetec0_.id as col_0_0_ from trace_detection tracedetec0_ where tracedetec0_.filename=? limit ?
2022-03-23 19:30:18,365 [http-nio-8080-exec-6] DEBUG -[SqlStatementLogger.java:94]- select deepfakede0_.id as col_0_0_ from deepfake_detection deepfakede0_ where deepfakede0_.filename=? limit ?
2022-03-23 19:30:20,389 [http-nio-8080-exec-2] DEBUG -[SqlStatementLogger.java:94]- select deepfakede0_.id as col_0_0_ from deepfake_detection deepfakede0_ where deepfakede0_.filename=? limit ?
2022-03-23 19:30:43,739 [http-nio-8080-exec-8] DEBUG -[SqlStatementLogger.java:94]- select deepfakede0_.id as col_0_0_ from deepfake_detection deepfakede0_ where deepfakede0_.filename=? limit ?
2022-03-23 19:37:54,045 [http-nio-8080-exec-1] DEBUG -[SqlStatementLogger.java:94]- select deepfakede0_.id as col_0_0_ from deepfake_detection deepfakede0_ where deepfakede0_.filename=? limit ?
2022-03-23 19:38:19,717 [http-nio-8080-exec-3] DEBUG -[SqlStatementLogger.java:94]- select tracedetec0_.id as col_0_0_ from trace_detection tracedetec0_ where tracedetec0_.filename=? limit ?
2022-03-23 19:38:26,333 [http-nio-8080-exec-6] DEBUG -[SqlStatementLogger.java:94]- select tracedetec0_.id as col_0_0_ from trace_detection tracedetec0_ where tracedetec0_.filename=? limit ?
