2022-08-10 10:52:57,740 [http-nio-8080-exec-1] DEBUG -[SqlStatementLogger.java:94]- delete from forgerydetection
2022-08-10 10:53:51,397 [http-nio-8080-exec-1] DEBUG -[SqlStatementLogger.java:94]- delete from trace_detection
2022-08-10 10:54:54,148 [http-nio-8080-exec-1] DEBUG -[SqlStatementLogger.java:94]- delete from image
2022-08-10 10:58:36,938 [http-nio-8080-exec-1] DEBUG -[SqlStatementLogger.java:94]- delete from forgerydetection
2022-08-10 10:58:38,401 [http-nio-8080-exec-1] DEBUG -[SqlStatementLogger.java:94]- delete from trace_detection
2022-08-10 10:58:50,183 [http-nio-8080-exec-1] DEBUG -[SqlStatementLogger.java:94]- delete from image
2022-08-10 11:00:47,102 [http-nio-8080-exec-1] DEBUG -[SqlStatementLogger.java:94]- delete from forgerydetection
2022-08-10 11:00:48,436 [http-nio-8080-exec-1] DEBUG -[SqlStatementLogger.java:94]- delete from trace_detection
2022-08-10 11:00:53,347 [http-nio-8080-exec-1] DEBUG -[SqlStatementLogger.java:94]- delete from image
2022-08-10 11:19:47,645 [http-nio-8080-exec-6] DEBUG -[SqlStatementLogger.java:94]- select image0_.id as id1_7_, image0_.filename as filename2_7_ from image image0_
2022-08-10 11:20:04,132 [http-nio-8080-exec-7] DEBUG -[SqlStatementLogger.java:94]- select image0_.id as id1_7_, image0_.filename as filename2_7_ from image image0_
2022-08-10 11:20:56,719 [http-nio-8080-exec-8] DEBUG -[SqlStatementLogger.java:94]- select image0_.id as id1_7_, image0_.filename as filename2_7_ from image image0_
2022-08-10 11:21:40,556 [http-nio-8080-exec-9] DEBUG -[SqlStatementLogger.java:94]- select image0_.id as id1_7_, image0_.filename as filename2_7_ from image image0_
2022-08-10 11:22:18,513 [http-nio-8080-exec-10] DEBUG -[SqlStatementLogger.java:94]- select image0_.id as id1_7_, image0_.filename as filename2_7_ from image image0_
2022-08-10 11:22:31,384 [http-nio-8080-exec-1] DEBUG -[SqlStatementLogger.java:94]- select image0_.id as id1_7_, image0_.filename as filename2_7_ from image image0_
2022-08-10 11:22:33,248 [http-nio-8080-exec-2] DEBUG -[SqlStatementLogger.java:94]- select video0_.id as id1_12_, video0_.filename as filename2_12_ from video video0_
2022-08-10 11:22:51,805 [http-nio-8080-exec-3] DEBUG -[SqlStatementLogger.java:94]- select image0_.id as id1_7_, image0_.filename as filename2_7_ from image image0_
2022-08-10 11:23:43,220 [http-nio-8080-exec-6] DEBUG -[SqlStatementLogger.java:94]- select image0_.id as id1_7_, image0_.filename as filename2_7_ from image image0_
2022-08-10 11:23:47,529 [http-nio-8080-exec-2] DEBUG -[SqlStatementLogger.java:94]- delete from forgerydetection
2022-08-10 11:23:48,208 [http-nio-8080-exec-2] DEBUG -[SqlStatementLogger.java:94]- delete from trace_detection
2022-08-10 11:23:49,252 [http-nio-8080-exec-2] DEBUG -[SqlStatementLogger.java:94]- delete from image
2022-08-10 11:23:49,898 [http-nio-8080-exec-5] DEBUG -[SqlStatementLogger.java:94]- select image0_.id as id1_7_, image0_.filename as filename2_7_ from image image0_
2022-08-10 11:23:58,647 [http-nio-8080-exec-4] DEBUG -[SqlStatementLogger.java:94]- select image0_.id as col_0_0_ from image image0_ where image0_.filename=? limit ?
2022-08-10 11:23:58,647 [http-nio-8080-exec-1] DEBUG -[SqlStatementLogger.java:94]- select image0_.id as col_0_0_ from image image0_ where image0_.filename=? limit ?
2022-08-10 11:23:58,647 [http-nio-8080-exec-3] DEBUG -[SqlStatementLogger.java:94]- select image0_.id as col_0_0_ from image image0_ where image0_.filename=? limit ?
2022-08-10 11:23:58,647 [http-nio-8080-exec-8] DEBUG -[SqlStatementLogger.java:94]- select image0_.id as col_0_0_ from image image0_ where image0_.filename=? limit ?
2022-08-10 11:23:58,647 [http-nio-8080-exec-10] DEBUG -[SqlStatementLogger.java:94]- select image0_.id as col_0_0_ from image image0_ where image0_.filename=? limit ?
2022-08-10 11:23:58,647 [http-nio-8080-exec-7] DEBUG -[SqlStatementLogger.java:94]- select image0_.id as col_0_0_ from image image0_ where image0_.filename=? limit ?
2022-08-10 11:23:58,733 [http-nio-8080-exec-4] DEBUG -[SqlStatementLogger.java:94]- insert into image (filename) values (?)
2022-08-10 11:23:58,733 [http-nio-8080-exec-8] DEBUG -[SqlStatementLogger.java:94]- insert into image (filename) values (?)
2022-08-10 11:23:58,733 [http-nio-8080-exec-1] DEBUG -[SqlStatementLogger.java:94]- insert into image (filename) values (?)
2022-08-10 11:23:58,733 [http-nio-8080-exec-7] DEBUG -[SqlStatementLogger.java:94]- insert into image (filename) values (?)
2022-08-10 11:23:58,733 [http-nio-8080-exec-3] DEBUG -[SqlStatementLogger.java:94]- insert into image (filename) values (?)
2022-08-10 11:23:58,733 [http-nio-8080-exec-10] DEBUG -[SqlStatementLogger.java:94]- insert into image (filename) values (?)
2022-08-10 11:23:58,927 [http-nio-8080-exec-7] DEBUG -[SqlStatementLogger.java:94]- select image0_.id as col_0_0_ from image image0_ where image0_.filename=? limit ?
2022-08-10 11:23:58,941 [http-nio-8080-exec-7] DEBUG -[SqlStatementLogger.java:94]- insert into image (filename) values (?)
2022-08-10 11:23:59,043 [http-nio-8080-exec-9] DEBUG -[SqlStatementLogger.java:94]- select image0_.id as col_0_0_ from image image0_ where image0_.filename=? limit ?
2022-08-10 11:23:59,046 [http-nio-8080-exec-6] DEBUG -[SqlStatementLogger.java:94]- select image0_.id as col_0_0_ from image image0_ where image0_.filename=? limit ?
2022-08-10 11:23:59,051 [http-nio-8080-exec-9] DEBUG -[SqlStatementLogger.java:94]- insert into image (filename) values (?)
2022-08-10 11:23:59,052 [http-nio-8080-exec-6] DEBUG -[SqlStatementLogger.java:94]- insert into image (filename) values (?)
2022-08-10 11:23:59,529 [http-nio-8080-exec-2] DEBUG -[SqlStatementLogger.java:94]- select image0_.id as id1_7_, image0_.filename as filename2_7_ from image image0_
2022-08-10 11:24:04,512 [http-nio-8080-exec-2] DEBUG -[SqlStatementLogger.java:94]- delete from forgerydetection
2022-08-10 11:24:04,899 [http-nio-8080-exec-2] DEBUG -[SqlStatementLogger.java:94]- delete from trace_detection
2022-08-10 11:24:05,476 [http-nio-8080-exec-2] DEBUG -[SqlStatementLogger.java:94]- delete from image
2022-08-10 11:24:06,317 [http-nio-8080-exec-5] DEBUG -[SqlStatementLogger.java:94]- select image0_.id as id1_7_, image0_.filename as filename2_7_ from image image0_
2022-08-10 11:24:09,050 [http-nio-8080-exec-1] DEBUG -[SqlStatementLogger.java:94]- select image0_.id as id1_7_, image0_.filename as filename2_7_ from image image0_
2022-08-10 11:24:12,291 [http-nio-8080-exec-3] DEBUG -[SqlStatementLogger.java:94]- select image0_.id as col_0_0_ from image image0_ where image0_.filename=? limit ?
2022-08-10 11:24:12,293 [http-nio-8080-exec-10] DEBUG -[SqlStatementLogger.java:94]- select image0_.id as col_0_0_ from image image0_ where image0_.filename=? limit ?
2022-08-10 11:24:12,297 [http-nio-8080-exec-8] DEBUG -[SqlStatementLogger.java:94]- select image0_.id as col_0_0_ from image image0_ where image0_.filename=? limit ?
2022-08-10 11:24:12,299 [http-nio-8080-exec-7] DEBUG -[SqlStatementLogger.java:94]- select image0_.id as col_0_0_ from image image0_ where image0_.filename=? limit ?
2022-08-10 11:24:12,303 [http-nio-8080-exec-4] DEBUG -[SqlStatementLogger.java:94]- select image0_.id as col_0_0_ from image image0_ where image0_.filename=? limit ?
2022-08-10 11:24:12,305 [http-nio-8080-exec-9] DEBUG -[SqlStatementLogger.java:94]- select image0_.id as col_0_0_ from image image0_ where image0_.filename=? limit ?
2022-08-10 11:24:12,306 [http-nio-8080-exec-3] DEBUG -[SqlStatementLogger.java:94]- insert into image (filename) values (?)
2022-08-10 11:24:12,306 [http-nio-8080-exec-10] DEBUG -[SqlStatementLogger.java:94]- insert into image (filename) values (?)
2022-08-10 11:24:12,309 [http-nio-8080-exec-8] DEBUG -[SqlStatementLogger.java:94]- insert into image (filename) values (?)
2022-08-10 11:24:12,309 [http-nio-8080-exec-7] DEBUG -[SqlStatementLogger.java:94]- insert into image (filename) values (?)
2022-08-10 11:24:12,316 [http-nio-8080-exec-9] DEBUG -[SqlStatementLogger.java:94]- insert into image (filename) values (?)
2022-08-10 11:24:12,316 [http-nio-8080-exec-4] DEBUG -[SqlStatementLogger.java:94]- insert into image (filename) values (?)
2022-08-10 11:24:12,417 [http-nio-8080-exec-10] DEBUG -[SqlStatementLogger.java:94]- select image0_.id as col_0_0_ from image image0_ where image0_.filename=? limit ?
2022-08-10 11:24:12,429 [http-nio-8080-exec-10] DEBUG -[SqlStatementLogger.java:94]- insert into image (filename) values (?)
2022-08-10 11:24:12,502 [http-nio-8080-exec-6] DEBUG -[SqlStatementLogger.java:94]- select image0_.id as col_0_0_ from image image0_ where image0_.filename=? limit ?
2022-08-10 11:24:12,516 [http-nio-8080-exec-6] DEBUG -[SqlStatementLogger.java:94]- insert into image (filename) values (?)
2022-08-10 11:24:13,160 [http-nio-8080-exec-2] DEBUG -[SqlStatementLogger.java:94]- select image0_.id as id1_7_, image0_.filename as filename2_7_ from image image0_
2022-08-10 11:24:26,879 [http-nio-8080-exec-6] DEBUG -[SqlStatementLogger.java:94]- delete from forgerydetection
2022-08-10 11:24:27,350 [http-nio-8080-exec-6] DEBUG -[SqlStatementLogger.java:94]- delete from trace_detection
2022-08-10 11:24:27,767 [http-nio-8080-exec-6] DEBUG -[SqlStatementLogger.java:94]- delete from image
2022-08-10 11:24:28,514 [http-nio-8080-exec-2] DEBUG -[SqlStatementLogger.java:94]- select image0_.id as id1_7_, image0_.filename as filename2_7_ from image image0_
2022-08-10 12:27:54,313 [http-nio-8080-exec-1] DEBUG -[SqlStatementLogger.java:94]- select image0_.id as id1_7_, image0_.filename as filename2_7_ from image image0_
2022-08-10 12:28:10,316 [http-nio-8080-exec-2] DEBUG -[SqlStatementLogger.java:94]- select image0_.id as id1_7_, image0_.filename as filename2_7_ from image image0_
2022-08-10 12:28:13,165 [http-nio-8080-exec-3] DEBUG -[SqlStatementLogger.java:94]- select image0_.id as id1_7_, image0_.filename as filename2_7_ from image image0_
2022-08-10 12:28:19,210 [http-nio-8080-exec-4] DEBUG -[SqlStatementLogger.java:94]- select image0_.id as id1_7_, image0_.filename as filename2_7_ from image image0_
2022-08-10 12:28:21,220 [http-nio-8080-exec-5] DEBUG -[SqlStatementLogger.java:94]- select image0_.id as id1_7_, image0_.filename as filename2_7_ from image image0_
2022-08-10 12:28:26,202 [http-nio-8080-exec-6] DEBUG -[SqlStatementLogger.java:94]- select image0_.id as id1_7_, image0_.filename as filename2_7_ from image image0_
2022-08-10 12:28:29,465 [http-nio-8080-exec-7] DEBUG -[SqlStatementLogger.java:94]- select image0_.id as id1_7_, image0_.filename as filename2_7_ from image image0_
