2022-03-14 10:11:29,848 [http-nio-8080-exec-10] ERROR -[WebSocketController.java:35]- DeefakeDetection Error!
java.io.IOException: Cannot run program "tail": CreateProcess error=2, 系统找不到指定的文件。
	at java.lang.ProcessBuilder.start(ProcessBuilder.java:1048)
	at java.lang.Runtime.exec(Runtime.java:621)
	at java.lang.Runtime.exec(Runtime.java:486)
	at com.pharaoh.deepfake.controller.WebSocketController.onOpen(WebSocketController.java:30)
	at sun.reflect.NativeMethodAccessorImpl.invoke0(Native Method)
	at sun.reflect.NativeMethodAccessorImpl.invoke(NativeMethodAccessorImpl.java:62)
	at sun.reflect.DelegatingMethodAccessorImpl.invoke(DelegatingMethodAccessorImpl.java:43)
	at java.lang.reflect.Method.invoke(Method.java:498)
	at org.apache.tomcat.websocket.pojo.PojoEndpointBase.doOnOpen(PojoEndpointBase.java:69)
	at org.apache.tomcat.websocket.pojo.PojoEndpointServer.onOpen(PojoEndpointServer.java:48)
	at org.apache.tomcat.websocket.server.WsHttpUpgradeHandler.init(WsHttpUpgradeHandler.java:135)
	at org.apache.coyote.AbstractProtocol$ConnectionHandler.process(AbstractProtocol.java:940)
	at org.apache.tomcat.util.net.NioEndpoint$SocketProcessor.doRun(NioEndpoint.java:1726)
	at org.apache.tomcat.util.net.SocketProcessorBase.run(SocketProcessorBase.java:49)
	at org.apache.tomcat.util.threads.ThreadPoolExecutor.runWorker(ThreadPoolExecutor.java:1191)
	at org.apache.tomcat.util.threads.ThreadPoolExecutor$Worker.run(ThreadPoolExecutor.java:659)
	at org.apache.tomcat.util.threads.TaskThread$WrappingRunnable.run(TaskThread.java:61)
	at java.lang.Thread.run(Thread.java:748)
Caused by: java.io.IOException: CreateProcess error=2, 系统找不到指定的文件。
	at java.lang.ProcessImpl.create(Native Method)
	at java.lang.ProcessImpl.<init>(ProcessImpl.java:444)
	at java.lang.ProcessImpl.start(ProcessImpl.java:140)
	at java.lang.ProcessBuilder.start(ProcessBuilder.java:1029)
	... 17 common frames omitted
2022-03-14 10:11:38,283 [http-nio-8080-exec-5] ERROR -[WebSocketController.java:35]- DeefakeDetection Error!
java.io.IOException: Cannot run program "tail": CreateProcess error=2, 系统找不到指定的文件。
	at java.lang.ProcessBuilder.start(ProcessBuilder.java:1048)
	at java.lang.Runtime.exec(Runtime.java:621)
	at java.lang.Runtime.exec(Runtime.java:486)
	at com.pharaoh.deepfake.controller.WebSocketController.onOpen(WebSocketController.java:30)
	at sun.reflect.NativeMethodAccessorImpl.invoke0(Native Method)
	at sun.reflect.NativeMethodAccessorImpl.invoke(NativeMethodAccessorImpl.java:62)
	at sun.reflect.DelegatingMethodAccessorImpl.invoke(DelegatingMethodAccessorImpl.java:43)
	at java.lang.reflect.Method.invoke(Method.java:498)
	at org.apache.tomcat.websocket.pojo.PojoEndpointBase.doOnOpen(PojoEndpointBase.java:69)
	at org.apache.tomcat.websocket.pojo.PojoEndpointServer.onOpen(PojoEndpointServer.java:48)
	at org.apache.tomcat.websocket.server.WsHttpUpgradeHandler.init(WsHttpUpgradeHandler.java:135)
	at org.apache.coyote.AbstractProtocol$ConnectionHandler.process(AbstractProtocol.java:940)
	at org.apache.tomcat.util.net.NioEndpoint$SocketProcessor.doRun(NioEndpoint.java:1726)
	at org.apache.tomcat.util.net.SocketProcessorBase.run(SocketProcessorBase.java:49)
	at org.apache.tomcat.util.threads.ThreadPoolExecutor.runWorker(ThreadPoolExecutor.java:1191)
	at org.apache.tomcat.util.threads.ThreadPoolExecutor$Worker.run(ThreadPoolExecutor.java:659)
	at org.apache.tomcat.util.threads.TaskThread$WrappingRunnable.run(TaskThread.java:61)
	at java.lang.Thread.run(Thread.java:748)
Caused by: java.io.IOException: CreateProcess error=2, 系统找不到指定的文件。
	at java.lang.ProcessImpl.create(Native Method)
	at java.lang.ProcessImpl.<init>(ProcessImpl.java:444)
	at java.lang.ProcessImpl.start(ProcessImpl.java:140)
	at java.lang.ProcessBuilder.start(ProcessBuilder.java:1029)
	... 17 common frames omitted
2022-03-14 10:11:54,838 [http-nio-8080-exec-8] ERROR -[WebSocketController.java:35]- DeefakeDetection Error!
java.io.IOException: Cannot run program "tail": CreateProcess error=2, 系统找不到指定的文件。
	at java.lang.ProcessBuilder.start(ProcessBuilder.java:1048)
	at java.lang.Runtime.exec(Runtime.java:621)
	at java.lang.Runtime.exec(Runtime.java:486)
	at com.pharaoh.deepfake.controller.WebSocketController.onOpen(WebSocketController.java:30)
	at sun.reflect.NativeMethodAccessorImpl.invoke0(Native Method)
	at sun.reflect.NativeMethodAccessorImpl.invoke(NativeMethodAccessorImpl.java:62)
	at sun.reflect.DelegatingMethodAccessorImpl.invoke(DelegatingMethodAccessorImpl.java:43)
	at java.lang.reflect.Method.invoke(Method.java:498)
	at org.apache.tomcat.websocket.pojo.PojoEndpointBase.doOnOpen(PojoEndpointBase.java:69)
	at org.apache.tomcat.websocket.pojo.PojoEndpointServer.onOpen(PojoEndpointServer.java:48)
	at org.apache.tomcat.websocket.server.WsHttpUpgradeHandler.init(WsHttpUpgradeHandler.java:135)
	at org.apache.coyote.AbstractProtocol$ConnectionHandler.process(AbstractProtocol.java:940)
	at org.apache.tomcat.util.net.NioEndpoint$SocketProcessor.doRun(NioEndpoint.java:1726)
	at org.apache.tomcat.util.net.SocketProcessorBase.run(SocketProcessorBase.java:49)
	at org.apache.tomcat.util.threads.ThreadPoolExecutor.runWorker(ThreadPoolExecutor.java:1191)
	at org.apache.tomcat.util.threads.ThreadPoolExecutor$Worker.run(ThreadPoolExecutor.java:659)
	at org.apache.tomcat.util.threads.TaskThread$WrappingRunnable.run(TaskThread.java:61)
	at java.lang.Thread.run(Thread.java:748)
Caused by: java.io.IOException: CreateProcess error=2, 系统找不到指定的文件。
	at java.lang.ProcessImpl.create(Native Method)
	at java.lang.ProcessImpl.<init>(ProcessImpl.java:444)
	at java.lang.ProcessImpl.start(ProcessImpl.java:140)
	at java.lang.ProcessBuilder.start(ProcessBuilder.java:1029)
	... 17 common frames omitted
2022-03-14 10:11:56,406 [http-nio-8080-exec-3] ERROR -[WebSocketController.java:35]- DeefakeDetection Error!
java.io.IOException: Cannot run program "tail": CreateProcess error=2, 系统找不到指定的文件。
	at java.lang.ProcessBuilder.start(ProcessBuilder.java:1048)
	at java.lang.Runtime.exec(Runtime.java:621)
	at java.lang.Runtime.exec(Runtime.java:486)
	at com.pharaoh.deepfake.controller.WebSocketController.onOpen(WebSocketController.java:30)
	at sun.reflect.NativeMethodAccessorImpl.invoke0(Native Method)
	at sun.reflect.NativeMethodAccessorImpl.invoke(NativeMethodAccessorImpl.java:62)
	at sun.reflect.DelegatingMethodAccessorImpl.invoke(DelegatingMethodAccessorImpl.java:43)
	at java.lang.reflect.Method.invoke(Method.java:498)
	at org.apache.tomcat.websocket.pojo.PojoEndpointBase.doOnOpen(PojoEndpointBase.java:69)
	at org.apache.tomcat.websocket.pojo.PojoEndpointServer.onOpen(PojoEndpointServer.java:48)
	at org.apache.tomcat.websocket.server.WsHttpUpgradeHandler.init(WsHttpUpgradeHandler.java:135)
	at org.apache.coyote.AbstractProtocol$ConnectionHandler.process(AbstractProtocol.java:940)
	at org.apache.tomcat.util.net.NioEndpoint$SocketProcessor.doRun(NioEndpoint.java:1726)
	at org.apache.tomcat.util.net.SocketProcessorBase.run(SocketProcessorBase.java:49)
	at org.apache.tomcat.util.threads.ThreadPoolExecutor.runWorker(ThreadPoolExecutor.java:1191)
	at org.apache.tomcat.util.threads.ThreadPoolExecutor$Worker.run(ThreadPoolExecutor.java:659)
	at org.apache.tomcat.util.threads.TaskThread$WrappingRunnable.run(TaskThread.java:61)
	at java.lang.Thread.run(Thread.java:748)
Caused by: java.io.IOException: CreateProcess error=2, 系统找不到指定的文件。
	at java.lang.ProcessImpl.create(Native Method)
	at java.lang.ProcessImpl.<init>(ProcessImpl.java:444)
	at java.lang.ProcessImpl.start(ProcessImpl.java:140)
	at java.lang.ProcessBuilder.start(ProcessBuilder.java:1029)
	... 17 common frames omitted
2022-03-14 10:12:11,003 [http-nio-8080-exec-4] ERROR -[WebSocketController.java:35]- DeefakeDetection Error!
java.io.IOException: Cannot run program "tail": CreateProcess error=2, 系统找不到指定的文件。
	at java.lang.ProcessBuilder.start(ProcessBuilder.java:1048)
	at java.lang.Runtime.exec(Runtime.java:621)
	at java.lang.Runtime.exec(Runtime.java:486)
	at com.pharaoh.deepfake.controller.WebSocketController.onOpen(WebSocketController.java:30)
	at sun.reflect.NativeMethodAccessorImpl.invoke0(Native Method)
	at sun.reflect.NativeMethodAccessorImpl.invoke(NativeMethodAccessorImpl.java:62)
	at sun.reflect.DelegatingMethodAccessorImpl.invoke(DelegatingMethodAccessorImpl.java:43)
	at java.lang.reflect.Method.invoke(Method.java:498)
	at org.apache.tomcat.websocket.pojo.PojoEndpointBase.doOnOpen(PojoEndpointBase.java:69)
	at org.apache.tomcat.websocket.pojo.PojoEndpointServer.onOpen(PojoEndpointServer.java:48)
	at org.apache.tomcat.websocket.server.WsHttpUpgradeHandler.init(WsHttpUpgradeHandler.java:135)
	at org.apache.coyote.AbstractProtocol$ConnectionHandler.process(AbstractProtocol.java:940)
	at org.apache.tomcat.util.net.NioEndpoint$SocketProcessor.doRun(NioEndpoint.java:1726)
	at org.apache.tomcat.util.net.SocketProcessorBase.run(SocketProcessorBase.java:49)
	at org.apache.tomcat.util.threads.ThreadPoolExecutor.runWorker(ThreadPoolExecutor.java:1191)
	at org.apache.tomcat.util.threads.ThreadPoolExecutor$Worker.run(ThreadPoolExecutor.java:659)
	at org.apache.tomcat.util.threads.TaskThread$WrappingRunnable.run(TaskThread.java:61)
	at java.lang.Thread.run(Thread.java:748)
Caused by: java.io.IOException: CreateProcess error=2, 系统找不到指定的文件。
	at java.lang.ProcessImpl.create(Native Method)
	at java.lang.ProcessImpl.<init>(ProcessImpl.java:444)
	at java.lang.ProcessImpl.start(ProcessImpl.java:140)
	at java.lang.ProcessBuilder.start(ProcessBuilder.java:1029)
	... 17 common frames omitted
2022-03-14 10:12:14,729 [http-nio-8080-exec-2] ERROR -[WebSocketController.java:35]- DeefakeDetection Error!
java.io.IOException: Cannot run program "tail": CreateProcess error=2, 系统找不到指定的文件。
	at java.lang.ProcessBuilder.start(ProcessBuilder.java:1048)
	at java.lang.Runtime.exec(Runtime.java:621)
	at java.lang.Runtime.exec(Runtime.java:486)
	at com.pharaoh.deepfake.controller.WebSocketController.onOpen(WebSocketController.java:30)
	at sun.reflect.NativeMethodAccessorImpl.invoke0(Native Method)
	at sun.reflect.NativeMethodAccessorImpl.invoke(NativeMethodAccessorImpl.java:62)
	at sun.reflect.DelegatingMethodAccessorImpl.invoke(DelegatingMethodAccessorImpl.java:43)
	at java.lang.reflect.Method.invoke(Method.java:498)
	at org.apache.tomcat.websocket.pojo.PojoEndpointBase.doOnOpen(PojoEndpointBase.java:69)
	at org.apache.tomcat.websocket.pojo.PojoEndpointServer.onOpen(PojoEndpointServer.java:48)
	at org.apache.tomcat.websocket.server.WsHttpUpgradeHandler.init(WsHttpUpgradeHandler.java:135)
	at org.apache.coyote.AbstractProtocol$ConnectionHandler.process(AbstractProtocol.java:940)
	at org.apache.tomcat.util.net.NioEndpoint$SocketProcessor.doRun(NioEndpoint.java:1726)
	at org.apache.tomcat.util.net.SocketProcessorBase.run(SocketProcessorBase.java:49)
	at org.apache.tomcat.util.threads.ThreadPoolExecutor.runWorker(ThreadPoolExecutor.java:1191)
	at org.apache.tomcat.util.threads.ThreadPoolExecutor$Worker.run(ThreadPoolExecutor.java:659)
	at org.apache.tomcat.util.threads.TaskThread$WrappingRunnable.run(TaskThread.java:61)
	at java.lang.Thread.run(Thread.java:748)
Caused by: java.io.IOException: CreateProcess error=2, 系统找不到指定的文件。
	at java.lang.ProcessImpl.create(Native Method)
	at java.lang.ProcessImpl.<init>(ProcessImpl.java:444)
	at java.lang.ProcessImpl.start(ProcessImpl.java:140)
	at java.lang.ProcessBuilder.start(ProcessBuilder.java:1029)
	... 17 common frames omitted
2022-03-14 10:12:21,256 [http-nio-8080-exec-1] ERROR -[WebSocketController.java:35]- DeefakeDetection Error!
java.io.IOException: Cannot run program "tail": CreateProcess error=2, 系统找不到指定的文件。
	at java.lang.ProcessBuilder.start(ProcessBuilder.java:1048)
	at java.lang.Runtime.exec(Runtime.java:621)
	at java.lang.Runtime.exec(Runtime.java:486)
	at com.pharaoh.deepfake.controller.WebSocketController.onOpen(WebSocketController.java:30)
	at sun.reflect.NativeMethodAccessorImpl.invoke0(Native Method)
	at sun.reflect.NativeMethodAccessorImpl.invoke(NativeMethodAccessorImpl.java:62)
	at sun.reflect.DelegatingMethodAccessorImpl.invoke(DelegatingMethodAccessorImpl.java:43)
	at java.lang.reflect.Method.invoke(Method.java:498)
	at org.apache.tomcat.websocket.pojo.PojoEndpointBase.doOnOpen(PojoEndpointBase.java:69)
	at org.apache.tomcat.websocket.pojo.PojoEndpointServer.onOpen(PojoEndpointServer.java:48)
	at org.apache.tomcat.websocket.server.WsHttpUpgradeHandler.init(WsHttpUpgradeHandler.java:135)
	at org.apache.coyote.AbstractProtocol$ConnectionHandler.process(AbstractProtocol.java:940)
	at org.apache.tomcat.util.net.NioEndpoint$SocketProcessor.doRun(NioEndpoint.java:1726)
	at org.apache.tomcat.util.net.SocketProcessorBase.run(SocketProcessorBase.java:49)
	at org.apache.tomcat.util.threads.ThreadPoolExecutor.runWorker(ThreadPoolExecutor.java:1191)
	at org.apache.tomcat.util.threads.ThreadPoolExecutor$Worker.run(ThreadPoolExecutor.java:659)
	at org.apache.tomcat.util.threads.TaskThread$WrappingRunnable.run(TaskThread.java:61)
	at java.lang.Thread.run(Thread.java:748)
Caused by: java.io.IOException: CreateProcess error=2, 系统找不到指定的文件。
	at java.lang.ProcessImpl.create(Native Method)
	at java.lang.ProcessImpl.<init>(ProcessImpl.java:444)
	at java.lang.ProcessImpl.start(ProcessImpl.java:140)
	at java.lang.ProcessBuilder.start(ProcessBuilder.java:1029)
	... 17 common frames omitted
2022-03-14 10:12:28,455 [http-nio-8080-exec-8] ERROR -[WebSocketController.java:35]- DeefakeDetection Error!
java.io.IOException: Cannot run program "tail": CreateProcess error=2, 系统找不到指定的文件。
	at java.lang.ProcessBuilder.start(ProcessBuilder.java:1048)
	at java.lang.Runtime.exec(Runtime.java:621)
	at java.lang.Runtime.exec(Runtime.java:486)
	at com.pharaoh.deepfake.controller.WebSocketController.onOpen(WebSocketController.java:30)
	at sun.reflect.NativeMethodAccessorImpl.invoke0(Native Method)
	at sun.reflect.NativeMethodAccessorImpl.invoke(NativeMethodAccessorImpl.java:62)
	at sun.reflect.DelegatingMethodAccessorImpl.invoke(DelegatingMethodAccessorImpl.java:43)
	at java.lang.reflect.Method.invoke(Method.java:498)
	at org.apache.tomcat.websocket.pojo.PojoEndpointBase.doOnOpen(PojoEndpointBase.java:69)
	at org.apache.tomcat.websocket.pojo.PojoEndpointServer.onOpen(PojoEndpointServer.java:48)
	at org.apache.tomcat.websocket.server.WsHttpUpgradeHandler.init(WsHttpUpgradeHandler.java:135)
	at org.apache.coyote.AbstractProtocol$ConnectionHandler.process(AbstractProtocol.java:940)
	at org.apache.tomcat.util.net.NioEndpoint$SocketProcessor.doRun(NioEndpoint.java:1726)
	at org.apache.tomcat.util.net.SocketProcessorBase.run(SocketProcessorBase.java:49)
	at org.apache.tomcat.util.threads.ThreadPoolExecutor.runWorker(ThreadPoolExecutor.java:1191)
	at org.apache.tomcat.util.threads.ThreadPoolExecutor$Worker.run(ThreadPoolExecutor.java:659)
	at org.apache.tomcat.util.threads.TaskThread$WrappingRunnable.run(TaskThread.java:61)
	at java.lang.Thread.run(Thread.java:748)
Caused by: java.io.IOException: CreateProcess error=2, 系统找不到指定的文件。
	at java.lang.ProcessImpl.create(Native Method)
	at java.lang.ProcessImpl.<init>(ProcessImpl.java:444)
	at java.lang.ProcessImpl.start(ProcessImpl.java:140)
	at java.lang.ProcessBuilder.start(ProcessBuilder.java:1029)
	... 17 common frames omitted
2022-03-14 10:12:29,742 [http-nio-8080-exec-3] ERROR -[WebSocketController.java:35]- DeefakeDetection Error!
java.io.IOException: Cannot run program "tail": CreateProcess error=2, 系统找不到指定的文件。
	at java.lang.ProcessBuilder.start(ProcessBuilder.java:1048)
	at java.lang.Runtime.exec(Runtime.java:621)
	at java.lang.Runtime.exec(Runtime.java:486)
	at com.pharaoh.deepfake.controller.WebSocketController.onOpen(WebSocketController.java:30)
	at sun.reflect.NativeMethodAccessorImpl.invoke0(Native Method)
	at sun.reflect.NativeMethodAccessorImpl.invoke(NativeMethodAccessorImpl.java:62)
	at sun.reflect.DelegatingMethodAccessorImpl.invoke(DelegatingMethodAccessorImpl.java:43)
	at java.lang.reflect.Method.invoke(Method.java:498)
	at org.apache.tomcat.websocket.pojo.PojoEndpointBase.doOnOpen(PojoEndpointBase.java:69)
	at org.apache.tomcat.websocket.pojo.PojoEndpointServer.onOpen(PojoEndpointServer.java:48)
	at org.apache.tomcat.websocket.server.WsHttpUpgradeHandler.init(WsHttpUpgradeHandler.java:135)
	at org.apache.coyote.AbstractProtocol$ConnectionHandler.process(AbstractProtocol.java:940)
	at org.apache.tomcat.util.net.NioEndpoint$SocketProcessor.doRun(NioEndpoint.java:1726)
	at org.apache.tomcat.util.net.SocketProcessorBase.run(SocketProcessorBase.java:49)
	at org.apache.tomcat.util.threads.ThreadPoolExecutor.runWorker(ThreadPoolExecutor.java:1191)
	at org.apache.tomcat.util.threads.ThreadPoolExecutor$Worker.run(ThreadPoolExecutor.java:659)
	at org.apache.tomcat.util.threads.TaskThread$WrappingRunnable.run(TaskThread.java:61)
	at java.lang.Thread.run(Thread.java:748)
Caused by: java.io.IOException: CreateProcess error=2, 系统找不到指定的文件。
	at java.lang.ProcessImpl.create(Native Method)
	at java.lang.ProcessImpl.<init>(ProcessImpl.java:444)
	at java.lang.ProcessImpl.start(ProcessImpl.java:140)
	at java.lang.ProcessBuilder.start(ProcessBuilder.java:1029)
	... 17 common frames omitted
2022-03-14 10:12:31,235 [http-nio-8080-exec-4] ERROR -[WebSocketController.java:35]- DeefakeDetection Error!
java.io.IOException: Cannot run program "tail": CreateProcess error=2, 系统找不到指定的文件。
	at java.lang.ProcessBuilder.start(ProcessBuilder.java:1048)
	at java.lang.Runtime.exec(Runtime.java:621)
	at java.lang.Runtime.exec(Runtime.java:486)
	at com.pharaoh.deepfake.controller.WebSocketController.onOpen(WebSocketController.java:30)
	at sun.reflect.NativeMethodAccessorImpl.invoke0(Native Method)
	at sun.reflect.NativeMethodAccessorImpl.invoke(NativeMethodAccessorImpl.java:62)
	at sun.reflect.DelegatingMethodAccessorImpl.invoke(DelegatingMethodAccessorImpl.java:43)
	at java.lang.reflect.Method.invoke(Method.java:498)
	at org.apache.tomcat.websocket.pojo.PojoEndpointBase.doOnOpen(PojoEndpointBase.java:69)
	at org.apache.tomcat.websocket.pojo.PojoEndpointServer.onOpen(PojoEndpointServer.java:48)
	at org.apache.tomcat.websocket.server.WsHttpUpgradeHandler.init(WsHttpUpgradeHandler.java:135)
	at org.apache.coyote.AbstractProtocol$ConnectionHandler.process(AbstractProtocol.java:940)
	at org.apache.tomcat.util.net.NioEndpoint$SocketProcessor.doRun(NioEndpoint.java:1726)
	at org.apache.tomcat.util.net.SocketProcessorBase.run(SocketProcessorBase.java:49)
	at org.apache.tomcat.util.threads.ThreadPoolExecutor.runWorker(ThreadPoolExecutor.java:1191)
	at org.apache.tomcat.util.threads.ThreadPoolExecutor$Worker.run(ThreadPoolExecutor.java:659)
	at org.apache.tomcat.util.threads.TaskThread$WrappingRunnable.run(TaskThread.java:61)
	at java.lang.Thread.run(Thread.java:748)
Caused by: java.io.IOException: CreateProcess error=2, 系统找不到指定的文件。
	at java.lang.ProcessImpl.create(Native Method)
	at java.lang.ProcessImpl.<init>(ProcessImpl.java:444)
	at java.lang.ProcessImpl.start(ProcessImpl.java:140)
	at java.lang.ProcessBuilder.start(ProcessBuilder.java:1029)
	... 17 common frames omitted
